Information: Scenario funccts_wst either not exists or is inactive. report_constraint will skip it. (UID-1059)
Information: Updating graph... (UID-83)

************************************************************
SI options:
Delta Delay Computation:           true
Static Noise Computation:          true
Timing window analysis for SI:     false
Min Delta Delay for SI:            true
Analysis Effort:                   medium
Max Transition Mode:               normal_slew
Static Noise Thresholds:           0.35 (0.38V) above low
                                   0.35 (0.38V) below high
Route xtalk prevention:            true
Route xtalk prevention threshold:  0.25
************************************************************

Information: Updating design information... (UID-85)

************************************************************
SI options:
Delta Delay Computation:           true
Static Noise Computation:          true
Timing window analysis for SI:     false
Min Delta Delay for SI:            true
Analysis Effort:                   medium
Max Transition Mode:               normal_slew
Static Noise Thresholds:           0.35 (0.38V) above low
                                   0.35 (0.38V) below high
Route xtalk prevention:            true
Route xtalk prevention threshold:  0.25
************************************************************

 
****************************************
Report : constraint
        -all_violators
Design : khu_sensor_pad
Scenario(s): func1_wst func1_bst funccts_wst
Version: N-2017.09
Date   : Thu Nov 19 20:53:33 2020
****************************************

	Scenario            : func1_wst
	Parasitic source    : LPE
	Parasitic mode      : RealRC
	Extraction mode     : MIN_MAX
	Extraction derating : 125/125
	Scenario            : func1_bst
	Parasitic source    : LPE
	Parasitic mode      : RealRC
	Extraction mode     : MIN_MAX
	Extraction derating : -40/-40

   min_delay/hold ('**clock_gating_default**' group)

                             Required        Actual
   Endpoint                 Path Delay     Path Delay        Slack             Scenario
   -----------------------------------------------------------------
   khu_sensor_top/ads1292_filter/iir_lpf/add/clk_gate_z_reg_0/latch/E   0.9274   0.9124 r  -0.0150 (VIOLATED) func1_bst
   khu_sensor_top/ads1292_filter/iir_lpf/mult_2/clk_gate_b_s_reg/latch/E   0.9561   0.9532 f  -0.0028 (VIOLATED) func1_bst


   min_delay/hold ('clk' group)

                             Required        Actual
   Endpoint                 Path Delay     Path Delay        Slack             Scenario
   -----------------------------------------------------------------
   khu_sensor_top/divider_by_2/o_CLK_DIV_2_reg/D   0.8935   0.8303 f  -0.0633 (VIOLATED) func1_bst
   khu_sensor_top/ads1292_filter/iir_hpf/add/b_reg_14_/D   0.9218   0.8867 f  -0.0351 (VIOLATED) func1_bst
   khu_sensor_top/ads1292_controller/o_ADS1292_DATA_OUT_reg_21_/D   0.9217   0.8875 f  -0.0342 (VIOLATED) func1_bst
   khu_sensor_top/ads1292_controller/o_ADS1292_DATA_OUT_reg_17_/D   0.9217   0.8877 f  -0.0340 (VIOLATED) func1_bst
   khu_sensor_top/ads1292_controller/o_ADS1292_DATA_OUT_reg_16_/D   0.9216   0.8884 f  -0.0332 (VIOLATED) func1_bst
   khu_sensor_top/ads1292_controller/o_ADS1292_DATA_OUT_reg_18_/D   0.9216   0.8886 f  -0.0330 (VIOLATED) func1_bst
   khu_sensor_top/ads1292_controller/o_ADS1292_DATA_OUT_reg_19_/D   0.9215   0.8889 f  -0.0326 (VIOLATED) func1_bst
   khu_sensor_top/ads1292_filter/iir_hpf/add/a_reg_2_/D   0.9213   0.8908 f  -0.0305 (VIOLATED) func1_bst
   khu_sensor_top/ads1292_filter/iir_hpf/add/b_reg_31_/D   0.9212   0.8914 f  -0.0298 (VIOLATED) func1_bst
   khu_sensor_top/ads1292_controller/o_ADS1292_DATA_OUT_reg_23_/D   0.9211   0.8920 f  -0.0291 (VIOLATED) func1_bst
   khu_sensor_top/ads1292_filter/iir_hpf/add/b_reg_20_/D   0.9211   0.8921 f  -0.0290 (VIOLATED) func1_bst
   khu_sensor_top/ads1292_filter/iir_notch/mult_2/a_reg_24_/D   0.9210   0.8925 f  -0.0285 (VIOLATED) func1_bst
   khu_sensor_top/ads1292_controller/o_ADS1292_DATA_OUT_reg_14_/D   0.9209   0.8924 f  -0.0285 (VIOLATED) func1_bst
   khu_sensor_top/ads1292_filter/iir_hpf/add/b_reg_6_/D   0.9210   0.8928 f  -0.0282 (VIOLATED) func1_bst
   khu_sensor_top/ads1292_filter/iir_hpf/add/a_reg_4_/D   0.9210   0.8929 f  -0.0280 (VIOLATED) func1_bst
   khu_sensor_top/ads1292_filter/iir_notch/mult_2/b_reg_6_/D   0.9209   0.8934 f  -0.0275 (VIOLATED) func1_bst
   khu_sensor_top/ads1292_filter/iir_hpf/add/a_reg_22_/D   0.9209   0.8936 f  -0.0273 (VIOLATED) func1_bst
   khu_sensor_top/ads1292_filter/iir_hpf/add/a_reg_19_/D   0.9208   0.8939 f  -0.0269 (VIOLATED) func1_bst
   khu_sensor_top/ads1292_controller/o_ADS1292_DATA_OUT_reg_0_/D   0.9208   0.8939 f  -0.0269 (VIOLATED) func1_bst
   khu_sensor_top/ads1292_controller/o_ADS1292_DATA_OUT_reg_20_/D   0.9208   0.8942 f  -0.0266 (VIOLATED) func1_bst
   khu_sensor_top/ads1292_controller/o_ADS1292_DATA_OUT_reg_6_/D   0.9208   0.8943 f  -0.0265 (VIOLATED) func1_bst
   khu_sensor_top/ads1292_filter/iir_hpf/add/b_reg_25_/D   0.9208   0.8944 f  -0.0263 (VIOLATED) func1_bst
   khu_sensor_top/ads1292_controller/o_ADS1292_DATA_OUT_reg_22_/D   0.9207   0.8946 f  -0.0262 (VIOLATED) func1_bst
   khu_sensor_top/ads1292_filter/iir_hpf/add/a_reg_18_/D   0.9207   0.8949 f  -0.0258 (VIOLATED) func1_bst
   khu_sensor_top/ads1292_filter/iir_hpf/add/b_reg_21_/D   0.9206   0.8953 f  -0.0253 (VIOLATED) func1_bst
   khu_sensor_top/ads1292_filter/iir_hpf/add/b_reg_18_/D   0.9205   0.8955 f  -0.0250 (VIOLATED) func1_bst
   khu_sensor_top/ads1292_filter/iir_hpf/add/a_reg_28_/D   0.9205   0.8957 f  -0.0248 (VIOLATED) func1_bst
   khu_sensor_top/ads1292_filter/iir_hpf/add/b_reg_19_/D   0.9205   0.8960 f  -0.0245 (VIOLATED) func1_bst
   khu_sensor_top/ads1292_filter/iir_hpf/add/a_reg_3_/D   0.9205   0.8961 f  -0.0244 (VIOLATED) func1_bst
   khu_sensor_top/ads1292_controller/o_ADS1292_DATA_OUT_reg_3_/D   0.9204   0.8963 f  -0.0242 (VIOLATED) func1_bst
   khu_sensor_top/ads1292_filter/iir_hpf/add/a_reg_14_/D   0.9202   0.8961 f  -0.0241 (VIOLATED) func1_bst
   khu_sensor_top/ads1292_filter/iir_hpf/add/b_reg_16_/D   0.9204   0.8965 f  -0.0239 (VIOLATED) func1_bst
   khu_sensor_top/ads1292_filter/iir_notch/mult_2/b_reg_22_/D   0.9202   0.8974 f  -0.0229 (VIOLATED) func1_bst
   khu_sensor_top/ads1292_filter/iir_hpf/add/b_reg_17_/D   0.9202   0.8974 f  -0.0228 (VIOLATED) func1_bst
   khu_sensor_top/ads1292_filter/iir_hpf/add/b_reg_1_/D   0.9202   0.8975 f  -0.0228 (VIOLATED) func1_bst
   khu_sensor_top/ads1292_filter/iir_notch/mult_2/b_reg_17_/D   0.9202   0.8975 f  -0.0228 (VIOLATED) func1_bst
   khu_sensor_top/ads1292_filter/iir_lpf/mult_2/b_reg_12_/D   0.9202   0.8975 f  -0.0227 (VIOLATED) func1_bst
   khu_sensor_top/ads1292_controller/o_ADS1292_DATA_OUT_reg_9_/D   0.9202   0.8976 f  -0.0226 (VIOLATED) func1_bst
   khu_sensor_top/ads1292_controller/o_ADS1292_DATA_OUT_reg_2_/D   0.9202   0.8977 f  -0.0225 (VIOLATED) func1_bst
   khu_sensor_top/ads1292_filter/iir_hpf/add/a_reg_23_/D   0.9202   0.8977 f  -0.0225 (VIOLATED) func1_bst
   khu_sensor_top/ads1292_filter/iir_lpf/mult_2/b_reg_30_/D   0.9202   0.8978 f  -0.0224 (VIOLATED) func1_bst
   khu_sensor_top/ads1292_filter/iir_lpf/mult_2/b_reg_23_/D   0.9202   0.8979 f  -0.0223 (VIOLATED) func1_bst
   khu_sensor_top/ads1292_controller/o_ADS1292_DATA_OUT_reg_15_/D   0.9201   0.8982 f  -0.0219 (VIOLATED) func1_bst
   khu_sensor_top/ads1292_controller/o_ADS1292_DATA_OUT_reg_13_/D   0.9201   0.8983 f  -0.0218 (VIOLATED) func1_bst
   khu_sensor_top/ads1292_controller/o_ADS1292_DATA_OUT_reg_8_/D   0.9201   0.8985 f  -0.0216 (VIOLATED) func1_bst
   khu_sensor_top/ads1292_filter/iir_hpf/add/b_reg_8_/D   0.9201   0.8986 f  -0.0215 (VIOLATED) func1_bst
   khu_sensor_top/ads1292_filter/iir_hpf/add/a_reg_7_/D   0.9200   0.8988 f  -0.0212 (VIOLATED) func1_bst
   khu_sensor_top/ads1292_filter/iir_hpf/add/a_reg_11_/D   0.9200   0.8988 f  -0.0212 (VIOLATED) func1_bst
   khu_sensor_top/ads1292_filter/iir_lpf/mult_2/b_reg_18_/D   0.9200   0.8989 f  -0.0211 (VIOLATED) func1_bst
   khu_sensor_top/ads1292_filter/iir_lpf/mult_2/b_reg_14_/D   0.9199   0.8992 f  -0.0207 (VIOLATED) func1_bst
   khu_sensor_top/ads1292_filter/iir_hpf/add/a_reg_6_/D   0.9190   0.8984 f  -0.0207 (VIOLATED) func1_bst
   khu_sensor_top/ads1292_filter/iir_hpf/add/b_reg_12_/D   0.9199   0.8993 f  -0.0206 (VIOLATED) func1_bst
   khu_sensor_top/ads1292_filter/iir_notch/mult_2/b_reg_8_/D   0.9198   0.8995 f  -0.0204 (VIOLATED) func1_bst
   khu_sensor_top/ads1292_filter/iir_hpf/add/b_reg_30_/D   0.9198   0.8997 f  -0.0201 (VIOLATED) func1_bst
   khu_sensor_top/ads1292_controller/o_ADS1292_DATA_OUT_reg_1_/D   0.9198   0.8999 f  -0.0200 (VIOLATED) func1_bst
   khu_sensor_top/ads1292_filter/iir_notch/mult_2/b_reg_31_/D   0.9198   0.9001 f  -0.0197 (VIOLATED) func1_bst
   khu_sensor_top/ads1292_filter/iir_lpf/mult_2/b_reg_15_/D   0.9197   0.9001 f  -0.0196 (VIOLATED) func1_bst
   khu_sensor_top/ads1292_filter/iir_hpf/add/a_reg_31_/D   0.9198   0.9002 f  -0.0196 (VIOLATED) func1_bst
   khu_sensor_top/ads1292_controller/o_ADS1292_DATA_OUT_reg_4_/D   0.9198   0.9002 f  -0.0195 (VIOLATED) func1_bst
   khu_sensor_top/ads1292_filter/iir_hpf/add/b_reg_24_/D   0.9197   0.9002 f  -0.0195 (VIOLATED) func1_bst
   khu_sensor_top/ads1292_filter/iir_hpf/add/b_reg_7_/D   0.9197   0.9005 f  -0.0192 (VIOLATED) func1_bst
   khu_sensor_top/ads1292_filter/iir_hpf/add/b_reg_9_/D   0.9197   0.9006 f  -0.0191 (VIOLATED) func1_bst
   khu_sensor_top/ads1292_filter/iir_notch/r_y_data_reg_89_/D   0.9085   0.8894 f  -0.0190 (VIOLATED) func1_bst
   khu_sensor_top/ads1292_filter/iir_hpf/add/a_reg_10_/D   0.9197   0.9007 f  -0.0190 (VIOLATED) func1_bst
   khu_sensor_top/ads1292_filter/iir_notch/r_x_data_reg_122_/D   0.9084   0.8895 f  -0.0189 (VIOLATED) func1_bst
   khu_sensor_top/ads1292_filter/iir_lpf/mult_2/b_reg_3_/D   0.9197   0.9008 f  -0.0189 (VIOLATED) func1_bst
   khu_sensor_top/ads1292_filter/iir_notch/mult_2/b_reg_7_/D   0.9196   0.9010 f  -0.0186 (VIOLATED) func1_bst
   khu_sensor_top/ads1292_filter/iir_hpf/mult/b_reg_24_/D   0.9196   0.9011 f  -0.0186 (VIOLATED) func1_bst
   khu_sensor_top/ads1292_controller/o_ADS1292_DATA_OUT_reg_7_/D   0.9196   0.9011 f  -0.0185 (VIOLATED) func1_bst
   khu_sensor_top/ads1292_filter/iir_lpf/add/a_reg_3_/D   0.9196   0.9012 f  -0.0184 (VIOLATED) func1_bst
   khu_sensor_top/ads1292_filter/iir_hpf/add/b_reg_3_/D   0.9196   0.9012 f  -0.0184 (VIOLATED) func1_bst
   khu_sensor_top/ads1292_filter/iir_notch/r_x_data_reg_11_/D   0.9084   0.8901 f  -0.0183 (VIOLATED) func1_bst
   khu_sensor_top/ads1292_filter/iir_notch/r_y_data_reg_96_/D   0.9084   0.8902 f  -0.0182 (VIOLATED) func1_bst
   khu_sensor_top/ads1292_filter/iir_notch/r_y_data_reg_68_/D   0.9084   0.8903 f  -0.0181 (VIOLATED) func1_bst
   khu_sensor_top/ads1292_filter/iir_notch/r_y_data_reg_36_/D   0.9083   0.8904 f  -0.0179 (VIOLATED) func1_bst
   khu_sensor_top/ads1292_filter/iir_notch/r_y_data_reg_94_/D   0.9083   0.8904 f  -0.0179 (VIOLATED) func1_bst
   khu_sensor_top/ads1292_filter/iir_notch/r_x_data_reg_120_/D   0.9083   0.8905 f  -0.0178 (VIOLATED) func1_bst
   khu_sensor_top/ads1292_filter/iir_notch/mult_2/b_reg_14_/D   0.9195   0.9019 f  -0.0176 (VIOLATED) func1_bst
   khu_sensor_top/ads1292_filter/iir_hpf/add/a_reg_9_/D   0.9195   0.9019 f  -0.0175 (VIOLATED) func1_bst
   khu_sensor_top/ads1292_filter/iir_lpf/mult_2/b_reg_13_/D   0.9195   0.9020 f  -0.0174 (VIOLATED) func1_bst
   khu_sensor_top/ads1292_filter/iir_notch/r_y_data_reg_107_/D   0.9083   0.8910 f  -0.0172 (VIOLATED) func1_bst
   khu_sensor_top/ads1292_filter/iir_lpf/add/b_reg_7_/D   0.9193   0.9022 f  -0.0171 (VIOLATED) func1_bst
   khu_sensor_top/ads1292_filter/iir_notch/mult_2/b_reg_9_/D   0.9194   0.9024 f  -0.0170 (VIOLATED) func1_bst
   khu_sensor_top/ads1292_filter/iir_hpf/add/a_reg_21_/D   0.9194   0.9025 f  -0.0169 (VIOLATED) func1_bst
   khu_sensor_top/ads1292_filter/iir_hpf/add/b_reg_11_/D   0.9193   0.9024 f  -0.0169 (VIOLATED) func1_bst
   khu_sensor_top/ads1292_filter/iir_hpf/add/b_reg_4_/D   0.9193   0.9025 f  -0.0169 (VIOLATED) func1_bst
   khu_sensor_top/ads1292_filter/iir_notch/mult_2/b_reg_24_/D   0.9193   0.9025 f  -0.0168 (VIOLATED) func1_bst
   khu_sensor_top/ads1292_filter/iir_hpf/mult/b_reg_13_/D   0.9194   0.9026 f  -0.0167 (VIOLATED) func1_bst
   khu_sensor_top/ads1292_filter/iir_lpf/add/b_reg_0_/D   0.9194   0.9027 f  -0.0167 (VIOLATED) func1_bst
   khu_sensor_top/ads1292_filter/iir_lpf/add/b_reg_5_/D   0.9194   0.9027 f  -0.0166 (VIOLATED) func1_bst
   khu_sensor_top/ads1292_filter/converter_f2i/o_Z_reg_13_/D   0.9082   0.8916 f  -0.0166 (VIOLATED) func1_bst
   khu_sensor_top/ads1292_filter/iir_notch/r_y_data_reg_91_/D   0.9082   0.8916 f  -0.0166 (VIOLATED) func1_bst
   khu_sensor_top/ads1292_controller/r_clk_counter_reg_0_/D   0.9118   0.8953 f  -0.0165 (VIOLATED) func1_bst
   khu_sensor_top/ads1292_controller/o_ADS1292_DATA_OUT_reg_11_/D   0.9193   0.9029 f  -0.0164 (VIOLATED) func1_bst
   khu_sensor_top/ads1292_filter/iir_notch/r_y_data_reg_72_/D   0.9081   0.8917 f  -0.0164 (VIOLATED) func1_bst
   khu_sensor_top/ads1292_filter/iir_notch/add_2/b_m_reg_1_/D   0.8943   0.8780 f  -0.0163 (VIOLATED) func1_bst
   khu_sensor_top/ads1292_filter/iir_hpf/mult/b_reg_5_/D   0.9192   0.9029 f  -0.0162 (VIOLATED) func1_bst
   khu_sensor_top/ads1292_filter/iir_hpf/add/a_reg_25_/D   0.9193   0.9031 f  -0.0162 (VIOLATED) func1_bst
   khu_sensor_top/ads1292_filter/iir_notch/r_y_data_reg_92_/D   0.9082   0.8920 f  -0.0162 (VIOLATED) func1_bst
   khu_sensor_top/ads1292_filter/iir_hpf/add/a_reg_1_/D   0.9193   0.9031 f  -0.0161 (VIOLATED) func1_bst
   khu_sensor_top/ads1292_filter/iir_lpf/mult_2/b_reg_9_/D   0.9193   0.9032 f  -0.0161 (VIOLATED) func1_bst
   khu_sensor_top/ads1292_filter/iir_hpf/add/b_reg_2_/D   0.9193   0.9032 f  -0.0161 (VIOLATED) func1_bst
   khu_sensor_top/ads1292_filter/iir_notch/r_y_data_reg_66_/D   0.9081   0.8921 f  -0.0160 (VIOLATED) func1_bst
   khu_sensor_top/ads1292_filter/iir_notch/r_y_data_reg_71_/D   0.9081   0.8922 f  -0.0159 (VIOLATED) func1_bst
   khu_sensor_top/ads1292_filter/iir_lpf/r_y_data_reg_58_/D   0.9081   0.8922 f  -0.0159 (VIOLATED) func1_bst
   khu_sensor_top/ads1292_filter/iir_notch/r_y_data_reg_93_/D   0.9081   0.8923 f  -0.0157 (VIOLATED) func1_bst
   khu_sensor_top/ads1292_filter/iir_notch/r_x_data_reg_124_/D   0.9081   0.8924 f  -0.0157 (VIOLATED) func1_bst
   khu_sensor_top/ads1292_controller/r_ads_data_out_reg_22_/D   0.9080   0.8924 f  -0.0156 (VIOLATED) func1_bst
   khu_sensor_top/ads1292_filter/iir_hpf/add/b_reg_0_/D   0.9192   0.9036 f  -0.0156 (VIOLATED) func1_bst
   khu_sensor_top/ads1292_filter/iir_lpf/mult_2/b_reg_31_/D   0.9192   0.9036 f  -0.0155 (VIOLATED) func1_bst
   khu_sensor_top/ads1292_filter/iir_lpf/add/a_reg_0_/D   0.9192   0.9038 f  -0.0154 (VIOLATED) func1_bst
   khu_sensor_top/ads1292_filter/iir_hpf/add/b_reg_10_/D   0.9192   0.9038 f  -0.0154 (VIOLATED) func1_bst
   khu_sensor_top/ads1292_filter/iir_notch/r_y_data_reg_104_/D   0.9080   0.8929 f  -0.0151 (VIOLATED) func1_bst
   khu_sensor_top/ads1292_filter/iir_notch/mult_1/z_reg_16_/D   0.9204   0.9055 f  -0.0150 (VIOLATED) func1_bst
   khu_sensor_top/ads1292_filter/iir_notch/mult_2/b_reg_0_/D   0.9191   0.9042 f  -0.0149 (VIOLATED) func1_bst
   khu_sensor_top/ads1292_filter/iir_hpf/mult/b_reg_23_/D   0.9191   0.9042 f  -0.0149 (VIOLATED) func1_bst
   khu_sensor_top/ads1292_filter/iir_notch/r_y_data_reg_87_/D   0.9080   0.8931 f  -0.0149 (VIOLATED) func1_bst
   khu_sensor_top/ads1292_filter/iir_notch/r_y_data_reg_99_/D   0.9080   0.8932 f  -0.0148 (VIOLATED) func1_bst
   khu_sensor_top/ads1292_filter/iir_notch/r_y_data_reg_108_/D   0.9080   0.8933 f  -0.0146 (VIOLATED) func1_bst
   khu_sensor_top/ads1292_filter/iir_notch/r_x_data_reg_141_/D   0.9079   0.8933 f  -0.0146 (VIOLATED) func1_bst
   khu_sensor_top/ads1292_filter/iir_notch/r_y_data_reg_88_/D   0.9080   0.8935 f  -0.0145 (VIOLATED) func1_bst
   khu_sensor_top/ads1292_filter/iir_lpf/r_y_data_reg_54_/D   0.9080   0.8935 f  -0.0145 (VIOLATED) func1_bst
   khu_sensor_top/ads1292_filter/iir_notch/r_x_data_reg_126_/D   0.9080   0.8935 f  -0.0144 (VIOLATED) func1_bst
   khu_sensor_top/ads1292_filter/iir_notch/mult_1/z_reg_20_/D   0.9201   0.9058 f  -0.0143 (VIOLATED) func1_bst
   khu_sensor_top/ads1292_filter/iir_hpf/mult/b_reg_10_/D   0.9189   0.9046 f  -0.0143 (VIOLATED) func1_bst
   khu_sensor_top/ads1292_filter/converter_f2i/o_Z_reg_20_/D   0.9080   0.8937 f  -0.0143 (VIOLATED) func1_bst
   khu_sensor_top/ads1292_filter/iir_notch/r_x_data_reg_74_/D   0.9079   0.8937 f  -0.0142 (VIOLATED) func1_bst
   khu_sensor_top/ads1292_filter/iir_hpf/add/a_reg_5_/D   0.9189   0.9048 f  -0.0142 (VIOLATED) func1_bst
   khu_sensor_top/ads1292_filter/iir_notch/mult_2/b_reg_29_/D   0.9189   0.9048 f  -0.0141 (VIOLATED) func1_bst
   khu_sensor_top/ads1292_filter/iir_lpf/mult_2/b_reg_22_/D   0.9190   0.9049 f  -0.0141 (VIOLATED) func1_bst
   khu_sensor_top/ads1292_controller/r_ads_data_out_reg_8_/D   0.9079   0.8939 f  -0.0140 (VIOLATED) func1_bst
   khu_sensor_top/ads1292_filter/iir_hpf/add/a_reg_0_/D   0.9190   0.9051 f  -0.0138 (VIOLATED) func1_bst
   khu_sensor_top/ads1292_filter/iir_notch/mult_1/z_reg_12_/D   0.9203   0.9066 f  -0.0137 (VIOLATED) func1_bst
   khu_sensor_top/ads1292_filter/converter_f2i/o_Z_reg_22_/D   0.9079   0.8942 f  -0.0137 (VIOLATED) func1_bst
   khu_sensor_top/ads1292_filter/iir_notch/r_x_data_reg_13_/D   0.9079   0.8942 f  -0.0137 (VIOLATED) func1_bst
   khu_sensor_top/ads1292_controller/r_ads_data_out_reg_14_/D   0.9079   0.8943 f  -0.0136 (VIOLATED) func1_bst
   khu_sensor_top/ads1292_controller/o_ADS1292_DATA_OUT_reg_5_/D   0.9189   0.9054 f  -0.0135 (VIOLATED) func1_bst
   khu_sensor_top/ads1292_filter/iir_lpf/mult_2/b_reg_17_/D   0.9189   0.9054 f  -0.0135 (VIOLATED) func1_bst
   khu_sensor_top/ads1292_filter/iir_notch/r_y_data_reg_103_/D   0.9078   0.8945 f  -0.0134 (VIOLATED) func1_bst
   khu_sensor_top/ads1292_filter/iir_lpf/add/b_reg_16_/D   0.9189   0.9056 f  -0.0132 (VIOLATED) func1_bst
   khu_sensor_top/ads1292_filter/iir_notch/r_y_data_reg_109_/D   0.9078   0.8948 f  -0.0130 (VIOLATED) func1_bst
   khu_sensor_top/ads1292_filter/iir_lpf/add/b_reg_18_/D   0.9189   0.9059 f  -0.0130 (VIOLATED) func1_bst
   khu_sensor_top/ads1292_filter/iir_hpf/r_x_data_reg_63_/D   0.9078   0.8948 f  -0.0129 (VIOLATED) func1_bst
   khu_sensor_top/ads1292_filter/iir_notch/r_y_data_reg_112_/D   0.9078   0.8950 f  -0.0128 (VIOLATED) func1_bst
   khu_sensor_top/ads1292_filter/iir_notch/r_y_data_reg_90_/D   0.9078   0.8950 f  -0.0127 (VIOLATED) func1_bst
   khu_sensor_top/ads1292_filter/iir_lpf/add/a_reg_4_/D   0.9188   0.9061 f  -0.0127 (VIOLATED) func1_bst
   khu_sensor_top/ads1292_filter/iir_notch/r_y_data_reg_70_/D   0.9078   0.8951 f  -0.0127 (VIOLATED) func1_bst
   khu_sensor_top/ads1292_filter/iir_notch/r_y_data_reg_74_/D   0.9077   0.8951 f  -0.0126 (VIOLATED) func1_bst
   khu_sensor_top/ads1292_filter/iir_lpf/add/a_reg_2_/D   0.9162   0.9036 f  -0.0126 (VIOLATED) func1_bst
   khu_sensor_top/ads1292_filter/iir_lpf/r_y_data_reg_33_/D   0.9077   0.8951 f  -0.0126 (VIOLATED) func1_bst
   khu_sensor_top/ads1292_filter/iir_notch/r_x_data_reg_127_/D   0.9077   0.8952 f  -0.0125 (VIOLATED) func1_bst
   khu_sensor_top/ads1292_filter/iir_notch/r_y_data_reg_69_/D   0.9077   0.8952 f  -0.0125 (VIOLATED) func1_bst
   khu_sensor_top/ads1292_filter/iir_lpf/r_y_data_reg_62_/D   0.9077   0.8953 f  -0.0124 (VIOLATED) func1_bst
   khu_sensor_top/ads1292_filter/iir_notch/r_y_data_reg_97_/D   0.9077   0.8954 f  -0.0123 (VIOLATED) func1_bst
   khu_sensor_top/ads1292_filter/iir_notch/r_y_data_reg_100_/D   0.9076   0.8953 f  -0.0123 (VIOLATED) func1_bst
   khu_sensor_top/ads1292_filter/iir_notch/r_y_data_reg_111_/D   0.9077   0.8956 f  -0.0121 (VIOLATED) func1_bst
   khu_sensor_top/ads1292_filter/iir_notch/r_y_data_reg_67_/D   0.9077   0.8956 f  -0.0121 (VIOLATED) func1_bst
   khu_sensor_top/ads1292_filter/iir_lpf/add/b_reg_13_/D   0.9187   0.9066 f  -0.0121 (VIOLATED) func1_bst
   khu_sensor_top/ads1292_filter/iir_notch/r_y_data_reg_123_/D   0.9077   0.8956 f  -0.0121 (VIOLATED) func1_bst
   khu_sensor_top/ads1292_filter/iir_lpf/mult_2/b_reg_21_/D   0.9186   0.9066 f  -0.0121 (VIOLATED) func1_bst
   khu_sensor_top/ads1292_filter/iir_notch/r_y_data_reg_114_/D   0.9077   0.8957 f  -0.0119 (VIOLATED) func1_bst
   khu_sensor_top/ads1292_filter/iir_lpf/add/b_reg_8_/D   0.9187   0.9068 f  -0.0119 (VIOLATED) func1_bst
   khu_sensor_top/ads1292_filter/iir_hpf/add/a_reg_29_/D   0.9186   0.9068 f  -0.0118 (VIOLATED) func1_bst
   khu_sensor_top/ads1292_filter/iir_hpf/mult/b_reg_12_/D   0.9187   0.9069 f  -0.0117 (VIOLATED) func1_bst
   khu_sensor_top/ads1292_filter/iir_lpf/r_y_data_reg_39_/D   0.9076   0.8960 f  -0.0116 (VIOLATED) func1_bst
   khu_sensor_top/ads1292_filter/iir_hpf/add/b_reg_5_/D   0.9186   0.9070 f  -0.0116 (VIOLATED) func1_bst
   khu_sensor_top/ads1292_filter/iir_notch/r_y_data_reg_37_/D   0.9076   0.8960 f  -0.0116 (VIOLATED) func1_bst
   khu_sensor_top/ads1292_filter/iir_notch/r_y_data_reg_125_/D   0.9076   0.8961 f  -0.0115 (VIOLATED) func1_bst
   khu_sensor_top/ads1292_filter/iir_hpf/mult/b_reg_29_/D   0.9186   0.9072 f  -0.0114 (VIOLATED) func1_bst
   khu_sensor_top/ads1292_filter/iir_notch/mult_2/b_reg_28_/D   0.9185   0.9071 f  -0.0114 (VIOLATED) func1_bst
   khu_sensor_top/ads1292_filter/iir_hpf/mult/b_reg_31_/D   0.9186   0.9073 f  -0.0113 (VIOLATED) func1_bst
   khu_sensor_top/ads1292_controller/r_ads_data_out_reg_11_/D   0.9076   0.8963 f  -0.0113 (VIOLATED) func1_bst
   khu_sensor_top/ads1292_filter/iir_notch/r_y_data_reg_118_/D   0.9076   0.8963 f  -0.0112 (VIOLATED) func1_bst
   khu_sensor_top/ads1292_filter/iir_notch/mult_2/a_reg_0_/D   0.9185   0.9074 f  -0.0111 (VIOLATED) func1_bst
   khu_sensor_top/ads1292_filter/iir_lpf/r_y_data_reg_52_/D   0.9075   0.8967 f  -0.0108 (VIOLATED) func1_bst
   khu_sensor_top/ads1292_filter/iir_hpf/add/a_reg_27_/D   0.9185   0.9078 f  -0.0108 (VIOLATED) func1_bst
   khu_sensor_top/ads1292_controller/o_ADS1292_DATA_OUT_reg_12_/D   0.9185   0.9078 f  -0.0107 (VIOLATED) func1_bst
   khu_sensor_top/ads1292_filter/iir_lpf/add/b_reg_11_/D   0.9185   0.9078 f  -0.0107 (VIOLATED) func1_bst
   khu_sensor_top/ads1292_filter/iir_hpf/mult/b_reg_16_/D   0.9183   0.9078 f  -0.0105 (VIOLATED) func1_bst
   khu_sensor_top/ads1292_filter/iir_notch/r_x_data_reg_140_/D   0.9075   0.8970 f  -0.0105 (VIOLATED) func1_bst
   khu_sensor_top/ads1292_filter/iir_hpf/add/a_reg_15_/D   0.9185   0.9080 f  -0.0105 (VIOLATED) func1_bst
   khu_sensor_top/ads1292_filter/iir_lpf/r_y_data_reg_55_/D   0.9075   0.8970 f  -0.0104 (VIOLATED) func1_bst
   khu_sensor_top/ads1292_filter/converter_f2i/o_Z_reg_24_/D   0.9075   0.8971 f  -0.0103 (VIOLATED) func1_bst
   khu_sensor_top/ads1292_filter/iir_lpf/r_y_data_reg_59_/D   0.9074   0.8972 f  -0.0103 (VIOLATED) func1_bst
   khu_sensor_top/ads1292_filter/iir_lpf/r_y_data_reg_57_/D   0.9074   0.8972 f  -0.0103 (VIOLATED) func1_bst
   khu_sensor_top/ads1292_filter/iir_notch/r_y_data_reg_116_/D   0.9074   0.8972 f  -0.0102 (VIOLATED) func1_bst
   khu_sensor_top/ads1292_filter/iir_lpf/add/b_reg_6_/D   0.9184   0.9082 f  -0.0102 (VIOLATED) func1_bst
   khu_sensor_top/ads1292_filter/iir_notch/mult_2/z_reg_21_/D   0.9194   0.9092 f  -0.0102 (VIOLATED) func1_bst
   khu_sensor_top/ads1292_filter/iir_notch/r_x_data_reg_125_/D   0.9074   0.8972 f  -0.0102 (VIOLATED) func1_bst
   khu_sensor_top/ads1292_filter/iir_notch/add_2/b_reg_27_/D   0.9165   0.9063 f  -0.0102 (VIOLATED) func1_bst
   khu_sensor_top/ads1292_filter/iir_hpf/mult/a_m_reg_7_/D   0.9300   0.9198 f  -0.0101 (VIOLATED) func1_bst
   khu_sensor_top/ads1292_filter/iir_lpf/r_y_data_reg_56_/D   0.9074   0.8973 f  -0.0101 (VIOLATED) func1_bst
   khu_sensor_top/ads1292_filter/iir_notch/r_y_data_reg_84_/D   0.9074   0.8973 f  -0.0101 (VIOLATED) func1_bst
   khu_sensor_top/ads1292_controller/r_clk_counter_reg_1_/D   0.9111   0.9011 f  -0.0100 (VIOLATED) func1_bst
   khu_sensor_top/ads1292_filter/iir_lpf/add/b_reg_4_/D   0.9183   0.9084 f  -0.0099 (VIOLATED) func1_bst
   khu_sensor_top/ads1292_filter/iir_notch/r_x_data_reg_134_/D   0.9074   0.8975 f  -0.0098 (VIOLATED) func1_bst
   khu_sensor_top/ads1292_filter/iir_hpf/add/a_reg_26_/D   0.9184   0.9086 f  -0.0098 (VIOLATED) func1_bst
   khu_sensor_top/ads1292_controller/r_ads_data_out_reg_17_/D   0.9074   0.8976 f  -0.0098 (VIOLATED) func1_bst
   khu_sensor_top/ads1292_controller/r_ads_data_out_reg_10_/D   0.9074   0.8977 f  -0.0097 (VIOLATED) func1_bst
   khu_sensor_top/ads1292_filter/iir_hpf/mult/b_reg_25_/D   0.9184   0.9087 f  -0.0097 (VIOLATED) func1_bst
   khu_sensor_top/ads1292_filter/iir_notch/r_y_data_reg_102_/D   0.9073   0.8977 f  -0.0095 (VIOLATED) func1_bst
   khu_sensor_top/ads1292_filter/iir_notch/r_x_data_reg_73_/D   0.9073   0.8979 f  -0.0095 (VIOLATED) func1_bst
   khu_sensor_top/ads1292_filter/converter_f2i/o_Z_reg_14_/D   0.9073   0.8979 f  -0.0094 (VIOLATED) func1_bst
   khu_sensor_top/ads1292_filter/iir_hpf/mult/b_reg_18_/D   0.9183   0.9089 f  -0.0093 (VIOLATED) func1_bst
   khu_sensor_top/ads1292_filter/iir_notch/r_y_data_reg_110_/D   0.9073   0.8982 f  -0.0091 (VIOLATED) func1_bst
   khu_sensor_top/ads1292_filter/iir_notch/r_y_data_reg_126_/D   0.9072   0.8981 f  -0.0091 (VIOLATED) func1_bst
   khu_sensor_top/ads1292_controller/r_ads_data_out_reg_23_/D   0.9073   0.8982 f  -0.0091 (VIOLATED) func1_bst
   khu_sensor_top/ads1292_filter/iir_notch/mult_2/b_reg_5_/D   0.9183   0.9092 f  -0.0091 (VIOLATED) func1_bst
   khu_sensor_top/ads1292_controller/r_ads_data_out_reg_21_/D   0.9073   0.8983 f  -0.0090 (VIOLATED) func1_bst
   khu_sensor_top/ads1292_filter/iir_notch/mult_2/z_reg_7_/D   0.9215   0.9126 f  -0.0090 (VIOLATED) func1_bst
   khu_sensor_top/ads1292_filter/iir_lpf/mult_2/b_reg_16_/D   0.9183   0.9093 f  -0.0090 (VIOLATED) func1_bst
   khu_sensor_top/ads1292_controller/r_ads_data_out_reg_16_/D   0.9073   0.8985 f  -0.0088 (VIOLATED) func1_bst
   khu_sensor_top/ads1292_filter/converter_i2f/o_Z_reg_25_/D   0.9067   0.8980 f  -0.0087 (VIOLATED) func1_bst
   khu_sensor_top/ads1292_filter/iir_notch/r_y_data_reg_106_/D   0.9072   0.8986 f  -0.0087 (VIOLATED) func1_bst
   khu_sensor_top/ads1292_filter/iir_hpf/add/a_reg_17_/D   0.9182   0.9096 f  -0.0086 (VIOLATED) func1_bst
   khu_sensor_top/ads1292_filter/iir_hpf/add/b_reg_26_/D   0.9182   0.9097 f  -0.0085 (VIOLATED) func1_bst
   khu_sensor_top/ads1292_filter/converter_i2f/o_Z_reg_6_/D   0.9067   0.8983 f  -0.0084 (VIOLATED) func1_bst
   khu_sensor_top/ads1292_filter/iir_lpf/mult_2/b_reg_19_/D   0.9182   0.9098 f  -0.0084 (VIOLATED) func1_bst
   khu_sensor_top/ads1292_filter/iir_lpf/r_y_data_reg_63_/D   0.9072   0.8988 f  -0.0083 (VIOLATED) func1_bst
   khu_sensor_top/ads1292_filter/iir_notch/mult_1/z_reg_18_/D   0.9194   0.9111 f  -0.0083 (VIOLATED) func1_bst
   khu_sensor_top/ads1292_filter/iir_notch/r_x_data_reg_83_/D   0.9072   0.8989 f  -0.0082 (VIOLATED) func1_bst
   khu_sensor_top/ads1292_filter/converter_f2i/o_Z_reg_21_/D   0.9071   0.8989 f  -0.0082 (VIOLATED) func1_bst
   khu_sensor_top/ads1292_filter/iir_notch/mult_2/z_reg_5_/D   0.9205   0.9124 f  -0.0081 (VIOLATED) func1_bst
   khu_sensor_top/ads1292_filter/iir_notch/r_y_data_reg_122_/D   0.9072   0.8991 f  -0.0081 (VIOLATED) func1_bst
   khu_sensor_top/ads1292_filter/iir_lpf/r_y_data_reg_35_/D   0.9071   0.8991 f  -0.0080 (VIOLATED) func1_bst
   khu_sensor_top/ads1292_filter/iir_hpf/add/b_reg_15_/D   0.9181   0.9101 f  -0.0080 (VIOLATED) func1_bst
   khu_sensor_top/ads1292_filter/iir_notch/r_y_data_reg_127_/D   0.9072   0.8991 f  -0.0080 (VIOLATED) func1_bst
   khu_sensor_top/ads1292_filter/iir_lpf/add/a_m_reg_2_/RN   0.9004   0.8925 f  -0.0080 (VIOLATED) func1_bst
   khu_sensor_top/ads1292_filter/iir_notch/mult_2/b_reg_13_/D   0.9179   0.9100 f  -0.0079 (VIOLATED) func1_bst
   khu_sensor_top/ads1292_filter/converter_i2f/o_Z_reg_4_/D   0.9067   0.8988 f  -0.0079 (VIOLATED) func1_bst
   khu_sensor_top/mpr121_controller/o_MPR121_DATA_OUT_reg_1_/D   0.9071   0.8993 f  -0.0078 (VIOLATED) func1_bst
   khu_sensor_top/ads1292_filter/iir_hpf/mult/b_reg_15_/D   0.9181   0.9104 f  -0.0077 (VIOLATED) func1_bst
   khu_sensor_top/ads1292_filter/iir_notch/mult_2/z_reg_14_/D   0.9207   0.9130 f  -0.0077 (VIOLATED) func1_bst
   khu_sensor_top/ads1292_filter/iir_notch/add_2/a_reg_27_/D   0.9160   0.9083 f  -0.0077 (VIOLATED) func1_bst
   khu_sensor_top/ads1292_filter/iir_notch/mult_2/b_reg_25_/D   0.9179   0.9103 f  -0.0075 (VIOLATED) func1_bst
   khu_sensor_top/ads1292_filter/iir_lpf/mult_2/b_reg_5_/D   0.9181   0.9105 f  -0.0075 (VIOLATED) func1_bst
   khu_sensor_top/ads1292_filter/iir_notch/r_y_data_reg_119_/D   0.9070   0.8995 f  -0.0075 (VIOLATED) func1_bst
   khu_sensor_top/ads1292_filter/converter_i2f/o_Z_reg_5_/D   0.9066   0.8992 f  -0.0075 (VIOLATED) func1_bst
   khu_sensor_top/ads1292_filter/iir_notch/r_y_data_reg_98_/D   0.9071   0.8997 f  -0.0074 (VIOLATED) func1_bst
   khu_sensor_top/ads1292_filter/iir_hpf/mult/b_reg_9_/D   0.9180   0.9107 f  -0.0073 (VIOLATED) func1_bst
   khu_sensor_top/ads1292_filter/iir_lpf/add/b_reg_17_/D   0.9180   0.9107 f  -0.0073 (VIOLATED) func1_bst
   khu_sensor_top/ads1292_filter/iir_lpf/mult_2/b_reg_11_/D   0.9180   0.9107 f  -0.0072 (VIOLATED) func1_bst
   khu_sensor_top/ads1292_filter/iir_notch/r_x_data_reg_112_/D   0.9070   0.8998 f  -0.0072 (VIOLATED) func1_bst
   khu_sensor_top/ads1292_filter/iir_notch/r_y_data_reg_113_/D   0.9070   0.8998 f  -0.0072 (VIOLATED) func1_bst
   khu_sensor_top/ads1292_filter/iir_notch/mult_2/b_reg_18_/D   0.9180   0.9108 f  -0.0072 (VIOLATED) func1_bst
   khu_sensor_top/ads1292_controller/r_ads_data_out_reg_9_/D   0.9071   0.8999 f  -0.0072 (VIOLATED) func1_bst
   khu_sensor_top/ads1292_filter/iir_hpf/mult/b_reg_3_/D   0.9180   0.9109 f  -0.0071 (VIOLATED) func1_bst
   khu_sensor_top/ads1292_filter/iir_lpf/add/b_reg_10_/D   0.9179   0.9109 f  -0.0070 (VIOLATED) func1_bst
   khu_sensor_top/ads1292_filter/iir_lpf/mult_2/b_reg_20_/D   0.9180   0.9110 f  -0.0070 (VIOLATED) func1_bst
   khu_sensor_top/ads1292_filter/iir_lpf/add/a_reg_11_/D   0.9180   0.9110 f  -0.0069 (VIOLATED) func1_bst
   khu_sensor_top/ads1292_filter/iir_notch/r_y_data_reg_101_/D   0.9070   0.9001 f  -0.0069 (VIOLATED) func1_bst
   khu_sensor_top/ads1292_filter/iir_lpf/add/b_reg_1_/D   0.9180   0.9111 f  -0.0068 (VIOLATED) func1_bst
   khu_sensor_top/ads1292_filter/iir_notch/r_y_data_reg_121_/D   0.9070   0.9002 f  -0.0068 (VIOLATED) func1_bst
   khu_sensor_top/ads1292_controller/r_ads_data_out_reg_12_/D   0.9070   0.9002 f  -0.0068 (VIOLATED) func1_bst
   khu_sensor_top/ads1292_filter/iir_lpf/r_y_data_reg_53_/D   0.9070   0.9003 f  -0.0067 (VIOLATED) func1_bst
   khu_sensor_top/ads1292_filter/iir_notch/mult_1/z_reg_17_/D   0.9185   0.9118 f  -0.0067 (VIOLATED) func1_bst
   khu_sensor_top/ads1292_filter/iir_lpf/mult_2/b_reg_8_/D   0.9179   0.9112 f  -0.0067 (VIOLATED) func1_bst
   khu_sensor_top/ads1292_filter/iir_hpf/mult/b_reg_2_/D   0.9179   0.9113 f  -0.0066 (VIOLATED) func1_bst
   khu_sensor_top/ads1292_filter/iir_lpf/add/a_reg_14_/D   0.9179   0.9114 f  -0.0066 (VIOLATED) func1_bst
   khu_sensor_top/ads1292_filter/iir_lpf/add/a_reg_1_/D   0.9179   0.9114 f  -0.0065 (VIOLATED) func1_bst
   khu_sensor_top/ads1292_filter/iir_notch/r_x_data_reg_69_/D   0.9070   0.9004 f  -0.0065 (VIOLATED) func1_bst
   khu_sensor_top/ads1292_filter/iir_notch/mult_1/z_reg_21_/D   0.9193   0.9128 f  -0.0065 (VIOLATED) func1_bst
   khu_sensor_top/ads1292_filter/iir_notch/r_x_data_reg_104_/D   0.9070   0.9005 f  -0.0065 (VIOLATED) func1_bst
   khu_sensor_top/ads1292_filter/iir_hpf/add/b_reg_28_/D   0.9178   0.9113 f  -0.0065 (VIOLATED) func1_bst
   khu_sensor_top/ads1292_filter/iir_notch/r_x_data_reg_87_/D   0.9070   0.9005 f  -0.0065 (VIOLATED) func1_bst
   khu_sensor_top/ads1292_filter/converter_i2f/o_Z_reg_13_/D   0.9066   0.9002 f  -0.0064 (VIOLATED) func1_bst
   khu_sensor_top/ads1292_filter/iir_notch/r_x_data_reg_116_/D   0.9069   0.9007 f  -0.0062 (VIOLATED) func1_bst
   khu_sensor_top/ads1292_filter/iir_hpf/add/a_reg_12_/D   0.9178   0.9116 f  -0.0062 (VIOLATED) func1_bst
   khu_sensor_top/ads1292_filter/iir_notch/add_2/a_reg_6_/D   0.9179   0.9117 f  -0.0062 (VIOLATED) func1_bst
   khu_sensor_top/ads1292_filter/iir_lpf/add/a_reg_5_/D   0.9179   0.9117 f  -0.0062 (VIOLATED) func1_bst
   khu_sensor_top/ads1292_filter/iir_notch/r_y_data_reg_73_/D   0.9068   0.9007 f  -0.0061 (VIOLATED) func1_bst
   khu_sensor_top/ads1292_filter/iir_notch/r_x_data_reg_138_/D   0.9069   0.9009 f  -0.0060 (VIOLATED) func1_bst
   khu_sensor_top/ads1292_filter/iir_lpf/mult_2/b_reg_4_/D   0.9178   0.9118 f  -0.0060 (VIOLATED) func1_bst
   khu_sensor_top/ads1292_filter/iir_notch/r_y_data_reg_85_/D   0.9069   0.9009 f  -0.0060 (VIOLATED) func1_bst
   khu_sensor_top/ads1292_filter/iir_notch/r_x_data_reg_81_/D   0.9069   0.9011 f  -0.0058 (VIOLATED) func1_bst
   khu_sensor_top/ads1292_filter/iir_hpf/add/a_reg_16_/D   0.9178   0.9120 f  -0.0058 (VIOLATED) func1_bst
   khu_sensor_top/ads1292_controller/r_ads_data_out_reg_15_/D   0.9069   0.9011 f  -0.0058 (VIOLATED) func1_bst
   khu_sensor_top/ads1292_filter/iir_lpf/add/a_reg_9_/D   0.9178   0.9121 f  -0.0057 (VIOLATED) func1_bst
   khu_sensor_top/ads1292_filter/iir_notch/add_2/a_reg_20_/D   0.9178   0.9121 f  -0.0056 (VIOLATED) func1_bst
   khu_sensor_top/ads1292_filter/iir_notch/r_y_data_reg_65_/D   0.9069   0.9012 f  -0.0056 (VIOLATED) func1_bst
   khu_sensor_top/ads1292_filter/iir_lpf/add/b_reg_22_/D   0.9178   0.9122 f  -0.0056 (VIOLATED) func1_bst
   khu_sensor_top/ads1292_filter/iir_notch/r_x_data_reg_78_/D   0.9068   0.9013 f  -0.0055 (VIOLATED) func1_bst
   khu_sensor_top/ads1292_filter/iir_notch/add_2/a_reg_18_/D   0.9178   0.9122 f  -0.0055 (VIOLATED) func1_bst
   khu_sensor_top/ads1292_filter/iir_hpf/r_x_data_reg_32_/D   0.9068   0.9013 f  -0.0055 (VIOLATED) func1_bst
   khu_sensor_top/ads1292_filter/iir_notch/r_y_data_reg_86_/D   0.9068   0.9016 f  -0.0052 (VIOLATED) func1_bst
   khu_sensor_top/ads1292_filter/iir_notch/r_x_data_reg_66_/D   0.9068   0.9017 f  -0.0050 (VIOLATED) func1_bst
   khu_sensor_top/ads1292_filter/iir_notch/add_2/b_reg_14_/D   0.9177   0.9127 f  -0.0049 (VIOLATED) func1_bst
   khu_sensor_top/ads1292_filter/iir_notch/mult_2/b_reg_26_/D   0.9175   0.9126 f  -0.0049 (VIOLATED) func1_bst
   khu_sensor_top/ads1292_filter/iir_notch/r_x_data_reg_1_/D   0.9067   0.9018 f  -0.0049 (VIOLATED) func1_bst
   khu_sensor_top/ads1292_filter/iir_notch/r_x_data_reg_139_/D   0.9067   0.9019 f  -0.0048 (VIOLATED) func1_bst
   khu_sensor_top/ads1292_filter/iir_lpf/add/a_reg_13_/D   0.9147   0.9099 f  -0.0048 (VIOLATED) func1_bst
   khu_sensor_top/ads1292_filter/converter_f2i/a_m_reg_12_/D   0.9157   0.9111 f  -0.0046 (VIOLATED) func1_bst
   khu_sensor_top/ads1292_filter/iir_notch/mult_2/b_reg_27_/D   0.9176   0.9131 f  -0.0046 (VIOLATED) func1_bst
   khu_sensor_top/ads1292_filter/iir_notch/mult_1/z_reg_14_/D   0.9198   0.9152 f  -0.0046 (VIOLATED) func1_bst
   khu_sensor_top/ads1292_filter/iir_notch/add_2/a_reg_22_/D   0.9175   0.9129 f  -0.0045 (VIOLATED) func1_bst
   khu_sensor_top/ads1292_filter/iir_hpf/mult/b_reg_21_/D   0.9176   0.9132 f  -0.0044 (VIOLATED) func1_bst
   khu_sensor_top/ads1292_filter/iir_hpf/mult/b_m_reg_23_/D   0.9155   0.9112 f  -0.0043 (VIOLATED) func1_bst
   khu_sensor_top/ads1292_filter/iir_notch/r_y_data_reg_95_/D   0.9067   0.9024 f  -0.0043 (VIOLATED) func1_bst
   khu_sensor_top/ads1292_filter/iir_notch/add_2/a_reg_9_/D   0.9176   0.9134 f  -0.0042 (VIOLATED) func1_bst
   khu_sensor_top/ads1292_filter/iir_notch/mult_1/z_reg_15_/D   0.9192   0.9150 f  -0.0042 (VIOLATED) func1_bst
   khu_sensor_top/ads1292_filter/iir_notch/mult_2/b_reg_11_/D   0.9175   0.9135 f  -0.0040 (VIOLATED) func1_bst
   khu_sensor_top/ads1292_filter/iir_notch/add_2/a_reg_7_/D   0.9175   0.9135 f  -0.0040 (VIOLATED) func1_bst
   khu_sensor_top/ads1292_filter/iir_notch/r_x_data_reg_65_/D   0.9066   0.9027 f  -0.0039 (VIOLATED) func1_bst
   khu_sensor_top/ads1292_filter/converter_i2f/o_Z_reg_23_/D   0.9063   0.9025 f  -0.0038 (VIOLATED) func1_bst
   khu_sensor_top/ads1292_filter/iir_notch/r_x_data_reg_64_/D   0.9066   0.9028 f  -0.0038 (VIOLATED) func1_bst
   khu_sensor_top/ads1292_filter/iir_notch/add_2/b_reg_31_/D   0.9173   0.9135 f  -0.0038 (VIOLATED) func1_bst
   khu_sensor_top/ads1292_controller/r_ads_data_out_reg_19_/D   0.9066   0.9029 f  -0.0037 (VIOLATED) func1_bst
   khu_sensor_top/ads1292_filter/iir_lpf/mult_2/b_reg_1_/D   0.9174   0.9137 f  -0.0037 (VIOLATED) func1_bst
   khu_sensor_top/ads1292_filter/iir_lpf/add/a_reg_20_/D   0.9175   0.9139 f  -0.0036 (VIOLATED) func1_bst
   khu_sensor_top/ads1292_filter/iir_notch/r_x_data_reg_67_/D   0.9066   0.9031 f  -0.0035 (VIOLATED) func1_bst
   khu_sensor_top/ads1292_filter/iir_hpf/add/a_reg_8_/D   0.9173   0.9139 f  -0.0034 (VIOLATED) func1_bst
   khu_sensor_top/ads1292_filter/iir_notch/r_x_data_reg_107_/D   0.9066   0.9032 f  -0.0034 (VIOLATED) func1_bst
   khu_sensor_top/ads1292_filter/iir_notch/r_x_data_reg_100_/D   0.9066   0.9032 f  -0.0033 (VIOLATED) func1_bst
   khu_sensor_top/ads1292_filter/converter_i2f/o_Z_reg_27_/D   0.9063   0.9030 f  -0.0033 (VIOLATED) func1_bst
   khu_sensor_top/mpr121_controller/o_MPR121_DATA_OUT_reg_2_/D   0.9066   0.9033 f  -0.0032 (VIOLATED) func1_bst
   khu_sensor_top/ads1292_filter/iir_lpf/add/a_reg_15_/D   0.9174   0.9143 f  -0.0031 (VIOLATED) func1_bst
   khu_sensor_top/ads1292_filter/iir_notch/r_x_data_reg_109_/D   0.9065   0.9035 f  -0.0031 (VIOLATED) func1_bst
   khu_sensor_top/ads1292_filter/iir_hpf/add/b_reg_13_/D   0.9174   0.9144 f  -0.0030 (VIOLATED) func1_bst
   khu_sensor_top/ads1292_filter/iir_lpf/mult_2/b_reg_27_/D   0.9230   0.9200 f  -0.0030 (VIOLATED) func1_bst
   khu_sensor_top/ads1292_filter/iir_lpf/add/b_reg_19_/D   0.9174   0.9144 f  -0.0030 (VIOLATED) func1_bst
   khu_sensor_top/ads1292_filter/iir_notch/r_y_data_reg_39_/D   0.9065   0.9036 f  -0.0030 (VIOLATED) func1_bst
   khu_sensor_top/ads1292_filter/iir_lpf/mult_2/b_reg_26_/D   0.9230   0.9202 f  -0.0029 (VIOLATED) func1_bst
   khu_sensor_top/ads1292_filter/iir_notch/add_1/a_m_reg_2_/RN   0.9008   0.8983 f  -0.0025 (VIOLATED) func1_bst
   khu_sensor_top/ads1292_filter/iir_notch/mult_2/b_reg_4_/D   0.9173   0.9148 f  -0.0025 (VIOLATED) func1_bst
   khu_sensor_top/ads1292_filter/iir_lpf/add/b_reg_14_/D   0.9173   0.9148 f  -0.0025 (VIOLATED) func1_bst
   khu_sensor_top/ads1292_filter/iir_notch/r_x_data_reg_20_/D   0.9065   0.9040 f  -0.0024 (VIOLATED) func1_bst
   khu_sensor_top/ads1292_filter/iir_hpf/mult/b_reg_4_/D   0.9173   0.9149 f  -0.0024 (VIOLATED) func1_bst
   khu_sensor_top/ads1292_filter/iir_lpf/mult_2/b_reg_24_/D   0.9230   0.9206 f  -0.0024 (VIOLATED) func1_bst
   khu_sensor_top/ads1292_filter/iir_notch/r_x_data_reg_31_/D   0.9064   0.9041 f  -0.0023 (VIOLATED) func1_bst
   khu_sensor_top/ads1292_filter/iir_lpf/mult_2/b_reg_6_/D   0.9230   0.9207 f  -0.0023 (VIOLATED) func1_bst
   khu_sensor_top/ads1292_filter/iir_notch/r_y_data_reg_38_/D   0.9064   0.9041 f  -0.0023 (VIOLATED) func1_bst
   khu_sensor_top/ads1292_filter/iir_notch/r_x_data_reg_118_/D   0.9064   0.9042 f  -0.0022 (VIOLATED) func1_bst
   khu_sensor_top/ads1292_filter/converter_f2i/o_Z_reg_17_/D   0.9062   0.9040 f  -0.0022 (VIOLATED) func1_bst
   khu_sensor_top/ads1292_filter/converter_i2f/o_Z_reg_31_/D   0.9064   0.9042 f  -0.0022 (VIOLATED) func1_bst
   khu_sensor_top/ads1292_filter/iir_hpf/add/b_reg_22_/D   0.9230   0.9208 f  -0.0022 (VIOLATED) func1_bst
   khu_sensor_top/ads1292_filter/iir_notch/add_2/b_reg_23_/D   0.9172   0.9151 f  -0.0022 (VIOLATED) func1_bst
   khu_sensor_top/ads1292_filter/iir_notch/add_2/b_reg_25_/D   0.9170   0.9149 f  -0.0021 (VIOLATED) func1_bst
   khu_sensor_top/ads1292_filter/converter_f2i/o_Z_reg_19_/D   0.9062   0.9041 f  -0.0020 (VIOLATED) func1_bst
   khu_sensor_top/ads1292_filter/iir_notch/r_x_data_reg_91_/D   0.9064   0.9044 f  -0.0019 (VIOLATED) func1_bst
   khu_sensor_top/ads1292_filter/converter_i2f/z_reg_10_/D   0.9172   0.9153 f  -0.0018 (VIOLATED) func1_bst
   khu_sensor_top/ads1292_filter/iir_notch/add_2/a_reg_29_/D   0.9172   0.9154 f  -0.0018 (VIOLATED) func1_bst
   khu_sensor_top/ads1292_filter/iir_hpf/mult/a_m_reg_13_/D   0.9296   0.9278 f  -0.0018 (VIOLATED) func1_bst
   khu_sensor_top/ads1292_filter/converter_f2i/o_Z_reg_18_/D   0.9061   0.9044 f  -0.0018 (VIOLATED) func1_bst
   khu_sensor_top/ads1292_filter/iir_notch/r_y_data_reg_115_/D   0.9064   0.9046 f  -0.0018 (VIOLATED) func1_bst
   khu_sensor_top/ads1292_filter/iir_notch/mult_2/b_reg_3_/D   0.9172   0.9155 f  -0.0016 (VIOLATED) func1_bst
   khu_sensor_top/mpr121_controller/o_MPR121_DATA_OUT_reg_7_/D   0.9064   0.9047 f  -0.0016 (VIOLATED) func1_bst
   khu_sensor_top/ads1292_filter/iir_notch/r_x_data_reg_114_/D   0.9063   0.9048 f  -0.0016 (VIOLATED) func1_bst
   khu_sensor_top/ads1292_filter/iir_hpf/mult/b_reg_17_/D   0.9172   0.9156 f  -0.0015 (VIOLATED) func1_bst
   khu_sensor_top/ads1292_filter/iir_notch/r_x_data_reg_3_/D   0.9063   0.9049 f  -0.0015 (VIOLATED) func1_bst
   khu_sensor_top/ads1292_filter/iir_notch/r_x_data_reg_76_/D   0.9063   0.9049 f  -0.0014 (VIOLATED) func1_bst
   khu_sensor_top/ads1292_filter/iir_hpf/mult/b_reg_27_/D   0.9172   0.9158 f  -0.0013 (VIOLATED) func1_bst
   khu_sensor_top/ads1292_filter/iir_lpf/mult_2/b_reg_29_/D   0.9229   0.9216 f  -0.0013 (VIOLATED) func1_bst
   khu_sensor_top/ads1292_filter/iir_notch/mult_3/o_Z_reg_0_/D   0.9174   0.9161 f  -0.0013 (VIOLATED) func1_bst
   khu_sensor_top/ads1292_filter/iir_notch/add_2/b_reg_24_/D   0.9171   0.9159 f  -0.0012 (VIOLATED) func1_bst
   khu_sensor_top/ads1292_filter/iir_hpf/mult/b_reg_1_/D   0.9171   0.9159 f  -0.0012 (VIOLATED) func1_bst
   khu_sensor_top/ads1292_filter/converter_f2i/o_Z_reg_8_/D   0.9063   0.9051 f  -0.0011 (VIOLATED) func1_bst
   khu_sensor_top/ads1292_filter/iir_hpf/r_x_data_reg_34_/D   0.9063   0.9052 f  -0.0011 (VIOLATED) func1_bst
   khu_sensor_top/ads1292_filter/converter_f2i/o_Z_reg_10_/D   0.9063   0.9052 f  -0.0011 (VIOLATED) func1_bst
   khu_sensor_top/ads1292_filter/iir_lpf/mult_2/b_reg_28_/D   0.9229   0.9219 f  -0.0010 (VIOLATED) func1_bst
   khu_sensor_top/ads1292_filter/iir_notch/r_y_data_reg_63_/D   0.9063   0.9053 f  -0.0010 (VIOLATED) func1_bst
   khu_sensor_top/ads1292_filter/converter_i2f/o_Z_reg_0_/D   0.9061   0.9052 f  -0.0009 (VIOLATED) func1_bst
   khu_sensor_top/ads1292_controller/r_ads_data_out_reg_13_/D   0.9062   0.9054 f  -0.0009 (VIOLATED) func1_bst
   khu_sensor_top/ads1292_filter/converter_f2i/o_Z_reg_9_/D   0.9063   0.9054 f  -0.0008 (VIOLATED) func1_bst
   khu_sensor_top/mpr121_controller/o_MPR121_DATA_OUT_reg_0_/D   0.9040   0.9032 f  -0.0008 (VIOLATED) func1_bst
   khu_sensor_top/ads1292_filter/iir_notch/r_y_data_reg_48_/D   0.9062   0.9054 f  -0.0008 (VIOLATED) func1_bst
   khu_sensor_top/ads1292_filter/iir_notch/r_x_data_reg_135_/D   0.9062   0.9055 f  -0.0008 (VIOLATED) func1_bst
   khu_sensor_top/ads1292_filter/iir_lpf/r_y_data_reg_46_/D   0.9062   0.9055 f  -0.0007 (VIOLATED) func1_bst
   khu_sensor_top/ads1292_filter/iir_notch/r_x_data_reg_142_/D   0.9062   0.9055 f  -0.0007 (VIOLATED) func1_bst
   khu_sensor_top/ads1292_filter/iir_notch/mult_1/z_reg_11_/D   0.9193   0.9186 f  -0.0007 (VIOLATED) func1_bst
   khu_sensor_top/ads1292_filter/iir_hpf/add/a_reg_24_/D   0.9170   0.9164 f  -0.0006 (VIOLATED) func1_bst
   khu_sensor_top/ads1292_filter/iir_notch/add_2/b_reg_16_/D   0.9170   0.9165 f  -0.0005 (VIOLATED) func1_bst
   khu_sensor_top/ads1292_filter/iir_notch/add_2/b_reg_7_/D   0.9168   0.9165 f  -0.0003 (VIOLATED) func1_bst
   khu_sensor_top/ads1292_filter/iir_notch/add_2/a_reg_8_/D   0.9169   0.9168 f  -0.0001 (VIOLATED) func1_bst
   khu_sensor_top/ads1292_controller/r_data_counter_reg_2_/D   0.9082   0.9080 f  -0.0001 (VIOLATED) func1_bst
   khu_sensor_top/ads1292_filter/iir_lpf/mult_2/b_reg_2_/D   0.9169   0.9168 f   0.0000 (VIOLATED: increase significant digits) func1_bst
   khu_sensor_top/ads1292_filter/converter_f2i/a_m_reg_14_/D   0.9159   0.9159 f   0.0000 (VIOLATED: increase significant digits) func1_bst


   min_delay/hold ('clk_half' group)

                             Required        Actual
   Endpoint                 Path Delay     Path Delay        Slack             Scenario
   -----------------------------------------------------------------
   khu_sensor_top/sensor_core/o_MPR121_DATA_IN_reg_6_/D   0.9081   0.8924 f  -0.0157 (VIOLATED) func1_bst
   khu_sensor_top/sensor_core/o_MPR121_DATA_IN_reg_3_/D   0.9077   0.8956 f  -0.0121 (VIOLATED) func1_bst
   khu_sensor_top/sensor_core/o_ADS1292_DATA_IN_reg_1_/D   0.9075   0.8968 f  -0.0107 (VIOLATED) func1_bst
   khu_sensor_top/sensor_core/r_uart_clk_counter_reg_2_/D   0.9084   0.9052 f  -0.0032 (VIOLATED) func1_bst


   max_net_length

                             Required        Actual
   Net                      Net length     Net length        Slack             Scenario
   -----------------------------------------------------------------
   khu_sensor_top/w_clk_p_G2B1I1 (dont_touch) 800.0000 1072.0800 -272.0800 (VIOLATED) func1_wst
   n4                       800.0000       965.6700       -165.6700 (VIOLATED) func1_wst
   khu_sensor_top/ads1292_filter/iir_lpf/mult_1/TIEHIMTR_U152_net 800.0000 877.5200 -77.5200 (VIOLATED) func1_wst
   khu_sensor_top/w_clk_p_G2B5I1 (dont_touch) 800.0000 859.9450 -59.9450 (VIOLATED) func1_wst
   khu_sensor_top/ads1292_filter/iir_lpf/mult_1/TIEHIMTR_U151_net 800.0000 855.7950 -55.7950 (VIOLATED) func1_wst
   khu_sensor_top/ads1292_filter/iir_lpf/mult_1/TIEHIMTR_U148_net 800.0000 827.5030 -27.5030 (VIOLATED) func1_wst
   khu_sensor_top/ads1292_filter/iir_lpf/mult_1/TIEHIMTR_U147_net 800.0000 819.7250 -19.7250 (VIOLATED) func1_wst

   -----------------------------------------------------------------
   Total                      7               -678.2379   func1_wst
   khu_sensor_top/w_clk_p_G2B1I1 (dont_touch) 800.0000 1072.0800 -272.0800 (VIOLATED) func1_bst
   n4                       800.0000       965.6700       -165.6700 (VIOLATED) func1_bst
   khu_sensor_top/ads1292_filter/iir_lpf/mult_1/TIEHIMTR_U152_net 800.0000 877.5200 -77.5200 (VIOLATED) func1_bst
   khu_sensor_top/w_clk_p_G2B5I1 (dont_touch) 800.0000 859.9450 -59.9450 (VIOLATED) func1_bst
   khu_sensor_top/ads1292_filter/iir_lpf/mult_1/TIEHIMTR_U151_net 800.0000 855.7950 -55.7950 (VIOLATED) func1_bst
   khu_sensor_top/ads1292_filter/iir_lpf/mult_1/TIEHIMTR_U148_net 800.0000 827.5030 -27.5030 (VIOLATED) func1_bst
   khu_sensor_top/ads1292_filter/iir_lpf/mult_1/TIEHIMTR_U147_net 800.0000 819.7250 -19.7250 (VIOLATED) func1_bst

   -----------------------------------------------------------------
   Total                      7               -678.2379   func1_bst

   max_area

                             Required        Actual
   Design                      Area           Area           Slack
   -----------------------------------------------------------------
   khu_sensor_pad             0.0000       128840.0000    -128840.0000 (VIOLATED)


1
