Warning: The following library cells don't have power description:FILLTIEMTR   (PWR-682)
Information: Propagating switching activity (high effort zero delay simulation). (PWR-6)
Warning: Design has unannotated primary inputs. (PWR-414)
Warning: Design has unannotated sequential cell outputs. (PWR-415)
Warning: Design has unannotated black box outputs. (PWR-428)
 
****************************************
Report : power
        -analysis_effort high
        -verbose
Design : khu_sensor_pad
Scenario(s): func1_bst
Version: N-2017.09
Date   : Thu Nov 19 20:53:45 2020
****************************************


Library(s) Used:

    scmetro_cmos10lp_rvt_ff_1p32v_m40c_sadhm (File: /Tools/Library/samsung65_2016/CB_1502/PRIMITIVE/sec100226_0042_SS65LP_Normal_RVT_Normal_FE_Common_N/synopsys/scmetro_cmos10lp_rvt_ff_1p32v_m40c_sadhm.db)
    ss65lp3p3v_bst_132_360_n040 (File: /Tools/Library/samsung65_2016/CB_1502/IO/synopsys/ss65lp3p3v_bst_132_360_n040.db)


Global Operating Voltage = 1.32 
Power-specific unit information :
    Voltage Units = 1V
    Capacitance Units = 1.000000pf
    Time Units = 1ns
    Dynamic Power Units = 1mW    (derived from V,C,T units)
    Leakage Power Units = 1mW


  Cell Internal Power  = N/A (disabled by scenario option)
  Net Switching Power  = N/A (disabled by scenario option)
                         ---------
Total Dynamic Power    = N/A (disabled by scenario option)

Cell Leakage Power     = N/A (disabled by scenario option)

                 Internal         Switching           Leakage            Total                         Cell
Power Group      Power            Power               Power              Power   (   %    )  Attrs  Count
---------------------------------------------------------------------------------------------------------
io_pad                N/A               N/A               N/A               N/A  (     N/A)             56
memory                N/A               N/A               N/A               N/A  (     N/A)            0
black_box             N/A               N/A               N/A               N/A  (     N/A)            0
clock_network         N/A               N/A               N/A               N/A  (     N/A)           442
register              N/A               N/A               N/A               N/A  (     N/A)            5229
sequential            N/A               N/A               N/A               N/A  (     N/A)            0
combinational         N/A               N/A               N/A               N/A  (     N/A)            25471
---------------------------------------------------------------------------------------------------------
Total                 N/A mW            N/A mW            N/A mW            N/A mW
1
