 
****************************************
Report : cell
Design : khu_sensor_pad
Version: L-2016.03-SP5-5
Date   : Sat Nov 14 08:56:44 2020
****************************************

Attributes:
    b - black box (unknown)
    d - dont_touch
    h - hierarchical
    n - noncombinational
    r - removable
   so - sizing only
    u - contains unmapped logic

Cell                    Reference      Library         Area   Attributes  V:T:P
--------------------------------------------------------------------------------
I_0                     INVX4MTR       scmetro_cmos10lp_rvt_ss_1p08v_125c_sadhm
                                                       1.280000           1.08:125.00:1.00
async_rstn_glitch_synchronizer
                        async_rstn_glitch_synchronizer 69.120000
                                                              d, h, n     1.08:125.00:1.00
khu_sensor_top          khu_sensor_top                 102822.080191
                                                              b, h, n     1.08:125.00:1.00
pad1                    ec_breakv      ss65lp3p3v_wst_108_300_p125
                                                       0.000000
                                                              d           1.08:125.00:1.00
pad2                    vddtvh         ss65lp3p3v_wst_108_300_p125
                                                       0.000000
                                                              b, d        1.08:125.00:1.00
pad3                    pvhbcudtart    ss65lp3p3v_wst_108_300_p125
                                                       0.000000
                                                              d, n, so    1.08,3.00,0.00:125.00:1.00
pad4                    vsstvh         ss65lp3p3v_wst_108_300_p125
                                                       0.000000
                                                              b, d        1.08:125.00:1.00
pad5                    ec_breakv      ss65lp3p3v_wst_108_300_p125
                                                       0.000000
                                                              d           1.08:125.00:1.00
pad6                    vsstvh         ss65lp3p3v_wst_108_300_p125
                                                       0.000000
                                                              b, d        1.08:125.00:1.00
pad7                    pvhbcudtbrt    ss65lp3p3v_wst_108_300_p125
                                                       0.000000
                                                              d, n        1.08,3.00,0.00:125.00:1.00
pad8                    vssipvh        ss65lp3p3v_wst_108_300_p125
                                                       0.000000
                                                              b, d        1.08:125.00:1.00
pad9                    pvhbcudtbrt    ss65lp3p3v_wst_108_300_p125
                                                       0.000000
                                                              d, n        1.08,3.00,0.00:125.00:1.00
pad10                   vddivh         ss65lp3p3v_wst_108_300_p125
                                                       0.000000
                                                              b, d        1.08:125.00:1.00
pad11                   pvhbcudtbrt    ss65lp3p3v_wst_108_300_p125
                                                       0.000000
                                                              d, n        1.08,3.00,0.00:125.00:1.00
pad12                   vddtvh         ss65lp3p3v_wst_108_300_p125
                                                       0.000000
                                                              b, d        1.08:125.00:1.00
pad13                   pvhbcudtbrt    ss65lp3p3v_wst_108_300_p125
                                                       0.000000
                                                              d, n        1.08,3.00,0.00:125.00:1.00
pad14                   vsstvh         ss65lp3p3v_wst_108_300_p125
                                                       0.000000
                                                              b, d        1.08:125.00:1.00
pad15                   pvhbcudtbrt    ss65lp3p3v_wst_108_300_p125
                                                       0.000000
                                                              d, n        1.08,3.00,0.00:125.00:1.00
pad16                   vssipvh        ss65lp3p3v_wst_108_300_p125
                                                       0.000000
                                                              b, d        1.08:125.00:1.00
pad17                   vddivh         ss65lp3p3v_wst_108_300_p125
                                                       0.000000
                                                              b, d        1.08:125.00:1.00
pad18                   pvhbcudtbrt    ss65lp3p3v_wst_108_300_p125
                                                       0.000000
                                                              d, n        1.08,3.00,0.00:125.00:1.00
pad19                   vsstvh         ss65lp3p3v_wst_108_300_p125
                                                       0.000000
                                                              b, d        1.08:125.00:1.00
pad20                   vddtvh         ss65lp3p3v_wst_108_300_p125
                                                       0.000000
                                                              b, d        1.08:125.00:1.00
pad21                   pvhbcudtbrt    ss65lp3p3v_wst_108_300_p125
                                                       0.000000
                                                              d, n        1.08,3.00,0.00:125.00:1.00
pad22                   vsstvh         ss65lp3p3v_wst_108_300_p125
                                                       0.000000
                                                              b, d        1.08:125.00:1.00
pad23                   vssipvh        ss65lp3p3v_wst_108_300_p125
                                                       0.000000
                                                              b, d        1.08:125.00:1.00
pad24                   vddivh         ss65lp3p3v_wst_108_300_p125
                                                       0.000000
                                                              b, d        1.08:125.00:1.00
pad25                   vddtvh         ss65lp3p3v_wst_108_300_p125
                                                       0.000000
                                                              b, d        1.08:125.00:1.00
pad26                   pvhbcudtbrt    ss65lp3p3v_wst_108_300_p125
                                                       0.000000
                                                              d, n        1.08,3.00,0.00:125.00:1.00
pad27                   vddivh         ss65lp3p3v_wst_108_300_p125
                                                       0.000000
                                                              b, d        1.08:125.00:1.00
pad28                   vssipvh        ss65lp3p3v_wst_108_300_p125
                                                       0.000000
                                                              b, d        1.08:125.00:1.00
pad29                   pvhbcudtbrt    ss65lp3p3v_wst_108_300_p125
                                                       0.000000
                                                              d, n        1.08,3.00,0.00:125.00:1.00
pad30                   vsstvh         ss65lp3p3v_wst_108_300_p125
                                                       0.000000
                                                              b, d        1.08:125.00:1.00
pad31                   vddivh         ss65lp3p3v_wst_108_300_p125
                                                       0.000000
                                                              b, d        1.08:125.00:1.00
pad32                   vssipvh        ss65lp3p3v_wst_108_300_p125
                                                       0.000000
                                                              b, d        1.08:125.00:1.00
pad33                   vddtvh         ss65lp3p3v_wst_108_300_p125
                                                       0.000000
                                                              b, d        1.08:125.00:1.00
pad34                   pvhbcudtbrt    ss65lp3p3v_wst_108_300_p125
                                                       0.000000
                                                              d, n        1.08,3.00,0.00:125.00:1.00
pad35                   ec_breakv      ss65lp3p3v_wst_108_300_p125
                                                       0.000000
                                                              d           1.08:125.00:1.00
pad36                   pvhbcudtbrt    ss65lp3p3v_wst_108_300_p125
                                                       0.000000
                                                              d, n        1.08,3.00,0.00:125.00:1.00
pad37                   vddtvh         ss65lp3p3v_wst_108_300_p125
                                                       0.000000
                                                              b, d        1.08:125.00:1.00
pad38                   vsstvh         ss65lp3p3v_wst_108_300_p125
                                                       0.000000
                                                              b, d        1.08:125.00:1.00
pad39                   pvhbsudtart    ss65lp3p3v_wst_108_300_p125
                                                       0.000000
                                                              d, n        1.08,3.00,0.00:125.00:1.00
pad40                   vssipvh        ss65lp3p3v_wst_108_300_p125
                                                       0.000000
                                                              b, d        1.08:125.00:1.00
pad41                   vddivh         ss65lp3p3v_wst_108_300_p125
                                                       0.000000
                                                              b, d        1.08:125.00:1.00
pad42                   vddtvh         ss65lp3p3v_wst_108_300_p125
                                                       0.000000
                                                              b, d        1.08:125.00:1.00
pad43                   ec_breakv      ss65lp3p3v_wst_108_300_p125
                                                       0.000000
                                                              d           1.08:125.00:1.00
--------------------------------------------------------------------------------
Total 46 cells                                            102892.480191
1
