 
****************************************
Report : qor
Design : khu_sensor_pad
Version: L-2016.03-SP5-5
Date   : Thu Nov 19 19:10:55 2020
****************************************


  Timing Path Group 'REGIN'
  -----------------------------------
  Levels of Logic:               6.00
  Critical Path Length:          0.98
  Critical Path Slack:           3.70
  Critical Path Clk Period:      5.40
  Total Negative Slack:          0.00
  No. of Violating Paths:        0.00
  Worst Hold Violation:          0.00
  Total Hold Violation:          0.00
  No. of Hold Violations:        0.00
  -----------------------------------

  Timing Path Group 'REGOUT'
  -----------------------------------
  Levels of Logic:               1.00
  Critical Path Length:          2.54
  Critical Path Slack:           1.99
  Critical Path Clk Period:      5.40
  Total Negative Slack:          0.00
  No. of Violating Paths:        0.00
  Worst Hold Violation:          0.00
  Total Hold Violation:          0.00
  No. of Hold Violations:        0.00
  -----------------------------------

  Timing Path Group 'clk'
  -----------------------------------
  Levels of Logic:               9.00
  Critical Path Length:          4.01
  Critical Path Slack:           0.71
  Critical Path Clk Period:      5.40
  Total Negative Slack:          0.00
  No. of Violating Paths:        0.00
  Worst Hold Violation:          0.00
  Total Hold Violation:          0.00
  No. of Hold Violations:        0.00
  -----------------------------------

  Timing Path Group 'clk_half'
  -----------------------------------
  Levels of Logic:               5.00
  Critical Path Length:          1.31
  Critical Path Slack:           3.34
  Critical Path Clk Period:     10.80
  Total Negative Slack:          0.00
  No. of Violating Paths:        0.00
  Worst Hold Violation:          0.00
  Total Hold Violation:          0.00
  No. of Hold Violations:        0.00
  -----------------------------------

  Timing Path Group 'default'
  -----------------------------------
  Levels of Logic:               0.00
  Critical Path Length:          0.00
  Critical Path Slack:           0.00
  Critical Path Clk Period:       n/a
  Total Negative Slack:          0.00
  No. of Violating Paths:        0.00
  Worst Hold Violation:          0.00
  Total Hold Violation:          0.00
  No. of Hold Violations:        0.00
  -----------------------------------


  Cell Count
  -----------------------------------
  Hierarchical Cell Count:        294
  Hierarchical Port Count:       5543
  Leaf Cell Count:              26706
  Buf/Inv Cell Count:            2528
  Buf Cell Count:                  10
  Inv Cell Count:                2518
  CT Buf/Inv Cell Count:            0
  Combinational Cell Count:     21302
  Sequential Cell Count:         5404
  Macro Count:                      0
  -----------------------------------


  Area
  -----------------------------------
  Combinational Area:    56059.199924
  Noncombinational Area: 44377.920470
  Buf/Inv Area:           2554.559951
  Total Buffer Area:            46.08
  Total Inverter Area:        2508.48
  Macro/Black Box Area:      0.000000
  Net Area:                  0.000000
  -----------------------------------
  Cell Area:            100437.120394
  Design Area:          100437.120394


  Design Rules
  -----------------------------------
  Total Number of Nets:         29989
  Nets With Violations:            13
  Max Trans Violations:            13
  Max Cap Violations:               0
  -----------------------------------


  Hostname: vlsi-dist.khu.ac.kr

  Compile CPU Statistics
  -----------------------------------------
  Resource Sharing:                    2.26
  Logic Optimization:                  1.83
  Mapping Optimization:               19.08
  -----------------------------------------
  Overall Compile Time:               77.98
  Overall Compile Wall Clock Time:    78.93

  --------------------------------------------------------------------

  Design  WNS: 0.00  TNS: 0.00  Number of Violating Paths: 0


  Design (Hold)  WNS: 0.00  TNS: 0.00  Number of Violating Paths: 0

  --------------------------------------------------------------------


1
