 
****************************************
Report : net fanout
        -threshold 100
Design : khu_sensor_pad
Scenario(s): func1_bst
Version: N-2017.09
Date   : Thu Nov 19 19:41:24 2020
****************************************


Operating Conditions: ff_1p32v_m40c   Library: scmetro_cmos10lp_rvt_ff_1p32v_m40c_sadhm
Wire Load Model Mode: top


Attributes:
   dr - drc disabled
    c - annotated capacitance
    d - dont_touch
    i - ideal_net
    I - ideal_network
    p - includes pin load
    r - annotated resistance
    h - high fanout

Net                 Fanout   Attributes   Capacitance   Driver
--------------------------------------------------------------------------------
khu_sensor_top/ads1292_controller/N79
                       115   d, I             0.00      khu_sensor_top/ads1292_controller/async_rstn_synchronizer/o_RSTN_reg/Q
khu_sensor_top/ads1292_filter/N17
                       215   d, I             0.00      khu_sensor_top/ads1292_filter/async_rstn_synchronizer/o_RSTN_reg/Q
khu_sensor_top/sensor_core/N116
                       265   d, I             0.00      khu_sensor_top/sensor_core/U651/Y
khu_sensor_top/ads1292_filter/iir_hpf/w_rstn
                       235   d, I             0.00      khu_sensor_top/ads1292_filter/iir_hpf/async_rstn_synchronizer/o_RSTN_reg/Q
khu_sensor_top/ads1292_filter/iir_notch/w_rstn
                       609   d, I             0.00      khu_sensor_top/ads1292_filter/iir_notch/async_rstn_synchronizer/o_RSTN_reg/Q
khu_sensor_top/ads1292_filter/iir_lpf/w_rstn
                       333   d, I             0.00      khu_sensor_top/ads1292_filter/iir_lpf/async_rstn_synchronizer/o_RSTN_reg/Q
1
