Information: Scenario func1_bst either not exists or is inactive. report_constraint will skip it. (UID-1059)
Information: Scenario funccts_wst either not exists or is inactive. report_constraint will skip it. (UID-1059)
Information: Updating graph... (UID-83)

************************************************************
SI options:
Delta Delay Computation:           true
Static Noise Computation:          true
Timing window analysis for SI:     false
Min Delta Delay for SI:            true
Analysis Effort:                   medium
Max Transition Mode:               normal_slew
Static Noise Thresholds:           0.35 (0.38V) above low
                                   0.35 (0.38V) below high
Route xtalk prevention:            true
Route xtalk prevention threshold:  0.25
************************************************************

Information: Updating design information... (UID-85)

************************************************************
SI options:
Delta Delay Computation:           true
Static Noise Computation:          true
Timing window analysis for SI:     false
Min Delta Delay for SI:            true
Analysis Effort:                   medium
Max Transition Mode:               normal_slew
Static Noise Thresholds:           0.35 (0.38V) above low
                                   0.35 (0.38V) below high
Route xtalk prevention:            true
Route xtalk prevention threshold:  0.25
************************************************************

Information: Input delay ('rise') on clock port 'clk' will be added to the clock's propagated skew. (TIM-112)
Information: Input delay ('fall') on clock port 'clk' will be added to the clock's propagated skew. (TIM-112)
Information: Input delay ('rise') on clock port 'clk_half' will be added to the clock's propagated skew. (TIM-112)
Information: Input delay ('fall') on clock port 'clk_half' will be added to the clock's propagated skew. (TIM-112)
Information: Input delay ('rise') on clock port 'clk' will be added to the clock's propagated skew. (TIM-112)
Information: Input delay ('fall') on clock port 'clk' will be added to the clock's propagated skew. (TIM-112)
Information: Input delay ('rise') on clock port 'clk_half' will be added to the clock's propagated skew. (TIM-112)
Information: Input delay ('fall') on clock port 'clk_half' will be added to the clock's propagated skew. (TIM-112)
 
****************************************
Report : constraint
        -all_violators
Design : khu_sensor_pad
Scenario(s): func1_wst func1_bst funccts_wst
Version: N-2017.09
Date   : Thu Nov 19 19:54:59 2020
****************************************

	Scenario            : func1_wst
	Parasitic source    : LPE
	Parasitic mode      : RealRC
	Extraction mode     : MIN_MAX
	Extraction derating : 125/125

   max_delay/setup ('REGOUT' group)

                             Required        Actual
   Endpoint                 Path Delay     Path Delay        Slack             Scenario
   -----------------------------------------------------------------
   MPR121_SCL                 5.3800         5.8322 f      -0.4522  (VIOLATED) func1_wst
   MPR121_SDA                 5.3800         5.8319 r      -0.4519  (VIOLATED) func1_wst
   ADS1292_RESET              5.3800         5.4795 f      -0.0995  (VIOLATED) func1_wst
   ADS1292_START              5.3800         5.4770 f      -0.0970  (VIOLATED) func1_wst
   ADS1292_CSN                5.3800         5.4279 f      -0.0479  (VIOLATED) func1_wst
   ADS1292_MOSI               5.3800         5.4255 f      -0.0455  (VIOLATED) func1_wst
   ADS1292_SCLK               5.3800         5.4209 f      -0.0409  (VIOLATED) func1_wst


   max_delay/setup ('clk' group)

                             Required        Actual
   Endpoint                 Path Delay     Path Delay        Slack             Scenario
   -----------------------------------------------------------------
   khu_sensor_top/ads1292_filter/iir_lpf/add/sum_reg_27_/D   7.7570   8.1027 r  -0.3457 (VIOLATED) func1_wst
   khu_sensor_top/ads1292_filter/iir_notch/add_2/sum_reg_27_/D   7.7181   7.9967 r  -0.2787 (VIOLATED) func1_wst
   khu_sensor_top/ads1292_filter/iir_lpf/add/sum_reg_26_/D   7.7914   8.0519 r  -0.2605 (VIOLATED) func1_wst
   khu_sensor_top/ads1292_filter/iir_notch/add_2/sum_reg_26_/D   7.7529   7.9826 r  -0.2297 (VIOLATED) func1_wst
   khu_sensor_top/ads1292_filter/iir_hpf/add/sum_reg_27_/D   7.7152   7.9389 r  -0.2237 (VIOLATED) func1_wst
   khu_sensor_top/ads1292_filter/iir_hpf/add/sum_reg_26_/D   7.7504   7.9247 r  -0.1743 (VIOLATED) func1_wst
   khu_sensor_top/ads1292_filter/iir_notch/add_1/sum_reg_27_/D   7.6952   7.8552 r  -0.1601 (VIOLATED) func1_wst
   khu_sensor_top/ads1292_filter/iir_notch/mult_3/product_reg_49_/D   7.4526   7.5988 r  -0.1462 (VIOLATED) func1_wst
   khu_sensor_top/ads1292_filter/iir_lpf/mult_1/product_reg_49_/D   7.7926   7.9340 r  -0.1414 (VIOLATED) func1_wst
   khu_sensor_top/ads1292_filter/iir_lpf/add/sum_reg_25_/D   7.7921   7.9136 r  -0.1216 (VIOLATED) func1_wst
   khu_sensor_top/ads1292_filter/iir_hpf/mult/product_reg_49_/D   7.7634   7.8804 r  -0.1171 (VIOLATED) func1_wst
   khu_sensor_top/ads1292_filter/iir_notch/add_1/sum_reg_26_/D   7.7144   7.8305 r  -0.1161 (VIOLATED) func1_wst
   khu_sensor_top/ads1292_filter/iir_lpf/mult_1/product_reg_48_/D   7.8180   7.9260 f  -0.1080 (VIOLATED) func1_wst
   khu_sensor_top/ads1292_filter/iir_notch/mult_3/product_reg_48_/D   7.4763   7.5821 r  -0.1059 (VIOLATED) func1_wst
   khu_sensor_top/ads1292_filter/iir_notch/add_2/sum_reg_25_/D   7.7545   7.8370 r  -0.0826 (VIOLATED) func1_wst
   khu_sensor_top/ads1292_filter/iir_notch/mult_2/product_reg_49_/D   7.4069   7.4809 r  -0.0740 (VIOLATED) func1_wst
   khu_sensor_top/ads1292_filter/iir_lpf/mult_2/product_reg_49_/D   7.6975   7.7425 r  -0.0451 (VIOLATED) func1_wst
   khu_sensor_top/ads1292_filter/iir_hpf/mult/product_reg_48_/D   7.7912   7.8353 r  -0.0441 (VIOLATED) func1_wst
   khu_sensor_top/ads1292_filter/iir_hpf/add/sum_reg_25_/D   7.7511   7.7886 r  -0.0375 (VIOLATED) func1_wst
   khu_sensor_top/ads1292_filter/iir_notch/mult_1/product_reg_49_/D   7.6587   7.6904 r  -0.0317 (VIOLATED) func1_wst
   khu_sensor_top/ads1292_filter/iir_lpf/mult_1/product_reg_46_/D   7.7469   7.7651 r  -0.0182 (VIOLATED) func1_wst
   khu_sensor_top/ads1292_filter/iir_notch/mult_2/product_reg_48_/D   7.4387   7.4449 r  -0.0062 (VIOLATED) func1_wst
   khu_sensor_top/ads1292_filter/iir_hpf/mult/product_reg_45_/D   7.6973   7.7014 r  -0.0041 (VIOLATED) func1_wst


   min_delay/hold ('clk' group)

                             Required        Actual
   Endpoint                 Path Delay     Path Delay        Slack             Scenario
   -----------------------------------------------------------------
   khu_sensor_top/ads1292_filter/iir_lpf/add/b_m_reg_4_/D   2.9273   2.8477 r  -0.0795 (VIOLATED) func1_wst
   khu_sensor_top/ads1292_filter/iir_hpf/add/b_m_reg_3_/D   2.7931   2.7203 r  -0.0728 (VIOLATED) func1_wst
   khu_sensor_top/ads1292_filter/iir_hpf/add/b_m_reg_22_/D   2.8048   2.7335 r  -0.0713 (VIOLATED) func1_wst
   khu_sensor_top/ads1292_filter/iir_lpf/add/b_m_reg_20_/D   2.9266   2.8568 r  -0.0698 (VIOLATED) func1_wst
   khu_sensor_top/ads1292_filter/iir_hpf/add/a_m_reg_6_/D   2.8122   2.7433 r  -0.0689 (VIOLATED) func1_wst
   khu_sensor_top/ads1292_filter/iir_hpf/add/a_m_reg_25_/D   2.8107   2.7447 r  -0.0660 (VIOLATED) func1_wst
   khu_sensor_top/ads1292_filter/iir_hpf/add/b_m_reg_23_/D   2.8065   2.7428 r  -0.0637 (VIOLATED) func1_wst
   khu_sensor_top/ads1292_filter/iir_hpf/add/a_m_reg_15_/D   2.8096   2.7461 r  -0.0635 (VIOLATED) func1_wst
   khu_sensor_top/ads1292_filter/iir_hpf/add/a_m_reg_3_/D   2.8141   2.7529 r  -0.0612 (VIOLATED) func1_wst
   khu_sensor_top/ads1292_filter/iir_hpf/add/b_m_reg_9_/D   2.8080   2.7468 r  -0.0612 (VIOLATED) func1_wst
   khu_sensor_top/ads1292_filter/iir_hpf/add/b_m_reg_6_/D   2.7875   2.7276 r  -0.0599 (VIOLATED) func1_wst
   khu_sensor_top/ads1292_filter/iir_hpf/add/b_m_reg_11_/D   2.8163   2.7603 f  -0.0560 (VIOLATED) func1_wst
   khu_sensor_top/ads1292_filter/iir_hpf/add/b_m_reg_4_/D   2.8071   2.7535 r  -0.0536 (VIOLATED) func1_wst
   khu_sensor_top/ads1292_filter/iir_hpf/add/b_m_reg_25_/D   2.8065   2.7534 r  -0.0531 (VIOLATED) func1_wst
   khu_sensor_top/ads1292_filter/iir_lpf/add/b_m_reg_21_/D   2.9082   2.8586 r  -0.0496 (VIOLATED) func1_wst
   khu_sensor_top/ads1292_filter/iir_hpf/add/a_m_reg_18_/D   2.7915   2.7422 r  -0.0493 (VIOLATED) func1_wst
   khu_sensor_top/ads1292_filter/iir_hpf/add/b_m_reg_20_/D   2.8023   2.7538 r  -0.0485 (VIOLATED) func1_wst
   khu_sensor_top/ads1292_filter/iir_hpf/add/a_m_reg_22_/D   2.7939   2.7475 r  -0.0464 (VIOLATED) func1_wst
   khu_sensor_top/ads1292_filter/iir_lpf/add/b_m_reg_7_/D   2.9293   2.8853 r  -0.0440 (VIOLATED) func1_wst
   khu_sensor_top/ads1292_filter/iir_hpf/add/a_m_reg_23_/D   2.8139   2.7731 r  -0.0408 (VIOLATED) func1_wst
   khu_sensor_top/ads1292_filter/iir_hpf/add/a_m_reg_14_/D   2.7968   2.7571 r  -0.0397 (VIOLATED) func1_wst
   khu_sensor_top/ads1292_filter/iir_lpf/add/b_m_reg_8_/D   2.9323   2.8931 r  -0.0391 (VIOLATED) func1_wst
   khu_sensor_top/ads1292_filter/iir_lpf/add/b_m_reg_3_/D   2.9080   2.8696 r  -0.0384 (VIOLATED) func1_wst
   khu_sensor_top/ads1292_filter/iir_lpf/add/b_m_reg_22_/D   2.9272   2.8889 r  -0.0383 (VIOLATED) func1_wst
   khu_sensor_top/ads1292_filter/iir_hpf/add/a_m_reg_4_/D   2.8144   2.7772 r  -0.0372 (VIOLATED) func1_wst
   khu_sensor_top/ads1292_filter/iir_hpf/add/a_m_reg_19_/D   2.8119   2.7758 r  -0.0360 (VIOLATED) func1_wst
   khu_sensor_top/ads1292_filter/iir_lpf/add/b_m_reg_11_/D   2.9286   2.8926 r  -0.0359 (VIOLATED) func1_wst
   khu_sensor_top/ads1292_filter/iir_hpf/add/a_m_reg_17_/D   2.8117   2.7758 r  -0.0359 (VIOLATED) func1_wst
   khu_sensor_top/ads1292_filter/iir_hpf/add/a_m_reg_9_/D   2.8035   2.7683 r  -0.0352 (VIOLATED) func1_wst
   khu_sensor_top/ads1292_filter/iir_lpf/add/b_m_reg_19_/D   2.9277   2.8925 r  -0.0352 (VIOLATED) func1_wst
   khu_sensor_top/ads1292_filter/iir_hpf/add/b_s_reg/D   2.7915   2.7566 r  -0.0349 (VIOLATED) func1_wst
   khu_sensor_top/ads1292_filter/iir_hpf/add/b_m_reg_15_/D   2.7892   2.7542 r  -0.0349 (VIOLATED) func1_wst
   khu_sensor_top/ads1292_filter/iir_hpf/add/a_m_reg_7_/D   2.8124   2.7780 r  -0.0343 (VIOLATED) func1_wst
   khu_sensor_top/ads1292_filter/iir_lpf/add/b_m_reg_13_/D   2.9105   2.8762 r  -0.0342 (VIOLATED) func1_wst
   khu_sensor_top/ads1292_filter/iir_hpf/add/a_m_reg_11_/D   2.7965   2.7630 r  -0.0335 (VIOLATED) func1_wst
   khu_sensor_top/ads1292_filter/iir_notch/r_x_data_reg_27_/D   2.8925   2.8603 f  -0.0322 (VIOLATED) func1_wst
   khu_sensor_top/ads1292_filter/iir_hpf/add/b_m_reg_17_/D   2.8122   2.7801 r  -0.0321 (VIOLATED) func1_wst
   khu_sensor_top/ads1292_filter/iir_lpf/mult_2/b_m_reg_4_/D   2.9112   2.8803 r  -0.0310 (VIOLATED) func1_wst
   khu_sensor_top/ads1292_filter/iir_lpf/add/b_m_reg_6_/D   2.9258   2.8961 r  -0.0298 (VIOLATED) func1_wst
   khu_sensor_top/ads1292_filter/iir_hpf/add/a_m_reg_8_/D   2.8123   2.7835 r  -0.0287 (VIOLATED) func1_wst
   khu_sensor_top/ads1292_filter/iir_notch/r_x_data_reg_28_/D   2.8932   2.8664 f  -0.0268 (VIOLATED) func1_wst
   khu_sensor_top/ads1292_filter/iir_lpf/mult_2/b_m_reg_17_/D   2.9099   2.8853 r  -0.0247 (VIOLATED) func1_wst
   khu_sensor_top/ads1292_filter/iir_hpf/add/b_m_reg_7_/D   2.7867   2.7621 r  -0.0246 (VIOLATED) func1_wst
   khu_sensor_top/ads1292_filter/o_ADS1292_FILTERED_DATA_reg_20_/D   2.8179   2.7936 f  -0.0243 (VIOLATED) func1_wst
   khu_sensor_top/ads1292_filter/iir_lpf/mult_2/b_m_reg_2_/D   2.9137   2.8895 r  -0.0242 (VIOLATED) func1_wst
   khu_sensor_top/ads1292_filter/iir_hpf/add/b_m_reg_21_/D   2.8038   2.7796 r  -0.0242 (VIOLATED) func1_wst
   khu_sensor_top/ads1292_filter/iir_hpf/r_y_data_reg_25_/D   2.8109   2.7875 f  -0.0235 (VIOLATED) func1_wst
   khu_sensor_top/ads1292_filter/iir_hpf/r_y_data_reg_8_/D   2.8113   2.7878 f  -0.0235 (VIOLATED) func1_wst
   khu_sensor_top/ads1292_filter/iir_lpf/add/b_m_reg_14_/D   2.9251   2.9019 r  -0.0232 (VIOLATED) func1_wst
   khu_sensor_top/ads1292_filter/iir_lpf/r_x_data_reg_25_/D   2.8342   2.8137 f  -0.0205 (VIOLATED) func1_wst
   khu_sensor_top/ads1292_filter/iir_hpf/add/a_m_reg_20_/D   2.8117   2.7914 r  -0.0203 (VIOLATED) func1_wst
   khu_sensor_top/ads1292_filter/iir_hpf/add/b_m_reg_19_/D   2.8064   2.7863 r  -0.0201 (VIOLATED) func1_wst
   khu_sensor_top/ads1292_filter/iir_notch/r_x_data_reg_23_/D   2.8927   2.8728 f  -0.0200 (VIOLATED) func1_wst
   khu_sensor_top/ads1292_filter/iir_lpf/add/b_m_reg_10_/D   2.9290   2.9092 r  -0.0197 (VIOLATED) func1_wst
   khu_sensor_top/ads1292_filter/iir_notch/mult_2/b_m_reg_21_/D   2.9325   2.9132 f  -0.0193 (VIOLATED) func1_wst
   khu_sensor_top/ads1292_filter/iir_lpf/mult_2/b_m_reg_13_/D   2.9095   2.8902 r  -0.0192 (VIOLATED) func1_wst
   khu_sensor_top/ads1292_filter/iir_lpf/add/b_reg_24_/D   2.8453   2.8279 f  -0.0175 (VIOLATED) func1_wst
   khu_sensor_top/ads1292_filter/iir_lpf/mult_2/b_e_reg_2_/D   2.9886   2.9713 f  -0.0173 (VIOLATED) func1_wst
   khu_sensor_top/ads1292_filter/iir_lpf/add/a_reg_31_/D   2.8447   2.8275 f  -0.0171 (VIOLATED) func1_wst
   khu_sensor_top/ads1292_filter/iir_notch/r_x_data_reg_24_/D   2.8910   2.8739 f  -0.0171 (VIOLATED) func1_wst
   khu_sensor_top/ads1292_filter/iir_lpf/add/b_reg_30_/D   2.8445   2.8278 f  -0.0167 (VIOLATED) func1_wst
   khu_sensor_top/ads1292_filter/iir_hpf/add/b_m_reg_16_/D   2.8098   2.7936 r  -0.0162 (VIOLATED) func1_wst
   khu_sensor_top/ads1292_filter/iir_hpf/add/a_m_reg_16_/D   2.8112   2.7953 r  -0.0158 (VIOLATED) func1_wst
   khu_sensor_top/ads1292_filter/iir_hpf/add/a_m_reg_21_/D   2.8106   2.7950 r  -0.0156 (VIOLATED) func1_wst
   khu_sensor_top/ads1292_filter/iir_notch/mult_1/a_reg_17_/D   2.8698   2.8550 f  -0.0149 (VIOLATED) func1_wst
   khu_sensor_top/ads1292_filter/iir_lpf/add/b_m_reg_16_/D   2.9082   2.8934 r  -0.0147 (VIOLATED) func1_wst
   khu_sensor_top/ads1292_filter/iir_lpf/add/b_m_reg_18_/D   2.9084   2.8940 r  -0.0144 (VIOLATED) func1_wst
   khu_sensor_top/ads1292_filter/iir_notch/mult_1/b_reg_19_/D   2.9069   2.8930 f  -0.0139 (VIOLATED) func1_wst
   khu_sensor_top/ads1292_filter/iir_lpf/r_x_data_reg_28_/D   2.8336   2.8200 f  -0.0136 (VIOLATED) func1_wst
   khu_sensor_top/ads1292_filter/iir_notch/add_2/o_Z_reg_21_/D   2.8040   2.7907 f  -0.0133 (VIOLATED) func1_wst
   khu_sensor_top/ads1292_filter/iir_lpf/r_x_data_reg_10_/D   2.8333   2.8201 f  -0.0132 (VIOLATED) func1_wst
   khu_sensor_top/ads1292_filter/iir_notch/mult_3/b_reg_23_/D   2.8966   2.8837 f  -0.0130 (VIOLATED) func1_wst
   khu_sensor_top/ads1292_filter/iir_lpf/add/b_m_reg_15_/D   2.9280   2.9151 r  -0.0129 (VIOLATED) func1_wst
   khu_sensor_top/ads1292_filter/iir_lpf/add/b_m_reg_23_/D   2.9095   2.8967 r  -0.0128 (VIOLATED) func1_wst
   khu_sensor_top/ads1292_filter/iir_notch/r_x_data_reg_17_/D   2.7306   2.7180 f  -0.0126 (VIOLATED) func1_wst
   khu_sensor_top/ads1292_filter/iir_notch/mult_1/a_reg_2_/D   2.8692   2.8566 f  -0.0126 (VIOLATED) func1_wst
   khu_sensor_top/ads1292_filter/iir_hpf/add/a_m_reg_24_/D   2.8127   2.8004 r  -0.0123 (VIOLATED) func1_wst
   khu_sensor_top/ads1292_filter/iir_hpf/add/b_m_reg_5_/D   2.7898   2.7779 r  -0.0118 (VIOLATED) func1_wst
   khu_sensor_top/ads1292_filter/iir_lpf/r_x_data_reg_12_/D   2.8324   2.8207 f  -0.0117 (VIOLATED) func1_wst
   khu_sensor_top/ads1292_filter/iir_notch/r_x_data_reg_80_/D   2.9800   2.9687 f  -0.0112 (VIOLATED) func1_wst
   khu_sensor_top/ads1292_filter/iir_notch/mult_3/b_reg_24_/D   2.9001   2.8889 f  -0.0112 (VIOLATED) func1_wst
   khu_sensor_top/ads1292_filter/iir_lpf/r_x_data_reg_5_/D   2.8339   2.8228 f  -0.0111 (VIOLATED) func1_wst
   khu_sensor_top/ads1292_filter/iir_hpf/add/a_m_reg_10_/D   2.8015   2.7906 r  -0.0110 (VIOLATED) func1_wst
   khu_sensor_top/ads1292_filter/iir_lpf/r_x_data_reg_29_/D   2.8323   2.8219 f  -0.0104 (VIOLATED) func1_wst
   khu_sensor_top/ads1292_filter/iir_lpf/mult_2/b_m_reg_9_/D   2.9457   2.9355 r  -0.0102 (VIOLATED) func1_wst
   khu_sensor_top/ads1292_filter/iir_notch/r_x_data_reg_85_/D   2.8029   2.7933 f  -0.0097 (VIOLATED) func1_wst
   khu_sensor_top/ads1292_filter/iir_notch/r_y_data_reg_124_/D   2.8729   2.8635 f  -0.0093 (VIOLATED) func1_wst
   khu_sensor_top/ads1292_filter/iir_notch/mult_2/b_m_reg_10_/D   2.8846   2.8753 r  -0.0092 (VIOLATED) func1_wst
   khu_sensor_top/ads1292_filter/iir_lpf/add/b_m_reg_12_/D   2.9091   2.8999 r  -0.0092 (VIOLATED) func1_wst
   khu_sensor_top/ads1292_filter/iir_lpf/add/a_reg_24_/D   2.8441   2.8351 f  -0.0090 (VIOLATED) func1_wst
   khu_sensor_top/ads1292_filter/iir_notch/add_2/o_Z_reg_17_/D   2.8001   2.7911 f  -0.0089 (VIOLATED) func1_wst
   khu_sensor_top/ads1292_filter/iir_notch/mult_2/b_m_reg_9_/D   2.8462   2.8375 r  -0.0087 (VIOLATED) func1_wst
   khu_sensor_top/ads1292_filter/iir_hpf/add/b_m_reg_24_/D   2.8078   2.7994 r  -0.0084 (VIOLATED) func1_wst
   khu_sensor_top/ads1292_filter/iir_lpf/add/b_m_reg_5_/D   2.9079   2.8996 r  -0.0082 (VIOLATED) func1_wst
   khu_sensor_top/ads1292_filter/iir_lpf/add/b_m_reg_24_/D   2.9312   2.9231 r  -0.0082 (VIOLATED) func1_wst
   khu_sensor_top/mpr121_controller/o_MPR121_DATA_OUT_reg_5_/D   2.6643   2.6561 f  -0.0082 (VIOLATED) func1_wst
   khu_sensor_top/ads1292_filter/converter_i2f/z_reg_14_/D   2.8749   2.8668 f  -0.0081 (VIOLATED) func1_wst
   khu_sensor_top/ads1292_filter/iir_lpf/add/a_m_reg_24_/D   2.8971   2.8891 r  -0.0079 (VIOLATED) func1_wst
   khu_sensor_top/ads1292_filter/r_converter_i2f_a_reg_14_/D   2.6990   2.6912 f  -0.0077 (VIOLATED) func1_wst
   khu_sensor_top/ads1292_filter/iir_lpf/r_y_data_reg_31_/D   2.8257   2.8181 f  -0.0076 (VIOLATED) func1_wst
   khu_sensor_top/ads1292_filter/converter_i2f/z_reg_12_/D   2.8764   2.8689 f  -0.0074 (VIOLATED) func1_wst
   khu_sensor_top/ads1292_filter/iir_lpf/add/b_m_reg_25_/D   2.9273   2.9201 r  -0.0072 (VIOLATED) func1_wst
   khu_sensor_top/ads1292_filter/iir_hpf/add/a_s_reg/D   2.7759   2.7687 r  -0.0072 (VIOLATED) func1_wst
   khu_sensor_top/ads1292_filter/iir_hpf/add/b_m_reg_8_/D   2.8102   2.8030 r  -0.0072 (VIOLATED) func1_wst
   khu_sensor_top/ads1292_filter/iir_notch/mult_2/b_m_reg_19_/D   2.8441   2.8369 r  -0.0071 (VIOLATED) func1_wst
   khu_sensor_top/ads1292_filter/iir_notch/r_x_data_reg_103_/D   2.9787   2.9717 f  -0.0070 (VIOLATED) func1_wst
   khu_sensor_top/ads1292_filter/iir_notch/mult_2/a_m_reg_19_/D   2.9095   2.9026 r  -0.0069 (VIOLATED) func1_wst
   khu_sensor_top/ads1292_filter/iir_notch/mult_1/a_reg_12_/D   2.8953   2.8883 f  -0.0069 (VIOLATED) func1_wst
   khu_sensor_top/ads1292_filter/iir_hpf/mult/b_reg_0_/D   2.8084   2.8015 f  -0.0069 (VIOLATED) func1_wst
   khu_sensor_top/ads1292_filter/iir_notch/mult_1/o_Z_reg_2_/D   2.7746   2.7679 f  -0.0067 (VIOLATED) func1_wst
   khu_sensor_top/ads1292_filter/iir_lpf/add/a_reg_22_/D   2.8417   2.8350 f  -0.0067 (VIOLATED) func1_wst
   khu_sensor_top/ads1292_filter/iir_notch/mult_3/b_reg_3_/D   2.8968   2.8903 f  -0.0065 (VIOLATED) func1_wst
   khu_sensor_top/ads1292_filter/iir_lpf/add/o_Z_reg_30_/D   2.7730   2.7666 f  -0.0064 (VIOLATED) func1_wst
   khu_sensor_top/ads1292_filter/iir_lpf/mult_2/b_m_reg_11_/D   2.9118   2.9054 r  -0.0064 (VIOLATED) func1_wst
   khu_sensor_top/ads1292_filter/converter_f2i/a_m_reg_7_/D   2.8742   2.8679 f  -0.0063 (VIOLATED) func1_wst
   khu_sensor_top/ads1292_filter/iir_lpf/r_x_data_reg_87_/D   2.8604   2.8542 f  -0.0063 (VIOLATED) func1_wst
   khu_sensor_top/ads1292_filter/iir_lpf/mult_2/b_m_reg_10_/D   2.9455   2.9393 r  -0.0062 (VIOLATED) func1_wst
   khu_sensor_top/ads1292_filter/iir_hpf/r_y_data_reg_23_/D   2.8065   2.8004 f  -0.0061 (VIOLATED) func1_wst
   khu_sensor_top/ads1292_filter/iir_notch/mult_1/b_reg_9_/D   2.9076   2.9016 f  -0.0060 (VIOLATED) func1_wst
   khu_sensor_top/ads1292_filter/converter_i2f/z_reg_13_/D   2.8753   2.8694 f  -0.0059 (VIOLATED) func1_wst
   khu_sensor_top/ads1292_filter/iir_lpf/mult_1/a_m_reg_0_/D   2.8802   2.8744 r  -0.0059 (VIOLATED) func1_wst
   khu_sensor_top/ads1292_filter/iir_lpf/mult_2/b_m_reg_6_/D   2.9485   2.9428 r  -0.0057 (VIOLATED) func1_wst
   khu_sensor_top/ads1292_filter/iir_lpf/r_x_data_reg_23_/D   2.8582   2.8530 f  -0.0053 (VIOLATED) func1_wst
   khu_sensor_top/ads1292_filter/iir_notch/r_x_data_reg_82_/D   2.9800   2.9749 f  -0.0051 (VIOLATED) func1_wst
   khu_sensor_top/ads1292_filter/iir_notch/mult_2/b_m_reg_7_/D   2.8840   2.8789 r  -0.0051 (VIOLATED) func1_wst
   khu_sensor_top/ads1292_filter/iir_notch/add_2/o_Z_reg_9_/D   2.7992   2.7944 f  -0.0047 (VIOLATED) func1_wst
   khu_sensor_top/ads1292_filter/converter_i2f/z_reg_15_/D   2.8738   2.8691 f  -0.0047 (VIOLATED) func1_wst
   khu_sensor_top/ads1292_filter/iir_notch/mult_1/b_reg_5_/D   2.9070   2.9024 f  -0.0047 (VIOLATED) func1_wst
   khu_sensor_top/ads1292_filter/iir_notch/r_x_data_reg_77_/D   2.9805   2.9759 f  -0.0046 (VIOLATED) func1_wst
   khu_sensor_top/ads1292_filter/o_ADS1292_FILTERED_DATA_reg_3_/D   2.8341   2.8297 f  -0.0045 (VIOLATED) func1_wst
   khu_sensor_top/ads1292_filter/iir_notch/r_x_data_reg_99_/D   2.9819   2.9777 f  -0.0042 (VIOLATED) func1_wst
   khu_sensor_top/ads1292_filter/iir_lpf/mult_2/b_e_reg_3_/D   2.9889   2.9851 f  -0.0038 (VIOLATED) func1_wst
   khu_sensor_top/ads1292_filter/iir_notch/mult_3/b_reg_11_/D   2.8529   2.8494 f  -0.0035 (VIOLATED) func1_wst
   khu_sensor_top/ads1292_filter/iir_lpf/add/b_reg_29_/D   2.8413   2.8378 f  -0.0035 (VIOLATED) func1_wst
   khu_sensor_top/ads1292_filter/iir_notch/add_1/a_reg_6_/D   2.9330   2.9295 f  -0.0035 (VIOLATED) func1_wst
   khu_sensor_top/ads1292_filter/iir_notch/mult_1/a_reg_20_/D   2.8950   2.8915 f  -0.0034 (VIOLATED) func1_wst
   khu_sensor_top/ads1292_filter/iir_lpf/r_x_data_reg_6_/D   2.8316   2.8283 f  -0.0033 (VIOLATED) func1_wst
   khu_sensor_top/ads1292_filter/converter_i2f/z_reg_11_/D   2.8752   2.8724 f  -0.0029 (VIOLATED) func1_wst
   khu_sensor_top/ads1292_filter/iir_hpf/add/a_m_reg_12_/D   2.8144   2.8116 r  -0.0028 (VIOLATED) func1_wst
   khu_sensor_top/ads1292_filter/iir_notch/add_2/o_Z_reg_4_/D   2.8291   2.8264 f  -0.0027 (VIOLATED) func1_wst
   khu_sensor_top/mpr121_controller/o_MPR121_DATA_OUT_reg_6_/D   2.6624   2.6597 f  -0.0027 (VIOLATED) func1_wst
   khu_sensor_top/ads1292_filter/iir_lpf/r_x_data_reg_9_/D   2.8584   2.8557 f  -0.0026 (VIOLATED) func1_wst
   khu_sensor_top/ads1292_filter/converter_i2f/a_reg_21_/D   2.7469   2.7443 f  -0.0026 (VIOLATED) func1_wst
   khu_sensor_top/ads1292_filter/iir_lpf/add/b_reg_23_/D   2.8418   2.8392 f  -0.0025 (VIOLATED) func1_wst
   khu_sensor_top/ads1292_filter/iir_notch/mult_1/b_reg_27_/D   2.9091   2.9068 f  -0.0023 (VIOLATED) func1_wst
   khu_sensor_top/ads1292_filter/iir_lpf/add/b_m_reg_17_/D   2.9094   2.9072 r  -0.0021 (VIOLATED) func1_wst
   khu_sensor_top/ads1292_filter/iir_notch/add_1/a_reg_14_/D   2.9282   2.9262 f  -0.0020 (VIOLATED) func1_wst
   khu_sensor_top/ads1292_filter/iir_hpf/mult/b_reg_26_/D   2.8061   2.8043 f  -0.0019 (VIOLATED) func1_wst
   khu_sensor_top/ads1292_filter/converter_i2f/z_reg_8_/D   2.8745   2.8727 f  -0.0019 (VIOLATED) func1_wst
   khu_sensor_top/ads1292_filter/iir_hpf/add/a_m_reg_13_/D   2.7955   2.7937 r  -0.0018 (VIOLATED) func1_wst
   khu_sensor_top/ads1292_filter/iir_notch/mult_1/a_reg_14_/D   2.8945   2.8934 f  -0.0011 (VIOLATED) func1_wst
   khu_sensor_top/ads1292_filter/iir_notch/add_2/a_reg_3_/D   2.8839   2.8830 f  -0.0009 (VIOLATED) func1_wst
   khu_sensor_top/ads1292_filter/iir_hpf/add/b_m_reg_18_/D   2.8094   2.8087 r  -0.0008 (VIOLATED) func1_wst
   khu_sensor_top/ads1292_filter/iir_hpf/mult/o_Z_reg_18_/D   2.8326   2.8319 f  -0.0007 (VIOLATED) func1_wst
   khu_sensor_top/ads1292_filter/iir_lpf/r_x_data_reg_88_/D   2.8590   2.8584 f  -0.0006 (VIOLATED) func1_wst
   khu_sensor_top/ads1292_filter/iir_notch/mult_1/b_reg_20_/D   2.9073   2.9068 f  -0.0005 (VIOLATED) func1_wst
   khu_sensor_top/ads1292_filter/iir_notch/mult_1/b_reg_8_/D   2.9074   2.9071 f  -0.0003 (VIOLATED) func1_wst
   khu_sensor_top/ads1292_filter/converter_i2f/a_reg_11_/D   2.7467   2.7465 f  -0.0002 (VIOLATED) func1_wst
   khu_sensor_top/ads1292_filter/iir_notch/add_2/o_Z_reg_18_/D   2.8013   2.8012 f   0.0000 (VIOLATED: increase significant digits) func1_wst


   min_delay/hold ('clk_half' group)

                             Required        Actual
   Endpoint                 Path Delay     Path Delay        Slack             Scenario
   -----------------------------------------------------------------
   khu_sensor_top/sensor_core/o_MPR121_REG_ADDR_reg_3_/D   1.5931   1.5613 f  -0.0318 (VIOLATED) func1_wst
   khu_sensor_top/sensor_core/o_MPR121_REG_ADDR_reg_5_/D   1.5929   1.5745 f  -0.0183 (VIOLATED) func1_wst
   khu_sensor_top/sensor_core/o_MPR121_REG_ADDR_reg_2_/D   1.5926   1.5782 f  -0.0144 (VIOLATED) func1_wst
   khu_sensor_top/sensor_core/r_mpr_touch_status_reg_11_/D   1.6420   1.6330 f  -0.0091 (VIOLATED) func1_wst
   khu_sensor_top/sensor_core/o_MPR121_REG_ADDR_reg_7_/D   1.5923   1.5885 f  -0.0037 (VIOLATED) func1_wst
   khu_sensor_top/sensor_core/r_mpr_touch_status_reg_10_/D   1.6416   1.6399 f  -0.0017 (VIOLATED) func1_wst


   max_transition

                             Required        Actual
   Net                      Transition     Transition        Slack             Scenario
   -----------------------------------------------------------------
   khu_sensor_top/ads1292_filter/iir_notch/w_mult_1_Z[12]   0.9000   0.9605  -0.0605 (VIOLATED) func1_wst
       PIN :   khu_sensor_top/ads1292_filter/iir_notch/mult_1/o_Z_reg_12_/Q   0.9000   0.9601  -0.0601 (VIOLATED)
       PIN :   khu_sensor_top/ads1292_filter/iir_notch/U599/A   0.9000   0.9603  -0.0603 (VIOLATED)
       PIN :   khu_sensor_top/ads1292_filter/iir_notch/U324/A0   0.9000   0.9605  -0.0605 (VIOLATED)
   khu_sensor_top/ads1292_filter/iir_hpf/mult/n14   0.9000   0.9209  -0.0209 (VIOLATED) func1_wst
       PIN :   khu_sensor_top/ads1292_filter/iir_hpf/mult/a_reg_6_/D   0.9000   0.9208  -0.0208 (VIOLATED)
       PIN :   khu_sensor_top/ads1292_filter/iir_hpf/mult/a_reg_8_/D   0.9000   0.9208  -0.0208 (VIOLATED)
       PIN :   khu_sensor_top/ads1292_filter/iir_hpf/mult/a_reg_7_/D   0.9000   0.9208  -0.0208 (VIOLATED)
       PIN :   khu_sensor_top/ads1292_filter/iir_hpf/mult/a_reg_14_/D   0.9000   0.9208  -0.0208 (VIOLATED)
       PIN :   khu_sensor_top/ads1292_filter/iir_hpf/mult/a_reg_5_/D   0.9000   0.9208  -0.0208 (VIOLATED)
       PIN :   khu_sensor_top/ads1292_filter/iir_hpf/mult/a_reg_11_/D   0.9000   0.9208  -0.0208 (VIOLATED)
       PIN :   khu_sensor_top/ads1292_filter/iir_hpf/mult/a_reg_13_/D   0.9000   0.9208  -0.0208 (VIOLATED)
       PIN :   khu_sensor_top/ads1292_filter/iir_hpf/mult/a_reg_9_/D   0.9000   0.9208  -0.0208 (VIOLATED)
       PIN :   khu_sensor_top/ads1292_filter/iir_hpf/mult/a_reg_17_/D   0.9000   0.9208  -0.0208 (VIOLATED)
       PIN :   khu_sensor_top/ads1292_filter/iir_hpf/mult/a_reg_1_/D   0.9000   0.9209  -0.0209 (VIOLATED)
       PIN :   khu_sensor_top/ads1292_filter/iir_hpf/mult/a_reg_16_/D   0.9000   0.9209  -0.0209 (VIOLATED)
       PIN :   khu_sensor_top/ads1292_filter/iir_hpf/mult/a_reg_21_/D   0.9000   0.9209  -0.0209 (VIOLATED)
       PIN :   khu_sensor_top/ads1292_filter/iir_hpf/mult/a_reg_0_/D   0.9000   0.9208  -0.0208 (VIOLATED)
       PIN :   khu_sensor_top/ads1292_filter/iir_hpf/mult/a_reg_22_/D   0.9000   0.9208  -0.0208 (VIOLATED)
       PIN :   khu_sensor_top/ads1292_filter/iir_hpf/mult/a_reg_29_/D   0.9000   0.9207  -0.0207 (VIOLATED)
       PIN :   khu_sensor_top/ads1292_filter/iir_hpf/mult/a_reg_25_/D   0.9000   0.9206  -0.0206 (VIOLATED)
       PIN :   khu_sensor_top/ads1292_filter/iir_hpf/mult/a_reg_24_/D   0.9000   0.9208  -0.0208 (VIOLATED)
       PIN :   khu_sensor_top/ads1292_filter/iir_hpf/mult/a_reg_27_/D   0.9000   0.9206  -0.0206 (VIOLATED)
       PIN :   khu_sensor_top/ads1292_filter/iir_hpf/mult/a_reg_26_/D   0.9000   0.9204  -0.0204 (VIOLATED)
       PIN :   khu_sensor_top/ads1292_filter/iir_hpf/mult/a_reg_28_/D   0.9000   0.9207  -0.0207 (VIOLATED)
       PIN :   khu_sensor_top/ads1292_filter/iir_hpf/mult/icc_place12/Y   0.9000   0.9200  -0.0200 (VIOLATED)
   khu_sensor_top/ads1292_filter/iir_lpf/add/C2_Z_5   0.9000   0.9026  -0.0026 (VIOLATED) func1_wst
       PIN :   khu_sensor_top/ads1292_filter/iir_lpf/add/U922/Y   0.9000   0.9026  -0.0026 (VIOLATED)
       PIN :   khu_sensor_top/ads1292_filter/iir_lpf/add/DP_OP_46_236_7011/U77/B   0.9000   0.9026  -0.0026 (VIOLATED)

   -----------------------------------------------------------------
   Total                      3                -0.0840    func1_wst

   max_net_length

                             Required        Actual
   Net                      Net length     Net length        Slack             Scenario
   -----------------------------------------------------------------
   khu_sensor_top/w_clk_p_G2B8I6 (dont_touch) 800.0000 1153.2100 -353.2100 (VIOLATED) func1_wst
   khu_sensor_top/ads1292_filter/w_clk_p_G2B8I2 (dont_touch) 800.0000 1093.8199 -293.8199 (VIOLATED) func1_wst
   khu_sensor_top/w_clk_p_G2B1I1 (dont_touch) 800.0000 1072.0800 -272.0800 (VIOLATED) func1_wst
   khu_sensor_top/w_CLOCK_HALF_G4B6I1 (dont_touch) 800.0000 1019.4450 -219.4450 (VIOLATED) func1_wst
   khu_sensor_top/ads1292_filter/w_clk_p_G2B6I10 (dont_touch) 800.0000 1015.7950 -215.7950 (VIOLATED) func1_wst
   n4                       800.0000       965.6700       -165.6700 (VIOLATED) func1_wst
   khu_sensor_top/w_clk_p_G2B8I4 (dont_touch) 800.0000 961.8300 -161.8300 (VIOLATED) func1_wst
   khu_sensor_top/w_clk_p_G2B8I3 (dont_touch) 800.0000 933.4800 -133.4800 (VIOLATED) func1_wst
   khu_sensor_top/w_clk_p_G2B8I5 (dont_touch) 800.0000 925.3250 -125.3250 (VIOLATED) func1_wst
   khu_sensor_top/ads1292_filter/iir_notch/w_clk_p_G2B6I4 (dont_touch) 800.0000 888.0450 -88.0450 (VIOLATED) func1_wst
   khu_sensor_top/ads1292_filter/iir_lpf/mult_1/TIEHIMTR_U152_net 800.0000 877.5200 -77.5200 (VIOLATED) func1_wst
   khu_sensor_top/w_clk_p_G2B6I7 (dont_touch) 800.0000 875.5000 -75.5000 (VIOLATED) func1_wst
   khu_sensor_top/w_clk_p_G2B5I1 (dont_touch) 800.0000 859.6500 -59.6500 (VIOLATED) func1_wst
   khu_sensor_top/ads1292_filter/iir_lpf/mult_1/TIEHIMTR_U151_net 800.0000 855.7950 -55.7950 (VIOLATED) func1_wst
   khu_sensor_top/w_clk_p_G2B8I9 (dont_touch) 800.0000 854.1900 -54.1900 (VIOLATED) func1_wst
   khu_sensor_top/w_clk_p_G2B4I3 (dont_touch) 800.0000 844.6050 -44.6050 (VIOLATED) func1_wst
   khu_sensor_top/ads1292_filter/iir_lpf/mult_1/TIEHIMTR_U148_net 800.0000 827.5030 -27.5030 (VIOLATED) func1_wst
   khu_sensor_top/ads1292_filter/iir_lpf/mult_1/n1112 (dont_touch) 800.0000 825.0650 -25.0650 (VIOLATED) func1_wst
   khu_sensor_top/ads1292_filter/iir_lpf/mult_1/TIEHIMTR_U147_net 800.0000 819.7250 -19.7250 (VIOLATED) func1_wst

   -----------------------------------------------------------------
   Total                      19              -2468.2524  func1_wst

   max_area

                             Required        Actual
   Design                      Area           Area           Slack
   -----------------------------------------------------------------
   khu_sensor_pad             0.0000       130940.4766    -130940.4766 (VIOLATED)


1
