 
****************************************
Report : net fanout
        -threshold 100
Design : khu_sensor_pad
Scenario(s): func1_wst
Version: N-2017.09
Date   : Thu Nov 19 19:54:46 2020
****************************************


Operating Conditions: ss_1p08v_125c   Library: scmetro_cmos10lp_rvt_ss_1p08v_125c_sadhm
Wire Load Model Mode: top


Attributes:
   dr - drc disabled
    c - annotated capacitance
    d - dont_touch
    i - ideal_net
    I - ideal_network
    p - includes pin load
    r - annotated resistance
    h - high fanout

Net                 Fanout   Attributes   Capacitance   Driver
--------------------------------------------------------------------------------
khu_sensor_top/ads1292_controller/N79
                       115   c, d, I          0.00      khu_sensor_top/ads1292_controller/async_rstn_synchronizer/o_RSTN_reg/Q
khu_sensor_top/ads1292_filter/N17
                       215   c, d, I          0.00      khu_sensor_top/ads1292_filter/async_rstn_synchronizer/o_RSTN_reg/Q
khu_sensor_top/sensor_core/N116
                       265   c, d, I          0.00      khu_sensor_top/sensor_core/U651/Y
khu_sensor_top/ads1292_filter/iir_hpf/w_rstn
                       235   c, d, I          0.00      khu_sensor_top/ads1292_filter/iir_hpf/async_rstn_synchronizer/o_RSTN_reg/Q
khu_sensor_top/ads1292_filter/iir_notch/w_rstn
                       609   c, d, I          0.00      khu_sensor_top/ads1292_filter/iir_notch/async_rstn_synchronizer/o_RSTN_reg/Q
khu_sensor_top/ads1292_filter/iir_lpf/w_rstn
                       333   c, d, I          0.00      khu_sensor_top/ads1292_filter/iir_lpf/async_rstn_synchronizer/o_RSTN_reg/Q
1
