***********************************************
Report          : create_qor_snapshot (06_route)
Design          : khu_sensor_pad
Version         : N-2017.09
Date            : Thu Nov 19 19:54:46 2020
Time unit       : 1.0e-09 Second(ns)
Capacitance unit: 1.0e-12 Farad(pF)
Voltage unit    : 1 Volt
Power unit      : 1.0e-03 Watt(mW)
Location        : /home/VLSI_graduated_2020/2015104027/khu_sensor_65n/03_Physical_Synthesis/snapshot
***********************************************
No. of scenario = 1
s1 = func1_wst
--------------------------------------------------
WNS of each timing group:                       s1 
--------------------------------------------------
REGOUT                                     -0.4522 
clk                                        -0.3457 
--------------------------------------------------
Setup WNS:                                 -0.4522 
Setup TNS:                                 -4.1073
Number of setup violations:                     30  
Hold WNS:                                  -0.0795  
Hold TNS:                                  -3.0819  
Number of hold violations:                     165  
Number of max trans violations:                  3  
Number of max cap violations:                    0  
Number of min pulse width violations:            0  
Route drc violations:                           35
--------------------------------------------------
Area:                                       130940
Cell count:                                  31703
Buf/inv cell count:                           7008
Std cell utilization:                       12.24%
CPU/ELAPSE(hr):                          0.19/0.22
Mem(Mb):                                       839
Host name:                               vlsi-dist.khu.ac.kr
--------------------------------------------------
Histogram:             s1 
--------------------------------------------------
Max violations:        30 
   above ~ -0.7  ---    0 
    -0.6 ~ -0.7  ---    0 
    -0.5 ~ -0.6  ---    0 
    -0.4 ~ -0.5  ---    2 
    -0.3 ~ -0.4  ---    1 
    -0.2 ~ -0.3  ---    4 
    -0.1 ~ -0.2  ---    9 
       0 ~ -0.1  ---   14 
--------------------------------------------------
Min violations:       165 
  -0.06 ~ above  ---   10 
  -0.05 ~ -0.06  ---    4 
  -0.04 ~ -0.05  ---    6 
  -0.03 ~ -0.04  ---   19 
  -0.02 ~ -0.03  ---   15 
  -0.01 ~ -0.02  ---   34 
      0 ~ -0.01  ---   77 
--------------------------------------------------
Snapshot report (snap.rpt) is created and can be viewed using file "/home/VLSI_graduated_2020/2015104027/khu_sensor_65n/03_Physical_Synthesis/snapshot/snap.rpt.html"
1
