Information: Propagating switching activity (high effort zero delay simulation). (PWR-6)
Warning: Design has unannotated primary inputs. (PWR-414)
Warning: Design has unannotated sequential cell outputs. (PWR-415)
Warning: Design has unannotated black box outputs. (PWR-428)
 
****************************************
Report : power
        -analysis_effort high
        -verbose
Design : khu_sensor_pad
Version: L-2016.03-SP5-5
Date   : Thu Nov 19 19:08:25 2020
****************************************


Library(s) Used:

    scmetro_cmos10lp_rvt_ss_1p08v_125c_sadhm (File: /Tools/Library/samsung65_2016/CB_1502/PRIMITIVE/sec100226_0042_SS65LP_Normal_RVT_Normal_FE_Common_N/synopsys/scmetro_cmos10lp_rvt_ss_1p08v_125c_sadhm.db)
    ss65lp3p3v_wst_108_300_p125 (File: /Tools/Library/samsung65_2016/CB_1502/IO/synopsys/ss65lp3p3v_wst_108_300_p125.db)


Operating Conditions: ss_1p08v_125c   Library: scmetropmk_cmos10lp_rvt_ss_1p08v_125c_sadhm
Wire Load Model Mode: top


Global Operating Voltage = 1.08 
Power-specific unit information :
    Voltage Units = 1V
    Capacitance Units = 1.000000pf
    Time Units = 1ns
    Dynamic Power Units = 1mW    (derived from V,C,T units)
    Leakage Power Units = 1mW


  Cell Internal Power  =  11.7036 mW    (5%)
  Net Switching Power  = 216.2803 mW   (95%)
                         ---------
Total Dynamic Power    = 227.9839 mW  (100%)

Cell Leakage Power     =  90.2044 uW

                 Internal         Switching           Leakage            Total                         Cell
Power Group      Power            Power               Power              Power   (   %    )  Attrs  Count
---------------------------------------------------------------------------------------------------------
io_pad             4.5853          216.2767        1.5512e-02          220.8775  (  96.84%)            56
memory             0.0000            0.0000            0.0000            0.0000  (   0.00%)            0
black_box          0.0000            0.0000            0.0000            0.0000  (   0.00%)            0
clock_network      0.0000            0.0000            0.0000            0.0000  (   0.00%)            0
register           7.1106        1.3830e-03        2.3388e-02            7.1353  (   3.13%)            5353
sequential         0.0000            0.0000            0.0000            0.0000  (   0.00%)            0
combinational  7.4795e-03        2.1303e-03        5.1304e-02        6.0914e-02  (   0.03%)            23269
---------------------------------------------------------------------------------------------------------
Total             11.7034 mW       216.2803 mW     9.0204e-02 mW       228.0738 mW
1
