Information: Scenario funccts_wst either not exists or is inactive. report_constraint will skip it. (UID-1059)
Information: Updating graph... (UID-83)

************************************************************
SI options:
Delta Delay Computation:           true
Static Noise Computation:          true
Timing window analysis for SI:     false
Min Delta Delay for SI:            true
Analysis Effort:                   medium
Max Transition Mode:               normal_slew
Static Noise Thresholds:           0.35 (0.38V) above low
                                   0.35 (0.38V) below high
Route xtalk prevention:            true
Route xtalk prevention threshold:  0.25
************************************************************

Information: Updating design information... (UID-85)

************************************************************
SI options:
Delta Delay Computation:           true
Static Noise Computation:          true
Timing window analysis for SI:     false
Min Delta Delay for SI:            true
Analysis Effort:                   medium
Max Transition Mode:               normal_slew
Static Noise Thresholds:           0.35 (0.38V) above low
                                   0.35 (0.38V) below high
Route xtalk prevention:            true
Route xtalk prevention threshold:  0.25
************************************************************

Information: Input delay ('rise') on clock port 'clk' will be added to the clock's propagated skew. (TIM-112)
Information: Input delay ('fall') on clock port 'clk' will be added to the clock's propagated skew. (TIM-112)
Information: Input delay ('rise') on clock port 'clk_half' will be added to the clock's propagated skew. (TIM-112)
Information: Input delay ('fall') on clock port 'clk_half' will be added to the clock's propagated skew. (TIM-112)
Information: Input delay ('rise') on clock port 'clk' will be added to the clock's propagated skew. (TIM-112)
Information: Input delay ('fall') on clock port 'clk' will be added to the clock's propagated skew. (TIM-112)
Information: Input delay ('rise') on clock port 'clk_half' will be added to the clock's propagated skew. (TIM-112)
Information: Input delay ('fall') on clock port 'clk_half' will be added to the clock's propagated skew. (TIM-112)
Information: Input delay ('rise') on clock port 'clk' will be added to the clock's propagated skew. (TIM-112)
Information: Input delay ('fall') on clock port 'clk' will be added to the clock's propagated skew. (TIM-112)
Information: Input delay ('rise') on clock port 'clk_half' will be added to the clock's propagated skew. (TIM-112)
Information: Input delay ('fall') on clock port 'clk_half' will be added to the clock's propagated skew. (TIM-112)
Information: Input delay ('rise') on clock port 'clk' will be added to the clock's propagated skew. (TIM-112)
Information: Input delay ('fall') on clock port 'clk' will be added to the clock's propagated skew. (TIM-112)
Information: Input delay ('rise') on clock port 'clk_half' will be added to the clock's propagated skew. (TIM-112)
Information: Input delay ('fall') on clock port 'clk_half' will be added to the clock's propagated skew. (TIM-112)
 
****************************************
Report : constraint
        -all_violators
Design : khu_sensor_pad
Scenario(s): func1_wst func1_bst funccts_wst
Version: N-2017.09
Date   : Thu Nov 19 20:20:07 2020
****************************************

	Scenario            : func1_wst
	Parasitic source    : LPE
	Parasitic mode      : RealRC
	Extraction mode     : MIN_MAX
	Extraction derating : 125/125
	Scenario            : func1_bst
	Parasitic source    : LPE
	Parasitic mode      : RealRC
	Extraction mode     : MIN_MAX
	Extraction derating : -40/-40

   max_delay/setup ('**clock_gating_default**' group)

                             Required        Actual
   Endpoint                 Path Delay     Path Delay        Slack             Scenario
   -----------------------------------------------------------------
   khu_sensor_top/ads1292_controller/clk_gate_r_clk_counter_reg_0/latch/E   7.1457   7.1513 r  -0.0055 (VIOLATED) func1_wst


   max_delay/setup ('REGOUT' group)

                             Required        Actual
   Endpoint                 Path Delay     Path Delay        Slack             Scenario
   -----------------------------------------------------------------
   MPR121_SDA                 5.4340         5.8281 r      -0.3941  (VIOLATED) func1_wst
   MPR121_SCL                 5.4340         5.8273 f      -0.3933  (VIOLATED) func1_wst
   ADS1292_RESET              5.4340         5.4737 f      -0.0397  (VIOLATED) func1_wst
   ADS1292_START              5.4340         5.4709 f      -0.0369  (VIOLATED) func1_wst


   max_delay/setup ('clk' group)

                             Required        Actual
   Endpoint                 Path Delay     Path Delay        Slack             Scenario
   -----------------------------------------------------------------
   khu_sensor_top/ads1292_filter/iir_lpf/add/sum_reg_27_/D   7.7927   8.0367 r  -0.2440 (VIOLATED) func1_wst
   khu_sensor_top/ads1292_filter/iir_notch/add_2/sum_reg_27_/D   7.7663   7.9591 r  -0.1928 (VIOLATED) func1_wst
   khu_sensor_top/ads1292_filter/iir_lpf/add/sum_reg_26_/D   7.8276   7.9961 r  -0.1685 (VIOLATED) func1_wst
   khu_sensor_top/ads1292_filter/iir_hpf/add/sum_reg_27_/D   7.7654   7.9232 r  -0.1578 (VIOLATED) func1_wst
   khu_sensor_top/ads1292_filter/iir_notch/add_2/sum_reg_26_/D   7.8010   7.9455 r  -0.1445 (VIOLATED) func1_wst
   khu_sensor_top/ads1292_filter/iir_hpf/add/sum_reg_26_/D   7.8001   7.9089 r  -0.1088 (VIOLATED) func1_wst
   khu_sensor_top/ads1292_filter/iir_notch/add_1/sum_reg_27_/D   7.7446   7.8238 r  -0.0792 (VIOLATED) func1_wst
   khu_sensor_top/ads1292_filter/iir_notch/mult_1/product_reg_49_/D   7.6747   7.7251 r  -0.0505 (VIOLATED) func1_wst
   khu_sensor_top/ads1292_filter/iir_notch/add_1/sum_reg_26_/D   7.7638   7.7990 r  -0.0352 (VIOLATED) func1_wst
   khu_sensor_top/ads1292_filter/iir_lpf/add/sum_reg_25_/D   7.8282   7.8579 r  -0.0296 (VIOLATED) func1_wst
   khu_sensor_top/ads1292_filter/iir_lpf/mult_2/product_reg_47_/D   7.6904   7.7098 r  -0.0194 (VIOLATED) func1_wst
   khu_sensor_top/ads1292_filter/iir_hpf/mult/product_reg_49_/D   7.8141   7.8326 r  -0.0185 (VIOLATED) func1_wst
   khu_sensor_top/ads1292_filter/iir_notch/mult_1/product_reg_48_/D   7.6980   7.7112 r  -0.0132 (VIOLATED) func1_wst
   khu_sensor_top/ads1292_filter/iir_lpf/mult_2/product_reg_49_/D   7.7431   7.7544 r  -0.0114 (VIOLATED) func1_wst
   khu_sensor_top/ads1292_filter/iir_notch/mult_3/product_reg_49_/D   7.5023   7.5137 r  -0.0114 (VIOLATED) func1_wst
   khu_sensor_top/ads1292_filter/iir_lpf/mult_1/product_reg_49_/D   7.8399   7.8474 r  -0.0075 (VIOLATED) func1_wst
   khu_sensor_top/ads1292_filter/iir_hpf/mult/product_reg_47_/D   7.7601   7.7614 r  -0.0012 (VIOLATED) func1_wst


   min_delay/hold ('clk' group)

                             Required        Actual
   Endpoint                 Path Delay     Path Delay        Slack             Scenario
   -----------------------------------------------------------------
   khu_sensor_top/ads1292_filter/converter_f2i/a_m_reg_21_/D   2.7580   2.7527 f  -0.0053 (VIOLATED) func1_wst


   min_delay/hold ('clk' group)

                             Required        Actual
   Endpoint                 Path Delay     Path Delay        Slack             Scenario
   -----------------------------------------------------------------
   khu_sensor_top/ads1292_filter/r_iir_hpf_x_reg_6_/D   1.7175   1.7163 f  -0.0011 (VIOLATED) func1_bst
   khu_sensor_top/ads1292_filter/converter_f2i/a_m_reg_21_/D   1.6691   1.6686 f  -0.0004 (VIOLATED) func1_bst
   khu_sensor_top/ads1292_filter/iir_lpf/mult_2/z_reg_9_/D   1.7005   1.7002 f  -0.0002 (VIOLATED) func1_bst


   max_net_length

                             Required        Actual
   Net                      Net length     Net length        Slack             Scenario
   -----------------------------------------------------------------
   khu_sensor_top/w_clk_p_G2B8I6 (dont_touch) 800.0000 1153.2100 -353.2100 (VIOLATED) func1_wst
   khu_sensor_top/ads1292_filter/w_clk_p_G2B8I2 (dont_touch) 800.0000 1094.1801 -294.1801 (VIOLATED) func1_wst
   khu_sensor_top/w_clk_p_G2B1I1 (dont_touch) 800.0000 1072.0800 -272.0800 (VIOLATED) func1_wst
   khu_sensor_top/w_CLOCK_HALF_G4B6I1 (dont_touch) 800.0000 1019.4450 -219.4450 (VIOLATED) func1_wst
   khu_sensor_top/ads1292_filter/w_clk_p_G2B6I10 (dont_touch) 800.0000 1015.7450 -215.7450 (VIOLATED) func1_wst
   n4                       800.0000       965.6700       -165.6700 (VIOLATED) func1_wst
   khu_sensor_top/w_clk_p_G2B8I4 (dont_touch) 800.0000 961.8300 -161.8300 (VIOLATED) func1_wst
   khu_sensor_top/w_clk_p_G2B8I3 (dont_touch) 800.0000 933.4800 -133.4800 (VIOLATED) func1_wst
   khu_sensor_top/w_clk_p_G2B8I5 (dont_touch) 800.0000 925.3250 -125.3250 (VIOLATED) func1_wst
   khu_sensor_top/ads1292_filter/iir_notch/w_clk_p_G2B6I4 (dont_touch) 800.0000 888.3450 -88.3450 (VIOLATED) func1_wst
   khu_sensor_top/ads1292_filter/iir_lpf/mult_1/TIEHIMTR_U152_net 800.0000 877.5200 -77.5200 (VIOLATED) func1_wst
   khu_sensor_top/w_clk_p_G2B6I7 (dont_touch) 800.0000 875.9000 -75.9000 (VIOLATED) func1_wst
   khu_sensor_top/w_clk_p_G2B5I1 (dont_touch) 800.0000 859.9450 -59.9450 (VIOLATED) func1_wst
   khu_sensor_top/ads1292_filter/iir_lpf/mult_1/TIEHIMTR_U151_net 800.0000 855.7950 -55.7950 (VIOLATED) func1_wst
   khu_sensor_top/w_clk_p_G2B8I9 (dont_touch) 800.0000 854.1900 -54.1900 (VIOLATED) func1_wst
   khu_sensor_top/w_clk_p_G2B4I3 (dont_touch) 800.0000 844.6050 -44.6050 (VIOLATED) func1_wst
   khu_sensor_top/ads1292_filter/iir_lpf/mult_1/TIEHIMTR_U148_net 800.0000 827.5030 -27.5030 (VIOLATED) func1_wst
   khu_sensor_top/ads1292_filter/iir_lpf/mult_1/n1112 (dont_touch) 800.0000 825.0650 -25.0650 (VIOLATED) func1_wst
   khu_sensor_top/ads1292_filter/iir_lpf/mult_1/TIEHIMTR_U147_net 800.0000 819.7250 -19.7250 (VIOLATED) func1_wst

   -----------------------------------------------------------------
   Total                      19              -2469.5576  func1_wst
   khu_sensor_top/w_clk_p_G2B8I6 (dont_touch) 800.0000 1153.2100 -353.2100 (VIOLATED) func1_bst
   khu_sensor_top/ads1292_filter/w_clk_p_G2B8I2 (dont_touch) 800.0000 1094.1801 -294.1801 (VIOLATED) func1_bst
   khu_sensor_top/w_clk_p_G2B1I1 (dont_touch) 800.0000 1072.0800 -272.0800 (VIOLATED) func1_bst
   khu_sensor_top/w_CLOCK_HALF_G4B6I1 (dont_touch) 800.0000 1019.4450 -219.4450 (VIOLATED) func1_bst
   khu_sensor_top/ads1292_filter/w_clk_p_G2B6I10 (dont_touch) 800.0000 1015.7450 -215.7450 (VIOLATED) func1_bst
   n4                       800.0000       965.6700       -165.6700 (VIOLATED) func1_bst
   khu_sensor_top/w_clk_p_G2B8I4 (dont_touch) 800.0000 961.8300 -161.8300 (VIOLATED) func1_bst
   khu_sensor_top/w_clk_p_G2B8I3 (dont_touch) 800.0000 933.4800 -133.4800 (VIOLATED) func1_bst
   khu_sensor_top/w_clk_p_G2B8I5 (dont_touch) 800.0000 925.3250 -125.3250 (VIOLATED) func1_bst
   khu_sensor_top/ads1292_filter/iir_notch/w_clk_p_G2B6I4 (dont_touch) 800.0000 888.3450 -88.3450 (VIOLATED) func1_bst
   khu_sensor_top/ads1292_filter/iir_lpf/mult_1/TIEHIMTR_U152_net 800.0000 877.5200 -77.5200 (VIOLATED) func1_bst
   khu_sensor_top/w_clk_p_G2B6I7 (dont_touch) 800.0000 875.9000 -75.9000 (VIOLATED) func1_bst
   khu_sensor_top/w_clk_p_G2B5I1 (dont_touch) 800.0000 859.9450 -59.9450 (VIOLATED) func1_bst
   khu_sensor_top/ads1292_filter/iir_lpf/mult_1/TIEHIMTR_U151_net 800.0000 855.7950 -55.7950 (VIOLATED) func1_bst
   khu_sensor_top/w_clk_p_G2B8I9 (dont_touch) 800.0000 854.1900 -54.1900 (VIOLATED) func1_bst
   khu_sensor_top/w_clk_p_G2B4I3 (dont_touch) 800.0000 844.6050 -44.6050 (VIOLATED) func1_bst
   khu_sensor_top/ads1292_filter/iir_lpf/mult_1/TIEHIMTR_U148_net 800.0000 827.5030 -27.5030 (VIOLATED) func1_bst
   khu_sensor_top/ads1292_filter/iir_lpf/mult_1/n1112 (dont_touch) 800.0000 825.0650 -25.0650 (VIOLATED) func1_bst
   khu_sensor_top/ads1292_filter/iir_lpf/mult_1/TIEHIMTR_U147_net 800.0000 819.7250 -19.7250 (VIOLATED) func1_bst

   -----------------------------------------------------------------
   Total                      19              -2469.5576  func1_bst

   max_area

                             Required        Actual
   Design                      Area           Area           Slack
   -----------------------------------------------------------------
   khu_sensor_pad             0.0000       128840.0000    -128840.0000 (VIOLATED)


1
