
**********************************
Report : Zroute Shielding Ratio
       : -with_ground VSS
       : -nets all shielded
       : -per_layer false
       : -coaxial_below false
       : -coaxial_above false
       : -coaxial_below_skip_tracks 1
       : -coaxial_above_skip_tracks 1
Design : khu_sensor_pad
Version: 1
Date   : Thu Nov 19 20:20:10 2020
**********************************

Shielded 100% side-wall of (khu_sensor_top/ads1292_filter/iir_lpf/mult_1/clk_gate_z_reg_0/n2)
Shielded 100% side-wall of (khu_sensor_top/ads1292_filter/iir_lpf/mult_1/clk_gate_z_s_reg/n2)
Shielded 100% side-wall of (khu_sensor_top/ads1292_filter/iir_lpf/add/clk_gate_a_e_reg/n2)
Shielded <1% side-wall of (khu_sensor_top/ads1292_filter/iir_lpf/add/clk_gate_guard_reg/n2)
Shielded 100% side-wall of (khu_sensor_top/ads1292_filter/iir_lpf/add/clk_gate_a_s_reg/n2)
Shielded 93% side-wall of (khu_sensor_top/ads1292_filter/iir_lpf/add/clk_gate_b_m_reg_0/n2)
Shielded 33% side-wall of (khu_sensor_top/ads1292_filter/iir_lpf/add/clk_gate_z_s_reg/n2)
Shielded 100% side-wall of (khu_sensor_top/ads1292_filter/iir_lpf/add/clk_gate_o_Z_reg_0/n2)
Shielded 100% side-wall of (khu_sensor_top/ads1292_filter/iir_lpf/add/clk_gate_z_reg_0/n2)
Shielded 100% side-wall of (khu_sensor_top/w_CLOCK_HALF_G4B5I1)
Shielded 100% side-wall of (khu_sensor_top/w_CLOCK_HALF_G4B4I1)
Shielded 100% side-wall of (khu_sensor_top/w_CLOCK_HALF_G4B4I2)
Shielded 100% side-wall of (khu_sensor_top/w_CLOCK_HALF_G4B1I1)
Shielded 100% side-wall of (khu_sensor_top/w_clk_p_G2B7I1)
Shielded 98% side-wall of (khu_sensor_top/ads1292_filter/iir_notch/add_1/clk_gate_guard_reg/n2)
Shielded 100% side-wall of (khu_sensor_top/ads1292_filter/iir_notch/add_1/clk_gate_a_s_reg/n2)
Shielded 100% side-wall of (khu_sensor_top/ads1292_filter/iir_notch/add_1/clk_gate_b_m_reg_0/n2)
Shielded 100% side-wall of (khu_sensor_top/ads1292_filter/iir_notch/add_1/clk_gate_z_s_reg/n2)
Shielded 69% side-wall of (khu_sensor_top/ads1292_filter/iir_notch/add_1/clk_gate_o_Z_reg_0/n2)
Shielded <1% side-wall of (khu_sensor_top/ads1292_filter/iir_notch/add_1/clk_gate_z_reg_0/n2)
Shielded 100% side-wall of (khu_sensor_top/ads1292_filter/iir_lpf/mult_2/clk_gate_b_reg/n2)
Shielded <1% side-wall of (khu_sensor_top/ads1292_filter/iir_lpf/mult_2/clk_gate_a_e_reg/n2)
Shielded 100% side-wall of (khu_sensor_top/ads1292_filter/iir_lpf/mult_2/clk_gate_sticky_reg/n2)
Shielded 100% side-wall of (khu_sensor_top/ads1292_filter/iir_lpf/mult_2/clk_gate_b_s_reg/n2)
Shielded 100% side-wall of (khu_sensor_top/ads1292_filter/iir_lpf/mult_2/clk_gate_b_e_reg/n2)
Shielded 100% side-wall of (khu_sensor_top/ads1292_filter/iir_lpf/mult_2/clk_gate_o_Z_reg_0/n2)
Shielded 100% side-wall of (khu_sensor_top/ads1292_filter/iir_lpf/mult_2/clk_gate_z_reg_0/n2)
Shielded 100% side-wall of (khu_sensor_top/ads1292_filter/iir_lpf/mult_2/clk_gate_z_s_reg/n2)
Shielded 100% side-wall of (khu_sensor_top/ads1292_filter/iir_lpf/mult_1/clk_gate_sticky_reg/n2)
Shielded 100% side-wall of (khu_sensor_top/ads1292_filter/iir_lpf/mult_1/clk_gate_a_s_reg/n2)
Shielded 100% side-wall of (khu_sensor_top/ads1292_filter/iir_lpf/mult_1/clk_gate_b_e_reg/n2)
Shielded 100% side-wall of (khu_sensor_top/ads1292_filter/iir_lpf/mult_1/clk_gate_o_Z_reg_0/n2)
Shielded <1% side-wall of (khu_sensor_top/ads1292_filter/iir_notch/mult_2/clk_gate_a_e_reg/n2)
Shielded 100% side-wall of (khu_sensor_top/ads1292_filter/iir_notch/mult_2/clk_gate_sticky_reg/n2)
Shielded 100% side-wall of (khu_sensor_top/ads1292_filter/iir_notch/mult_2/clk_gate_b_s_reg/n2)
Shielded 100% side-wall of (khu_sensor_top/ads1292_filter/iir_notch/mult_2/clk_gate_b_e_reg/n2)
Shielded 100% side-wall of (khu_sensor_top/ads1292_filter/iir_notch/mult_2/clk_gate_o_Z_reg_0/n2)
Shielded 88% side-wall of (khu_sensor_top/ads1292_filter/iir_notch/mult_2/clk_gate_z_reg_0/n2)
Shielded 100% side-wall of (khu_sensor_top/ads1292_filter/iir_notch/mult_1/clk_gate_a_e_reg/n2)
Shielded <1% side-wall of (khu_sensor_top/ads1292_filter/iir_notch/mult_1/clk_gate_sticky_reg/n2)
Shielded 100% side-wall of (khu_sensor_top/ads1292_filter/iir_notch/mult_1/clk_gate_b_s_reg/n2)
Shielded 100% side-wall of (khu_sensor_top/ads1292_filter/iir_notch/mult_1/clk_gate_b_e_reg/n2)
Shielded 100% side-wall of (khu_sensor_top/ads1292_filter/iir_notch/mult_1/clk_gate_o_Z_reg_0/n2)
Shielded 100% side-wall of (khu_sensor_top/ads1292_filter/iir_notch/mult_1/clk_gate_z_reg_0/n2)
Shielded 100% side-wall of (khu_sensor_top/ads1292_filter/iir_notch/mult_1/clk_gate_z_s_reg/n2)
Shielded 100% side-wall of (khu_sensor_top/ads1292_filter/iir_notch/add_2/clk_gate_a_e_reg/n2)
Shielded 100% side-wall of (khu_sensor_top/ads1292_filter/iir_notch/add_2/clk_gate_guard_reg/n2)
Shielded 4% side-wall of (khu_sensor_top/ads1292_filter/iir_notch/add_2/clk_gate_a_s_reg/n2)
Shielded <1% side-wall of (khu_sensor_top/ads1292_filter/iir_notch/add_2/clk_gate_b_m_reg_0/n2)
Shielded 100% side-wall of (khu_sensor_top/ads1292_filter/iir_notch/add_2/clk_gate_z_s_reg/n2)
Shielded 100% side-wall of (khu_sensor_top/ads1292_filter/iir_notch/add_2/clk_gate_o_Z_reg_0/n2)
Shielded 100% side-wall of (khu_sensor_top/ads1292_filter/iir_notch/add_2/clk_gate_z_reg_0/n2)
Shielded 100% side-wall of (khu_sensor_top/ads1292_filter/iir_notch/add_1/clk_gate_a_e_reg/n2)
Shielded 93% side-wall of (khu_sensor_top/w_clk_p_G2B7I2)
Shielded 100% side-wall of (khu_sensor_top/w_clk_p_G2B6I3)
Shielded 100% side-wall of (khu_sensor_top/w_clk_p_G2B6I5)
Shielded 100% side-wall of (khu_sensor_top/w_clk_p_G2B6I6)
Shielded 100% side-wall of (khu_sensor_top/w_clk_p_G2B6I7)
Shielded 100% side-wall of (khu_sensor_top/ads1292_filter/iir_hpf/add/clk_gate_a_e_reg/n2)
Shielded 100% side-wall of (khu_sensor_top/ads1292_filter/iir_hpf/add/clk_gate_guard_reg/n2)
Shielded 100% side-wall of (khu_sensor_top/ads1292_filter/iir_hpf/add/clk_gate_a_s_reg/n2)
Shielded 100% side-wall of (khu_sensor_top/ads1292_filter/iir_hpf/add/clk_gate_b_m_reg_0/n2)
Shielded 100% side-wall of (khu_sensor_top/ads1292_filter/iir_hpf/add/clk_gate_sum_reg_0/n2)
Shielded 100% side-wall of (khu_sensor_top/ads1292_filter/iir_hpf/add/clk_gate_o_Z_reg_0/n2)
Shielded <1% side-wall of (khu_sensor_top/ads1292_filter/iir_hpf/add/clk_gate_z_reg_0/n2)
Shielded 100% side-wall of (khu_sensor_top/ads1292_filter/iir_notch/mult_3/clk_gate_a_e_reg/n2)
Shielded 100% side-wall of (khu_sensor_top/ads1292_filter/iir_notch/mult_3/clk_gate_sticky_reg/n2)
Shielded 100% side-wall of (khu_sensor_top/ads1292_filter/iir_notch/mult_3/clk_gate_b_s_reg/n2)
Shielded 100% side-wall of (khu_sensor_top/ads1292_filter/iir_notch/mult_3/clk_gate_b_e_reg/n2)
Shielded <1% side-wall of (khu_sensor_top/ads1292_filter/iir_notch/mult_3/clk_gate_o_Z_reg_0/n2)
Shielded 100% side-wall of (khu_sensor_top/ads1292_filter/iir_notch/mult_3/clk_gate_z_reg_0/n2)
Shielded 100% side-wall of (khu_sensor_top/ads1292_filter/iir_notch/mult_3/clk_gate_z_s_reg/n2)
Shielded 100% side-wall of (khu_sensor_top/ads1292_filter/iir_notch/mult_2/clk_gate_b_reg/n4)
Shielded 100% side-wall of (khu_sensor_top/w_clk_p_G2B6I8)
Shielded 100% side-wall of (khu_sensor_top/w_clk_p_G2B5I1)
Shielded 100% side-wall of (khu_sensor_top/w_clk_p_G2B5I2)
Shielded 100% side-wall of (khu_sensor_top/ads1292_filter/converter_i2f/clk_gate_a_reg_0/n2)
Shielded 100% side-wall of (khu_sensor_top/ads1292_filter/converter_i2f/clk_gate_value_reg_0/n2)
Shielded 100% side-wall of (khu_sensor_top/ads1292_filter/converter_i2f/clk_gate_z_e_reg/n2)
Shielded <1% side-wall of (khu_sensor_top/ads1292_filter/converter_i2f/clk_gate_o_Z_reg_0/n2)
Shielded 100% side-wall of (khu_sensor_top/ads1292_filter/converter_i2f/clk_gate_z_reg_0/n2)
Shielded 100% side-wall of (khu_sensor_top/mpr121_controller/i2c_master/clk_gate_phy_rx_data_reg_reg/n2)
Shielded 100% side-wall of (khu_sensor_top/uart_controller/uart_rx/clk_gate_r_Bit_Index_reg/n2)
Shielded <1% side-wall of (khu_sensor_top/ads1292_filter/iir_hpf/mult/clk_gate_b_reg/n2)
Shielded <1% side-wall of (khu_sensor_top/ads1292_filter/iir_hpf/mult/clk_gate_a_e_reg/n2)
Shielded 100% side-wall of (khu_sensor_top/ads1292_filter/iir_hpf/mult/clk_gate_sticky_reg/n2)
Shielded 100% side-wall of (khu_sensor_top/ads1292_filter/iir_hpf/mult/clk_gate_a_s_reg/n2)
Shielded 100% side-wall of (khu_sensor_top/ads1292_filter/iir_hpf/mult/clk_gate_b_e_reg/n2)
Shielded 100% side-wall of (khu_sensor_top/ads1292_filter/iir_hpf/mult/clk_gate_o_Z_reg_0/n2)
Shielded 100% side-wall of (khu_sensor_top/ads1292_filter/iir_hpf/mult/clk_gate_z_reg_0/n2)
Shielded 100% side-wall of (khu_sensor_top/ads1292_filter/iir_hpf/mult/clk_gate_z_s_reg/n2)
Shielded 100% side-wall of (khu_sensor_top/w_clk_p_G2B4I2)
Shielded 100% side-wall of (khu_sensor_top/w_clk_p_G2B4I3)
Shielded 98% side-wall of (khu_sensor_top/w_clk_p_G2B1I1)
Shielded <1% side-wall of (khu_sensor_top/CTS_clk_CTO_delay1)
Shielded 100% side-wall of (khu_sensor_top/ads1292_controller/ENCLK_G3B1I13)
Shielded 100% side-wall of (khu_sensor_top/ads1292_filter/iir_notch/clk_gate_o_Y_DATA_reg_0/n2)
Shielded 71% side-wall of (khu_sensor_top/ads1292_filter/iir_notch/clk_gate_r_mult_3_A_reg/n2)
Shielded 100% side-wall of (khu_sensor_top/ads1292_filter/iir_lpf/clk_gate_o_Y_DATA_reg_0/n2)
Shielded 100% side-wall of (khu_sensor_top/ads1292_filter/ENCLK_G3B1I1)
Shielded <1% side-wall of (khu_sensor_top/ads1292_filter/iir_notch/clk_gate_r_mult_2_A_reg/n2)
Shielded 100% side-wall of (khu_sensor_top/ads1292_filter/w_clk_p_G2B6I1)
Shielded 100% side-wall of (khu_sensor_top/ads1292_filter/w_clk_p_G2B6I2)
Shielded 100% side-wall of (khu_sensor_top/ads1292_filter/w_clk_p_G2B6I10)
Shielded 100% side-wall of (khu_sensor_top/ads1292_filter/w_clk_p_G2B5I3)
Shielded 100% side-wall of (khu_sensor_top/ads1292_filter/w_clk_p_G2B4I1)
Shielded <1% side-wall of (khu_sensor_top/mpr121_controller/ENCLK_G3B1I13)
Shielded 100% side-wall of (khu_sensor_top/mpr121_controller/ENCLK_G3B1I12)
Shielded 100% side-wall of (khu_sensor_top/sensor_core/ENCLK_G5B1I114)
Shielded 100% side-wall of (khu_sensor_top/ads1292_filter/clk_gate_r_iir_notch_x_reg_0/n2)
Shielded 100% side-wall of (khu_sensor_top/sensor_core/clk_gate_r_uart_clk_counter_reg/n2)
Shielded 100% side-wall of (khu_sensor_top/sensor_core/clk_gate_r_ads_ch2_data_out_reg_0/n2)
Shielded 100% side-wall of (khu_sensor_top/sensor_core/clk_gate_o_UART_DATA_TX_reg_0/n2)
Shielded 100% side-wall of (khu_sensor_top/uart_controller/clk_gate_r_uart_data_tx_shift_reg_0/n2)
Shielded 100% side-wall of (khu_sensor_top/ads1292_filter/converter_f2i/clk_gate_a_m_reg_1/n2)
Shielded 100% side-wall of (khu_sensor_top/ads1292_filter/converter_f2i/clk_gate_a_s_reg/n2)
Shielded 100% side-wall of (khu_sensor_top/ads1292_filter/converter_f2i/clk_gate_o_Z_reg_0/n2)
Shielded 100% side-wall of (khu_sensor_top/ads1292_filter/converter_f2i/clk_gate_z_reg_0/n2)
Shielded <1% side-wall of (khu_sensor_top/ads1292_filter/converter_f2i/clk_gate_a_reg_0/n2)
Shielded <1% side-wall of (khu_sensor_top/ads1292_filter/iir_hpf/clk_gate_o_Y_DATA_reg_0/n2)
Shielded 100% side-wall of (khu_sensor_top/ads1292_filter/iir_hpf/clk_gate_r_mult_B_reg/n2)
Shielded 100% side-wall of (khu_sensor_top/sensor_core/ENCLK_G5B1I111)
Shielded 100% side-wall of (khu_sensor_top/ads1292_filter/clk_gate_o_ADS1292_FILTERED_DATA_reg_0/n2)
Shielded <1% side-wall of (khu_sensor_top/ads1292_filter/clk_gate_r_converter_i2f_a_reg_0/n2)
Shielded <1% side-wall of (khu_sensor_top/ads1292_filter/clk_gate_r_converter_f2i_a_reg_0/n2)
Shielded 100% side-wall of (khu_sensor_top/ads1292_filter/clk_gate_r_iir_hpf_x_reg_0/n3)
Shielded 100% side-wall of (khu_sensor_top/ads1292_filter/clk_gate_r_iir_lpf_x_reg_0/n2)
Shielded 100% side-wall of (khu_sensor_top/sensor_core/ENCLK_G5B1I110)
Shielded 100% side-wall of (khu_sensor_top/sensor_core/ENCLK_G5B1I18)
Shielded 100% side-wall of (khu_sensor_top/sensor_core/ENCLK_G5B1I12)
Shielded 100% side-wall of (khu_sensor_top/sensor_core/ENCLK_G5B1I11)
Shielded 100% side-wall of (khu_sensor_top/sensor_core/ENCLK_G5B1I1)
Shielded 100% side-wall of (khu_sensor_top/uart_controller/ENCLK_G5B1I11)
Shielded 100% side-wall of (khu_sensor_top/divider_by_2/o_CLK_DIV_2_G3IP1)
Shielded 100% side-wall of (khu_sensor_top/divider_by_2/o_CLK_DIV_2_G3IP)
Shielded 100% side-wall of (khu_sensor_top/ads1292_controller/spi_master/ENCLK_G3B1I12)
Shielded 100% side-wall of (khu_sensor_top/ads1292_controller/spi_master/ENCLK_G3B1I11)
Shielded 100% side-wall of (khu_sensor_top/uart_controller/uart_tx/n133)
Shielded 100% side-wall of (khu_sensor_top/uart_controller/n311)
Shielded 100% side-wall of (khu_sensor_top/ads1292_controller/clk_gate_r_clk_counter_reg_0/n2)
Shielded 100% side-wall of (khu_sensor_top/sensor_core/n456)
Shielded 100% side-wall of (khu_sensor_top/w_CLOCK_HALF)
Shielded 100% side-wall of (khu_sensor_top/sensor_core/n459)
Shielded 100% side-wall of (khu_sensor_top/sensor_core/n493)
Shielded 100% side-wall of (khu_sensor_top/sensor_core/n495)
Shielded 100% side-wall of (khu_sensor_top/sensor_core/n559)
Shielded 100% side-wall of (khu_sensor_top/sensor_core/n590)
Shielded 100% side-wall of (khu_sensor_top/sensor_core/n608)
Shielded 100% side-wall of (khu_sensor_top/ads1292_controller/clk_gate_o_ADS1292_BUSY_reg/n2)
Shielded 100% side-wall of (khu_sensor_top/ads1292_controller/clk_gate_o_ADS1292_DATA_OUT_reg_0/n2)
Shielded 100% side-wall of (khu_sensor_top/ads1292_controller/clk_gate_r_ads_data_out_reg_0/n2)
Shielded 100% side-wall of (khu_sensor_top/mpr121_controller/i2c_master/n426)
Shielded <1% side-wall of (khu_sensor_top/mpr121_controller/n210)
Shielded <1% side-wall of (khu_sensor_top/mpr121_controller/n228)
Shielded 100% side-wall of (khu_sensor_top/ads1292_filter/iir_hpf/ENCLK_G3B2I11)
Shielded 100% side-wall of (khu_sensor_top/ads1292_filter/iir_hpf/ENCLK_G3B1I11)
Shielded 100% side-wall of (khu_sensor_top/ads1292_filter/iir_hpf/ENCLK_G3B1I1)
Shielded 100% side-wall of (khu_sensor_top/ads1292_filter/iir_notch/ENCLK_G3B2I14)
Shielded 100% side-wall of (khu_sensor_top/ads1292_filter/iir_notch/ENCLK_G3B1I14)
Shielded 91% side-wall of (khu_sensor_top/ads1292_filter/iir_lpf/add/n1129)
Shielded 92% side-wall of (khu_sensor_top/ads1292_filter/iir_lpf/add/n1251)
Shielded 100% side-wall of (khu_sensor_top/ads1292_filter/iir_notch/ENCLK_G3B2I13)
Shielded 100% side-wall of (khu_sensor_top/ads1292_filter/iir_notch/ENCLK_G3B1I13)
Shielded 100% side-wall of (khu_sensor_top/ads1292_filter/iir_notch/ENCLK_G4B1I1)
Shielded 100% side-wall of (khu_sensor_top/ads1292_filter/iir_notch/ENCLK_G3B2I11)
Shielded 100% side-wall of (khu_sensor_top/ads1292_filter/iir_notch/ENCLK_G3B1I11)
Shielded 100% side-wall of (khu_sensor_top/ads1292_filter/iir_notch/ENCLK_G3B1I1)
Shielded 100% side-wall of (khu_sensor_top/ads1292_filter/iir_notch/w_clk_p_G2B6I4)
Shielded 100% side-wall of (khu_sensor_top/ads1292_filter/iir_notch/w_clk_p_G2B6I9)
Shielded 100% side-wall of (khu_sensor_top/ads1292_filter/iir_notch/net18353)
Shielded <1% side-wall of (khu_sensor_top/ads1292_filter/iir_lpf/mult_1/n988)
Shielded 100% side-wall of (khu_sensor_top/ads1292_filter/iir_lpf/n1055)
Shielded 100% side-wall of (khu_sensor_top/ads1292_filter/iir_lpf/n1059)
Shielded 100% side-wall of (khu_sensor_top/ads1292_filter/iir_lpf/n1061)
Shielded 100% side-wall of (khu_sensor_top/ads1292_filter/iir_lpf/n1130)
Shielded 100% side-wall of (khu_sensor_top/ads1292_filter/iir_lpf/ENCLK_G3B2I13)
Shielded 100% side-wall of (khu_sensor_top/ads1292_filter/iir_lpf/ENCLK_G3B1I13)
Shielded 100% side-wall of (khu_sensor_top/ads1292_filter/iir_lpf/ENCLK_G3B2I12)
Shielded 100% side-wall of (khu_sensor_top/ads1292_filter/iir_lpf/ENCLK_G3B1I12)
Shielded 100% side-wall of (khu_sensor_top/ads1292_filter/iir_lpf/ENCLK_G3B2I11)
Shielded 100% side-wall of (khu_sensor_top/ads1292_filter/iir_lpf/ENCLK_G3B1I11)
Shielded 88% side-wall of (khu_sensor_top/ads1292_filter/iir_lpf/ENCLK_G3B2I1)
Shielded <1% side-wall of (khu_sensor_top/ads1292_filter/iir_lpf/ENCLK_G3B1I1)
Shielded 100% side-wall of (khu_sensor_top/mpr121_controller/i2c_master/ENCLK_G3B1I11)
Shielded 100% side-wall of (khu_sensor_top/uart_controller/uart_tx/ENCLK_G5B1I1)
Shielded 100% side-wall of (khu_sensor_top/ads1292_filter/iir_notch/add_1/n1129)
Shielded 100% side-wall of (khu_sensor_top/ads1292_filter/iir_notch/add_1/n1251)
Shielded 100% side-wall of (khu_sensor_top/ads1292_filter/iir_hpf/add/ENCLK_G3B1I1)
Shielded 100% side-wall of (khu_sensor_top/ads1292_filter/iir_hpf/add/ENCLK_G4B1I1)
Shielded 100% side-wall of (khu_sensor_top/ads1292_filter/iir_hpf/add/net18375)
Shielded 100% side-wall of (khu_sensor_top/ads1292_filter/iir_notch/mult_3/ENCLK_G4B1I1)
Shielded 100% side-wall of (khu_sensor_top/ads1292_filter/iir_notch/mult_3/ENCLK_G3B2I1)
Shielded 100% side-wall of (khu_sensor_top/ads1292_filter/iir_notch/mult_3/ENCLK_G3B1I1)
Shielded 100% side-wall of (khu_sensor_top/ads1292_filter/iir_notch/mult_3/n5)
Shielded 100% side-wall of (khu_sensor_top/ads1292_filter/iir_notch/mult_2/ENCLK_G4B1I1)
Shielded 100% side-wall of (khu_sensor_top/ads1292_filter/iir_notch/mult_2/n78_G5B1I1)
Shielded 100% side-wall of (khu_sensor_top/ads1292_filter/iir_notch/mult_2/ENCLK_G4B1I11)
Shielded 100% side-wall of (khu_sensor_top/ads1292_filter/iir_notch/mult_2/net18342)
Shielded 100% side-wall of (khu_sensor_top/ads1292_filter/iir_notch/mult_2/n3)
Shielded 100% side-wall of (khu_sensor_top/ads1292_filter/iir_notch/add_2/ENCLK_G3B1I11)
Shielded 100% side-wall of (khu_sensor_top/ads1292_filter/iir_notch/add_2/n1251)
Shielded 100% side-wall of (khu_sensor_top/ads1292_filter/iir_notch/add_1/ENCLK_G3B1I11)
Shielded 96% side-wall of (khu_sensor_top/ads1292_filter/iir_notch/add_2/n1129)
Shielded 100% side-wall of (khu_sensor_top/ads1292_filter/iir_notch/add_1/ENCLK_G3B2I1)
Shielded 100% side-wall of (khu_sensor_top/ads1292_filter/iir_notch/add_1/ENCLK_G3B1I1)
Shielded 100% side-wall of (khu_sensor_top/ads1292_filter/iir_lpf/mult_2/ENCLK_G4B1I1)
Shielded 100% side-wall of (khu_sensor_top/ads1292_filter/iir_lpf/mult_2/n3)
Shielded <1% side-wall of (khu_sensor_top/ads1292_filter/iir_lpf/mult_1/ENCLK_G3B1I1)
Shielded 100% side-wall of (khu_sensor_top/ads1292_filter/iir_lpf/mult_1/ENCLK_G4B1I1)
Shielded 100% side-wall of (khu_sensor_top/ads1292_filter/iir_lpf/mult_1/net18364)
Shielded 100% side-wall of (khu_sensor_top/ads1292_filter/iir_lpf/add/ENCLK_G3B1I11)
Shielded 100% side-wall of (khu_sensor_top/ads1292_filter/iir_lpf/add/ENCLK_G3B2I1)
Shielded 100% side-wall of (khu_sensor_top/ads1292_filter/iir_lpf/add/ENCLK_G3B1I1)
Shielded 100% side-wall of (khu_sensor_top/ads1292_filter/iir_notch/mult_3/clk_gate_z_s_reg/n2_G3B1I1)
Shielded 100% side-wall of (khu_sensor_top/ads1292_filter/iir_notch/mult_2/clk_gate_b_reg/n4_G3B1I1)
Shielded 100% side-wall of (khu_sensor_top/ads1292_filter/iir_lpf/mult_2/clk_gate_b_reg/n2_G3B1I1)
Shielded 100% side-wall of (khu_sensor_top/ads1292_filter/iir_notch/mult_1/n1536)
Shielded 100% side-wall of (khu_sensor_top/ads1292_filter/iir_notch/mult_3/n1533)
Shielded 100% side-wall of (khu_sensor_top/ads1292_filter/iir_notch/n1645)
Shielded 100% side-wall of (khu_sensor_top/ads1292_filter/iir_notch/n1784)
Shielded 100% side-wall of (khu_sensor_top/ads1292_filter/iir_notch/n1854)
Shielded 100% side-wall of (khu_sensor_top/ads1292_filter/iir_notch/n1860)
Shielded 100% side-wall of (khu_sensor_top/ads1292_filter/iir_notch/n1862)
Shielded 100% side-wall of (khu_sensor_top/ads1292_filter/iir_hpf/add/n1132)
Shielded 100% side-wall of (khu_sensor_top/ads1292_filter/iir_hpf/n343)
Shielded 100% side-wall of (khu_sensor_top/ads1292_filter/iir_hpf/n347)
Shielded 100% side-wall of (khu_sensor_top/ads1292_filter/n81)
Shielded 100% side-wall of (khu_sensor_top/ads1292_controller/spi_master/n128)
Shielded 100% side-wall of (khu_sensor_top/ads1292_controller/spi_master/n134)
Shielded 100% side-wall of (w_clk_p)
Shielded 100% side-wall of (khu_sensor_top/ads1292_controller/n569)
Shielded 231 nets with average ratio as follows.
	1) 88.81%		(total shield ratio/number of shielded nets)
	2) 98.02%		(total shield length/total shielded net length)

**********************************

