***********************************************
Report          : create_qor_snapshot (07_route_opt)
Design          : khu_sensor_pad
Version         : N-2017.09
Date            : Thu Nov 19 20:19:42 2020
Time unit       : 1.0e-09 Second(ns)
Capacitance unit: 1.0e-12 Farad(pF)
Voltage unit    : 1 Volt
Power unit      : 1.0e-03 Watt(mW)
Location        : /home/VLSI_graduated_2020/2015104027/khu_sensor_65n/03_Physical_Synthesis/snapshot
***********************************************
No. of scenario = 2
s1 = func1_wst
s2 = func1_bst
------------------------------------------------------------------------
WNS of each timing group:                       s1        s2 
------------------------------------------------------------------------
**clock_gating_default**                   -0.0055         - 
REGOUT                                     -0.3941         - 
clk                                        -0.2440         - 
------------------------------------------------------------------------
Setup WNS:                                 -0.3941    2.4978     -0.3941 
Setup TNS:                                 -2.1630       0.0     -2.1630
Number of setup violations:                     22         0          22 
Hold WNS:                                  -0.0053   -0.0011     -0.0053 
Hold TNS:                                  -0.0053   -0.0018     -0.0066 
Number of hold violations:                       1         3           3 
Number of max trans violations:                  0         0           0 
Number of max cap violations:                    0         0           0 
Number of min pulse width violations:            0         0           0 
Route drc violations:                                                 26
------------------------------------------------------------------------
Area:                                                             128840
Cell count:                                                        31612
Buf/inv cell count:                                                 6917
Std cell utilization:                                             12.04%
CPU/ELAPSE(hr):                                                0.38/0.41
Mem(Mb):                                                             903
Host name:                                           vlsi-dist.khu.ac.kr
------------------------------------------------------------------------
Histogram:             s1   s2 
------------------------------------------------------------------------
Max violations:        22    0 
   above ~ -0.7  ---    0    0 
    -0.6 ~ -0.7  ---    0    0 
    -0.5 ~ -0.6  ---    0    0 
    -0.4 ~ -0.5  ---    0    0 
    -0.3 ~ -0.4  ---    2    0 
    -0.2 ~ -0.3  ---    1    0 
    -0.1 ~ -0.2  ---    5    0 
       0 ~ -0.1  ---   14    0 
------------------------------------------------------------------------
Min violations:         1    3 
  -0.06 ~ above  ---    0    0 
  -0.05 ~ -0.06  ---    0    0 
  -0.04 ~ -0.05  ---    0    0 
  -0.03 ~ -0.04  ---    0    0 
  -0.02 ~ -0.03  ---    0    0 
  -0.01 ~ -0.02  ---    0    0 
      0 ~ -0.01  ---    1    3 
------------------------------------------------------------------------
Snapshot report (snap.rpt) is created and can be viewed using file "/home/VLSI_graduated_2020/2015104027/khu_sensor_65n/03_Physical_Synthesis/snapshot/snap.rpt.html"
1
