 
****************************************
Report : clock_gating
        -style
Design : khu_sensor_pad
Version: N-2017.09
Date   : Thu Nov 19 19:28:21 2020
****************************************



 Information:  No Clock Gating Cell Found


                             Clock Gating Summary
          ------------------------------------------------------------
          |    Number of Clock gating elements    |        0         |
          |                                       |                  |
          |    Number of Gated registers          |     0 (0.00%)    |
          |                                       |                  |
          |    Number of Ungated registers        |  5229 (100.00%)  |
          |                                       |                  |
          |    Total number of registers          |     5229         |
          ------------------------------------------------------------



1
 
****************************************
Report : clock gating check
Design : khu_sensor_pad
Scenario(s): func1_wst
Version: N-2017.09
Date   : Thu Nov 19 19:28:21 2020
****************************************

                                    Rise            Fall
    Cell     Enable  Clock     Setup   Hold    Setup  Hold     Low/High  Attr
--------------------------------------------------------------------------------

    khu_sensor_top/ads1292_controller/clk_gate_r_clk_counter_reg_0/latch
             E       CK        0.2973    -     0.1422   -      -         i l
    khu_sensor_top/ads1292_controller/clk_gate_r_clk_counter_reg_0/latch
             E       CK          -     0.0280    -    0.0579   -         i l
    khu_sensor_top/ads1292_controller/clk_gate_o_ADS1292_BUSY_reg/latch
             E       CK        0.2935    -     0.1245   -      -         i l
    khu_sensor_top/ads1292_controller/clk_gate_o_ADS1292_BUSY_reg/latch
             E       CK          -     0.0272    -    0.0747   -         i l
    khu_sensor_top/ads1292_controller/clk_gate_r_lstate_reg_0/latch
             E       CK        0.2831    -     0.1039   -      -         i l
    khu_sensor_top/ads1292_controller/clk_gate_r_lstate_reg_0/latch
             E       CK          -     0.0264    -    0.0868   -         i l
    khu_sensor_top/ads1292_controller/clk_gate_o_ADS1292_REG_DATA_OUT_reg_0/latch
             E       CK        0.2799    -     0.0990   -      -         i l
    khu_sensor_top/ads1292_controller/clk_gate_o_ADS1292_REG_DATA_OUT_reg_0/latch
             E       CK          -     0.0278    -    0.0833   -         i l
    khu_sensor_top/ads1292_controller/clk_gate_r_ads_command_reg_0/latch
             E       CK        0.2778    -     0.0970   -      -         i l
    khu_sensor_top/ads1292_controller/clk_gate_r_ads_command_reg_0/latch
             E       CK          -     0.0319    -    0.0827   -         i l
    khu_sensor_top/ads1292_controller/clk_gate_r_spi_data_in_reg_0/latch
             E       CK        0.2956    -     0.1089   -      -         i l
    khu_sensor_top/ads1292_controller/clk_gate_r_spi_data_in_reg_0/latch
             E       CK          -     0.0289    -    0.0793   -         i l
    khu_sensor_top/ads1292_controller/clk_gate_r_ads_reg_addr_reg/latch
             E       CK        0.3335    -     0.1336   -      -         i l
    khu_sensor_top/ads1292_controller/clk_gate_r_ads_reg_addr_reg/latch
             E       CK          -     -0.0048   -    0.0567   -         i l
    khu_sensor_top/ads1292_controller/clk_gate_o_ADS1292_DATA_OUT_reg_0/latch
             E       CK        0.3137    -     0.1392   -      -         i l
    khu_sensor_top/ads1292_controller/clk_gate_o_ADS1292_DATA_OUT_reg_0/latch
             E       CK          -     0.0070    -    0.0529   -         i l
    khu_sensor_top/ads1292_controller/clk_gate_r_ads_data_out_reg_0/latch
             E       CK        0.2842    -     0.1033   -      -         i l
    khu_sensor_top/ads1292_controller/clk_gate_r_ads_data_out_reg_0/latch
             E       CK          -     0.0242    -    0.0787   -         i l
    khu_sensor_top/ads1292_filter/clk_gate_r_converter_f2i_a_stb_reg/latch
             E       CK        0.2923    -     0.1200   -      -         i l
    khu_sensor_top/ads1292_filter/clk_gate_r_converter_f2i_a_stb_reg/latch
             E       CK          -     0.0215    -    0.0764   -         i l
    khu_sensor_top/ads1292_filter/clk_gate_r_counter_reg_0/latch
             E       CK        0.2822    -     0.1134   -      -         i l
    khu_sensor_top/ads1292_filter/clk_gate_r_counter_reg_0/latch
             E       CK          -     0.0256    -    0.0707   -         i l
    khu_sensor_top/ads1292_filter/clk_gate_o_ADS1292_FILTERED_DATA_reg_0/latch
             E       CK        0.3381    -     0.1256   -      -         i l
    khu_sensor_top/ads1292_filter/clk_gate_o_ADS1292_FILTERED_DATA_reg_0/latch
             E       CK          -     0.0096    -    0.0694   -         i l
    khu_sensor_top/ads1292_filter/clk_gate_r_converter_i2f_a_reg_0/latch
             E       CK        0.2866    -     0.1016   -      -         i l
    khu_sensor_top/ads1292_filter/clk_gate_r_converter_i2f_a_reg_0/latch
             E       CK          -     0.0248    -    0.0832   -         i l
    khu_sensor_top/ads1292_filter/clk_gate_r_converter_f2i_a_reg_0/latch
             E       CK        0.3071    -     0.1103   -      -         i l
    khu_sensor_top/ads1292_filter/clk_gate_r_converter_f2i_a_reg_0/latch
             E       CK          -     0.0141    -    0.0808   -         i l
    khu_sensor_top/ads1292_filter/clk_gate_r_iir_hpf_x_reg_0/latch
             E       CK        0.3437    -     0.1593   -      -         i l
    khu_sensor_top/ads1292_filter/clk_gate_r_iir_hpf_x_reg_0/latch
             E       CK          -     -0.0028   -    0.0389   -         i l
    khu_sensor_top/ads1292_filter/clk_gate_r_iir_lpf_x_reg_0/latch
             E       CK        0.3134    -     0.1131   -      -         i l
    khu_sensor_top/ads1292_filter/clk_gate_r_iir_lpf_x_reg_0/latch
             E       CK          -     0.0090    -    0.0764   -         i l
    khu_sensor_top/ads1292_filter/clk_gate_r_iir_notch_x_reg_0/latch
             E       CK        0.3008    -     0.1095   -      -         i l
    khu_sensor_top/ads1292_filter/clk_gate_r_iir_notch_x_reg_0/latch
             E       CK          -     0.0168    -    0.0801   -         i l
    khu_sensor_top/mpr121_controller/clk_gate_r_i2c_write_reg/latch
             E       CK        0.2820    -     0.1014   -      -         i l
    khu_sensor_top/mpr121_controller/clk_gate_r_i2c_write_reg/latch
             E       CK          -     0.0286    -    0.0816   -         i l
    khu_sensor_top/mpr121_controller/clk_gate_o_MPR121_DATA_OUT_reg_0/latch
             E       CK        0.2955    -     0.1112   -      -         i l
    khu_sensor_top/mpr121_controller/clk_gate_o_MPR121_DATA_OUT_reg_0/latch
             E       CK          -     0.0199    -    0.0757   -         i l
    khu_sensor_top/mpr121_controller/clk_gate_r_i2c_data_in_reg_0/latch
             E       CK        0.3046    -     0.1326   -      -         i l
    khu_sensor_top/mpr121_controller/clk_gate_r_i2c_data_in_reg_0/latch
             E       CK          -     0.0166    -    0.0615   -         i l
    khu_sensor_top/mpr121_controller/clk_gate_o_MPR121_INIT_SET_reg/latch
             E       CK        0.2744    -     0.0965   -      -         i l
    khu_sensor_top/mpr121_controller/clk_gate_o_MPR121_INIT_SET_reg/latch
             E       CK          -     0.0299    -    0.0839   -         i l
    khu_sensor_top/mpr121_controller/clk_gate_r_i2c_reg_data_in_reg/latch
             E       CK        0.2776    -     0.0935   -      -         i l
    khu_sensor_top/mpr121_controller/clk_gate_r_i2c_reg_data_in_reg/latch
             E       CK          -     0.0310    -    0.0866   -         i l
    khu_sensor_top/sensor_core/clk_gate_r_mpr_touch_status_reg_0/latch
             E       CK        0.3303    -     0.1384   -      -         i l
    khu_sensor_top/sensor_core/clk_gate_r_mpr_touch_status_reg_0/latch
             E       CK          -     0.0227    -    0.0691   -         i l
    khu_sensor_top/sensor_core/clk_gate_r_ads_second_param_reg_0/latch
             E       CK        0.3009    -     0.1258   -      -         i l
    khu_sensor_top/sensor_core/clk_gate_r_ads_second_param_reg_0/latch
             E       CK          -     0.0188    -    0.0692   -         i l
    khu_sensor_top/sensor_core/clk_gate_r_uart_clk_counter_reg/latch
             E       CK        0.2769    -     0.0958   -      -         i l
    khu_sensor_top/sensor_core/clk_gate_r_uart_clk_counter_reg/latch
             E       CK          -     0.0300    -    0.0856   -         i l
    khu_sensor_top/sensor_core/clk_gate_r_ads_ch2_data_out_reg_0/latch
             E       CK        0.2721    -     0.0920   -      -         i l
    khu_sensor_top/sensor_core/clk_gate_r_ads_ch2_data_out_reg_0/latch
             E       CK          -     0.0308    -    0.0862   -         i l
    khu_sensor_top/sensor_core/clk_gate_o_UART_DATA_TX_reg_0/latch
             E       CK        0.3244    -     0.1739   -      -         i l
    khu_sensor_top/sensor_core/clk_gate_o_UART_DATA_TX_reg_0/latch
             E       CK          -     0.0128    -    0.0710   -         i l
    khu_sensor_top/sensor_core/clk_gate_o_ADS1292_REG_ADDR_reg_0/latch
             E       CK        0.2835    -     0.1051   -      -         i l
    khu_sensor_top/sensor_core/clk_gate_o_ADS1292_REG_ADDR_reg_0/latch
             E       CK          -     0.0254    -    0.0776   -         i l
    khu_sensor_top/sensor_core/clk_gate_o_MPR121_REG_ADDR_reg_0/latch
             E       CK        0.3205    -     0.1606   -      -         i l
    khu_sensor_top/sensor_core/clk_gate_o_MPR121_REG_ADDR_reg_0/latch
             E       CK          -     0.0202    -    0.0509   -         i l
    khu_sensor_top/sensor_core/clk_gate_r_ads_reg_addr_reg_0/latch
             E       CK        0.3250    -     0.1312   -      -         i l
    khu_sensor_top/sensor_core/clk_gate_r_ads_reg_addr_reg_0/latch
             E       CK          -     0.0019    -    0.0597   -         i l
    khu_sensor_top/sensor_core/clk_gate_r_mpr_first_param_reg_0/latch
             E       CK        0.2799    -     0.1025   -      -         i l
    khu_sensor_top/sensor_core/clk_gate_r_mpr_first_param_reg_0/latch
             E       CK          -     0.0313    -    0.0849   -         i l
    khu_sensor_top/sensor_core/clk_gate_r_mpr_reg_addr_reg_0/latch
             E       CK        0.3521    -     0.1463   -      -         i l
    khu_sensor_top/sensor_core/clk_gate_r_mpr_reg_addr_reg_0/latch
             E       CK          -     0.0034    -    0.0560   -         i l
    khu_sensor_top/sensor_core/clk_gate_r_mpr_touch_status_0_reg_0/latch
             E       CK        0.2830    -     0.0958   -      -         i l
    khu_sensor_top/sensor_core/clk_gate_r_mpr_touch_status_0_reg_0/latch
             E       CK          -     0.0280    -    0.0847   -         i l
    khu_sensor_top/sensor_core/clk_gate_r_ads_read_reg_done_reg/latch
             E       CK        0.3075    -     0.1369   -      -         i l
    khu_sensor_top/sensor_core/clk_gate_r_ads_read_reg_done_reg/latch
             E       CK          -     0.0110    -    0.0556   -         i l
    khu_sensor_top/sensor_core/clk_gate_r_mpr_read_reg_done_reg/latch
             E       CK        0.3058    -     0.1152   -      -         i l
    khu_sensor_top/sensor_core/clk_gate_r_mpr_read_reg_done_reg/latch
             E       CK          -     0.0275    -    0.0816   -         i l
    khu_sensor_top/sensor_core/clk_gate_r_ads_lstate_reg_0/latch
             E       CK        0.2888    -     0.1161   -      -         i l
    khu_sensor_top/sensor_core/clk_gate_r_ads_lstate_reg_0/latch
             E       CK          -     0.0247    -    0.0767   -         i l
    khu_sensor_top/sensor_core/clk_gate_r_mpr_chip_set_done_reg/latch
             E       CK        0.2894    -     0.1340   -      -         i l
    khu_sensor_top/sensor_core/clk_gate_r_mpr_chip_set_done_reg/latch
             E       CK          -     0.0237    -    0.0602   -         i l
    khu_sensor_top/sensor_core/clk_gate_r_ads_run_set_done_reg/latch
             E       CK        0.2823    -     0.1093   -      -         i l
    khu_sensor_top/sensor_core/clk_gate_r_ads_run_set_done_reg/latch
             E       CK          -     0.0304    -    0.0788   -         i l
    khu_sensor_top/sensor_core/clk_gate_r_mpr_lstate_reg_0/latch
             E       CK        0.2794    -     0.1023   -      -         i l
    khu_sensor_top/sensor_core/clk_gate_r_mpr_lstate_reg_0/latch
             E       CK          -     0.0275    -    0.0784   -         i l
    khu_sensor_top/sensor_core/clk_gate_r_mpr_touch_status_1_reg_0/latch
             E       CK        0.2823    -     0.0950   -      -         i l
    khu_sensor_top/sensor_core/clk_gate_r_mpr_touch_status_1_reg_0/latch
             E       CK          -     0.0282    -    0.0854   -         i l
    khu_sensor_top/sensor_core/clk_gate_o_MPR121_DATA_IN_reg_0/latch
             E       CK        0.3120    -     0.1392   -      -         i l
    khu_sensor_top/sensor_core/clk_gate_o_MPR121_DATA_IN_reg_0/latch
             E       CK          -     0.0077    -    0.0536   -         i l
    khu_sensor_top/sensor_core/clk_gate_r_mpr_second_param_reg_0/latch
             E       CK        0.2739    -     0.0988   -      -         i l
    khu_sensor_top/sensor_core/clk_gate_r_mpr_second_param_reg_0/latch
             E       CK          -     0.0306    -    0.0808   -         i l
    khu_sensor_top/sensor_core/clk_gate_o_ADS1292_DATA_IN_reg_0/latch
             E       CK        0.3473    -     0.1580   -      -         i l
    khu_sensor_top/sensor_core/clk_gate_o_ADS1292_DATA_IN_reg_0/latch
             E       CK          -     -0.0001   -    0.0461   -         i l
    khu_sensor_top/uart_controller/clk_gate_o_UART_DATA_RX_reg_1/latch
             E       CK        0.3120    -     0.1172   -      -         i l
    khu_sensor_top/uart_controller/clk_gate_o_UART_DATA_RX_reg_1/latch
             E       CK          -     0.0116    -    0.0723   -         i l
    khu_sensor_top/uart_controller/clk_gate_o_UART_DATA_RX_reg_2/latch
             E       CK        0.2733    -     0.0927   -      -         i l
    khu_sensor_top/uart_controller/clk_gate_o_UART_DATA_RX_reg_2/latch
             E       CK          -     0.0308    -    0.0856   -         i l
    khu_sensor_top/uart_controller/clk_gate_r_uart_data_tx_valid_reg/latch
             E       CK        0.2731    -     0.0937   -      -         i l
    khu_sensor_top/uart_controller/clk_gate_r_uart_data_tx_valid_reg/latch
             E       CK          -     0.0311    -    0.0851   -         i l
    khu_sensor_top/uart_controller/clk_gate_r_uart_data_tx_shift_reg_0/latch
             E       CK        0.2746    -     0.0956   -      -         i l
    khu_sensor_top/uart_controller/clk_gate_r_uart_data_tx_shift_reg_0/latch
             E       CK          -     0.0311    -    0.0858   -         i l
    khu_sensor_top/ads1292_controller/spi_master/clk_gate_r_SPI_Clk_Edges_reg_0/latch
             E       CK        0.3383    -     0.1314   -      -         i l
    khu_sensor_top/ads1292_controller/spi_master/clk_gate_r_SPI_Clk_Edges_reg_0/latch
             E       CK          -     0.0238    -    0.0687   -         i l
    khu_sensor_top/ads1292_controller/spi_master/clk_gate_o_RX_Byte_reg/latch
             E       CK        0.2969    -     0.1285   -      -         i l
    khu_sensor_top/ads1292_controller/spi_master/clk_gate_o_RX_Byte_reg/latch
             E       CK          -     0.0297    -    0.0762   -         i l
    khu_sensor_top/ads1292_controller/spi_master/clk_gate_r_SPI_Clk_Count_reg_0/latch
             E       CK        0.2988    -     0.1163   -      -         i l
    khu_sensor_top/ads1292_controller/spi_master/clk_gate_r_SPI_Clk_Count_reg_0/latch
             E       CK          -     0.0153    -    0.0689   -         i l
    khu_sensor_top/ads1292_controller/spi_master/clk_gate_r_TX_Byte_reg_0/latch
             E       CK        0.3269    -     0.1593   -      -         i l
    khu_sensor_top/ads1292_controller/spi_master/clk_gate_r_TX_Byte_reg_0/latch
             E       CK          -     -0.0010   -    0.0389   -         i l
    khu_sensor_top/ads1292_filter/converter_f2i/clk_gate_a_m_reg_1/latch
             E       CK        0.3149    -     0.1411   -      -         i l
    khu_sensor_top/ads1292_filter/converter_f2i/clk_gate_a_m_reg_1/latch
             E       CK          -     0.0141    -    0.0687   -         i l
    khu_sensor_top/ads1292_filter/converter_f2i/clk_gate_a_s_reg/latch
             E       CK        0.3006    -     0.1119   -      -         i l
    khu_sensor_top/ads1292_filter/converter_f2i/clk_gate_a_s_reg/latch
             E       CK          -     0.0243    -    0.0810   -         i l
    khu_sensor_top/ads1292_filter/converter_f2i/clk_gate_o_Z_reg_0/latch
             E       CK        0.3236    -     0.1174   -      -         i l
    khu_sensor_top/ads1292_filter/converter_f2i/clk_gate_o_Z_reg_0/latch
             E       CK          -     0.0055    -    0.0758   -         i l
    khu_sensor_top/ads1292_filter/converter_f2i/clk_gate_z_reg_0/latch
             E       CK        0.2755    -     0.0983   -      -         i l
    khu_sensor_top/ads1292_filter/converter_f2i/clk_gate_z_reg_0/latch
             E       CK          -     0.0316    -    0.0815   -         i l
    khu_sensor_top/ads1292_filter/converter_f2i/clk_gate_a_reg_0/latch
             E       CK        0.2987    -     0.1171   -      -         i l
    khu_sensor_top/ads1292_filter/converter_f2i/clk_gate_a_reg_0/latch
             E       CK          -     0.0188    -    0.0764   -         i l
    khu_sensor_top/ads1292_filter/iir_hpf/clk_gate_o_Y_DATA_reg_0/latch
             E       CK        0.3048    -     0.1203   -      -         i l
    khu_sensor_top/ads1292_filter/iir_hpf/clk_gate_o_Y_DATA_reg_0/latch
             E       CK          -     0.0248    -    0.0765   -         i l
    khu_sensor_top/ads1292_filter/iir_hpf/clk_gate_r_mult_B_reg/latch
             E       CK        0.2777    -     0.0995   -      -         i l
    khu_sensor_top/ads1292_filter/iir_hpf/clk_gate_r_mult_B_reg/latch
             E       CK          -     0.0276    -    0.0804   -         i l
    khu_sensor_top/ads1292_filter/iir_hpf/clk_gate_r_add_B_reg_0/latch
             E       CK        0.3385    -     0.1369   -      -         i l
    khu_sensor_top/ads1292_filter/iir_hpf/clk_gate_r_add_B_reg_0/latch
             E       CK          -     0.0144    -    0.0735   -         i l
    khu_sensor_top/ads1292_filter/iir_hpf/clk_gate_r_y_data_reg/latch
             E       CK        0.3184    -     0.1439   -      -         i l
    khu_sensor_top/ads1292_filter/iir_hpf/clk_gate_r_y_data_reg/latch
             E       CK          -     0.0042    -    0.0505   -         i l
    khu_sensor_top/ads1292_filter/iir_notch/clk_gate_r_mult_2_A_reg/latch
             E       CK        0.3305    -     0.1500   -      -         i l
    khu_sensor_top/ads1292_filter/iir_notch/clk_gate_r_mult_2_A_reg/latch
             E       CK          -     0.0198    -    0.0636   -         i l
    khu_sensor_top/ads1292_filter/iir_notch/clk_gate_r_mult_3_AB_STB_reg/latch
             E       CK        0.2936    -     0.1253   -      -         i l
    khu_sensor_top/ads1292_filter/iir_notch/clk_gate_r_mult_3_AB_STB_reg/latch
             E       CK          -     0.0248    -    0.0714   -         i l
    khu_sensor_top/ads1292_filter/iir_notch/clk_gate_o_Y_DATA_reg_0/latch
             E       CK        0.3047    -     0.1294   -      -         i l
    khu_sensor_top/ads1292_filter/iir_notch/clk_gate_o_Y_DATA_reg_0/latch
             E       CK          -     0.0201    -    0.0801   -         i l
    khu_sensor_top/ads1292_filter/iir_notch/clk_gate_r_mult_3_A_reg/latch
             E       CK        0.2767    -     0.1011   -      -         i l
    khu_sensor_top/ads1292_filter/iir_notch/clk_gate_r_mult_3_A_reg/latch
             E       CK          -     0.0292    -    0.0817   -         i l
    khu_sensor_top/ads1292_filter/iir_notch/clk_gate_r_add_1_A_reg/latch
             E       CK        0.2943    -     0.1050   -      -         i l
    khu_sensor_top/ads1292_filter/iir_notch/clk_gate_r_add_1_A_reg/latch
             E       CK          -     0.0287    -    0.0850   -         i l
    khu_sensor_top/ads1292_filter/iir_notch/clk_gate_r_add_2_A_reg_0/latch
             E       CK        0.3049    -     0.1179   -      -         i l
    khu_sensor_top/ads1292_filter/iir_notch/clk_gate_r_add_2_A_reg_0/latch
             E       CK          -     0.0293    -    0.0815   -         i l
    khu_sensor_top/ads1292_filter/iir_notch/clk_gate_r_x_data_reg_1/latch
             E       CK        0.3017    -     0.1130   -      -         i l
    khu_sensor_top/ads1292_filter/iir_notch/clk_gate_r_x_data_reg_1/latch
             E       CK          -     0.0150    -    0.0738   -         i l
    khu_sensor_top/ads1292_filter/iir_notch/clk_gate_r_y_data_reg_0/latch
             E       CK        0.3017    -     0.1130   -      -         i l
    khu_sensor_top/ads1292_filter/iir_notch/clk_gate_r_y_data_reg_0/latch
             E       CK          -     0.0150    -    0.0738   -         i l
    khu_sensor_top/ads1292_filter/iir_notch/clk_gate_r_y_data_reg_1/latch
             E       CK        0.3017    -     0.1130   -      -         i l
    khu_sensor_top/ads1292_filter/iir_notch/clk_gate_r_y_data_reg_1/latch
             E       CK          -     0.0150    -    0.0738   -         i l
    khu_sensor_top/ads1292_filter/iir_lpf/clk_gate_o_Y_DATA_reg_0/latch
             E       CK        0.3259    -     0.1457   -      -         i l
    khu_sensor_top/ads1292_filter/iir_lpf/clk_gate_o_Y_DATA_reg_0/latch
             E       CK          -     0.0201    -    0.0725   -         i l
    khu_sensor_top/ads1292_filter/iir_lpf/clk_gate_r_add_B_reg/latch
             E       CK        0.2770    -     0.0975   -      -         i l
    khu_sensor_top/ads1292_filter/iir_lpf/clk_gate_r_add_B_reg/latch
             E       CK          -     0.0307    -    0.0840   -         i l
    khu_sensor_top/ads1292_filter/iir_lpf/clk_gate_r_y_data_reg_1/latch
             E       CK        0.3126    -     0.1401   -      -         i l
    khu_sensor_top/ads1292_filter/iir_lpf/clk_gate_r_y_data_reg_1/latch
             E       CK          -     0.0073    -    0.0543   -         i l
    khu_sensor_top/ads1292_filter/iir_lpf/clk_gate_r_y_data_reg_2/latch
             E       CK        0.3126    -     0.1401   -      -         i l
    khu_sensor_top/ads1292_filter/iir_lpf/clk_gate_r_y_data_reg_2/latch
             E       CK          -     0.0073    -    0.0543   -         i l
    khu_sensor_top/ads1292_filter/iir_lpf/clk_gate_r_mult_2_A_reg/latch
             E       CK        0.2776    -     0.0982   -      -         i l
    khu_sensor_top/ads1292_filter/iir_lpf/clk_gate_r_mult_2_A_reg/latch
             E       CK          -     0.0293    -    0.0827   -         i l
    khu_sensor_top/ads1292_filter/converter_i2f/clk_gate_a_reg_0/latch
             E       CK        0.2820    -     0.1046   -      -         i l
    khu_sensor_top/ads1292_filter/converter_i2f/clk_gate_a_reg_0/latch
             E       CK          -     0.0265    -    0.0825   -         i l
    khu_sensor_top/ads1292_filter/converter_i2f/clk_gate_value_reg_0/latch
             E       CK        0.2782    -     0.0939   -      -         i l
    khu_sensor_top/ads1292_filter/converter_i2f/clk_gate_value_reg_0/latch
             E       CK          -     0.0289    -    0.0845   -         i l
    khu_sensor_top/ads1292_filter/converter_i2f/clk_gate_z_e_reg/latch
             E       CK        0.2905    -     0.1029   -      -         i l
    khu_sensor_top/ads1292_filter/converter_i2f/clk_gate_z_e_reg/latch
             E       CK          -     0.0309    -    0.0801   -         i l
    khu_sensor_top/ads1292_filter/converter_i2f/clk_gate_o_Z_reg_0/latch
             E       CK        0.3139    -     0.1272   -      -         i l
    khu_sensor_top/ads1292_filter/converter_i2f/clk_gate_o_Z_reg_0/latch
             E       CK          -     0.0088    -    0.0700   -         i l
    khu_sensor_top/ads1292_filter/converter_i2f/clk_gate_z_reg_0/latch
             E       CK        0.3151    -     0.1208   -      -         i l
    khu_sensor_top/ads1292_filter/converter_i2f/clk_gate_z_reg_0/latch
             E       CK          -     0.0189    -    0.0716   -         i l
    khu_sensor_top/mpr121_controller/i2c_master/clk_gate_phy_rx_data_reg_reg/latch
             E       CK        0.3080    -     0.1406   -      -         i l
    khu_sensor_top/mpr121_controller/i2c_master/clk_gate_phy_rx_data_reg_reg/latch
             E       CK          -     0.0314    -    0.0802   -         i l
    khu_sensor_top/mpr121_controller/i2c_master/clk_gate_data_out_reg_reg_0/latch
             E       CK        0.3175    -     0.1216   -      -         i l
    khu_sensor_top/mpr121_controller/i2c_master/clk_gate_data_out_reg_reg_0/latch
             E       CK          -     0.0227    -    0.0831   -         i l
    khu_sensor_top/mpr121_controller/i2c_master/clk_gate_last_reg_reg/latch
             E       CK        0.3073    -     0.1551   -      -         i l
    khu_sensor_top/mpr121_controller/i2c_master/clk_gate_last_reg_reg/latch
             E       CK          -     0.0192    -    0.0814   -         i l
    khu_sensor_top/uart_controller/uart_rx/clk_gate_r_Bit_Index_reg/latch
             E       CK        0.2915    -     0.1106   -      -         i l
    khu_sensor_top/uart_controller/uart_rx/clk_gate_r_Bit_Index_reg/latch
             E       CK          -     0.0251    -    0.0788   -         i l
    khu_sensor_top/uart_controller/uart_tx/clk_gate_o_Tx_Serial_reg/latch
             E       CK        0.2861    -     0.1105   -      -         i l
    khu_sensor_top/uart_controller/uart_tx/clk_gate_o_Tx_Serial_reg/latch
             E       CK          -     0.0281    -    0.0786   -         i l
    khu_sensor_top/uart_controller/uart_tx/clk_gate_r_Tx_Data_reg_0/latch
             E       CK        0.2860    -     0.1068   -      -         i l
    khu_sensor_top/uart_controller/uart_tx/clk_gate_r_Tx_Data_reg_0/latch
             E       CK          -     0.0234    -    0.0760   -         i l
    khu_sensor_top/ads1292_filter/iir_hpf/mult/clk_gate_b_reg/latch
             E       CK        0.3014    -     0.1112   -      -         i l
    khu_sensor_top/ads1292_filter/iir_hpf/mult/clk_gate_b_reg/latch
             E       CK          -     0.0148    -    0.0803   -         i l
    khu_sensor_top/ads1292_filter/iir_hpf/mult/clk_gate_a_e_reg/latch
             E       CK        0.3223    -     0.1504   -      -         i l
    khu_sensor_top/ads1292_filter/iir_hpf/mult/clk_gate_a_e_reg/latch
             E       CK          -     0.0245    -    0.0703   -         i l
    khu_sensor_top/ads1292_filter/iir_hpf/mult/clk_gate_z_e_reg_0/latch
             E       CK        0.3576    -     0.1822   -      -         i l
    khu_sensor_top/ads1292_filter/iir_hpf/mult/clk_gate_z_e_reg_0/latch
             E       CK          -     0.0074    -    0.0338   -         i l
    khu_sensor_top/ads1292_filter/iir_hpf/mult/clk_gate_sticky_reg/latch
             E       CK        0.3169    -     0.1352   -      -         i l
    khu_sensor_top/ads1292_filter/iir_hpf/mult/clk_gate_sticky_reg/latch
             E       CK          -     0.0280    -    0.0687   -         i l
    khu_sensor_top/ads1292_filter/iir_hpf/mult/clk_gate_a_s_reg/latch
             E       CK        0.3189    -     0.1426   -      -         i l
    khu_sensor_top/ads1292_filter/iir_hpf/mult/clk_gate_a_s_reg/latch
             E       CK          -     0.0223    -    0.0711   -         i l
    khu_sensor_top/ads1292_filter/iir_hpf/mult/clk_gate_b_e_reg/latch
             E       CK        0.2787    -     0.1014   -      -         i l
    khu_sensor_top/ads1292_filter/iir_hpf/mult/clk_gate_b_e_reg/latch
             E       CK          -     0.0286    -    0.0809   -         i l
    khu_sensor_top/ads1292_filter/iir_hpf/mult/clk_gate_o_Z_reg_0/latch
             E       CK        0.3377    -     0.1585   -      -         i l
    khu_sensor_top/ads1292_filter/iir_hpf/mult/clk_gate_o_Z_reg_0/latch
             E       CK          -     -0.0001   -    0.0645   -         i l
    khu_sensor_top/ads1292_filter/iir_hpf/mult/clk_gate_z_reg_0/latch
             E       CK        0.2928    -     0.1199   -      -         i l
    khu_sensor_top/ads1292_filter/iir_hpf/mult/clk_gate_z_reg_0/latch
             E       CK          -     0.0293    -    0.0724   -         i l
    khu_sensor_top/ads1292_filter/iir_hpf/mult/clk_gate_z_s_reg/latch
             E       CK        0.3536    -     0.1543   -      -         i l
    khu_sensor_top/ads1292_filter/iir_hpf/mult/clk_gate_z_s_reg/latch
             E       CK          -     0.0045    -    0.0587   -         i l
    khu_sensor_top/ads1292_filter/iir_hpf/add/clk_gate_b_reg/latch
             E       CK        0.3425    -     0.1690   -      -         i l
    khu_sensor_top/ads1292_filter/iir_hpf/add/clk_gate_b_reg/latch
             E       CK          -     -0.0036   -    0.0356   -         i l
    khu_sensor_top/ads1292_filter/iir_hpf/add/clk_gate_a_e_reg/latch
             E       CK        0.3118    -     0.1267   -      -         i l
    khu_sensor_top/ads1292_filter/iir_hpf/add/clk_gate_a_e_reg/latch
             E       CK          -     0.0267    -    0.0763   -         i l
    khu_sensor_top/ads1292_filter/iir_hpf/add/clk_gate_z_e_reg_0/latch
             E       CK        0.2788    -     0.1008   -      -         i l
    khu_sensor_top/ads1292_filter/iir_hpf/add/clk_gate_z_e_reg_0/latch
             E       CK          -     0.0306    -    0.0826   -         i l
    khu_sensor_top/ads1292_filter/iir_hpf/add/clk_gate_guard_reg/latch
             E       CK        0.2726    -     0.0939   -      -         i l
    khu_sensor_top/ads1292_filter/iir_hpf/add/clk_gate_guard_reg/latch
             E       CK          -     0.0318    -    0.0852   -         i l
    khu_sensor_top/ads1292_filter/iir_hpf/add/clk_gate_a_s_reg/latch
             E       CK        0.3003    -     0.1223   -      -         i l
    khu_sensor_top/ads1292_filter/iir_hpf/add/clk_gate_a_s_reg/latch
             E       CK          -     0.0165    -    0.0662   -         i l
    khu_sensor_top/ads1292_filter/iir_hpf/add/clk_gate_b_m_reg_0/latch
             E       CK        0.2981    -     0.1205   -      -         i l
    khu_sensor_top/ads1292_filter/iir_hpf/add/clk_gate_b_m_reg_0/latch
             E       CK          -     0.0183    -    0.0688   -         i l
    khu_sensor_top/ads1292_filter/iir_hpf/add/clk_gate_sum_reg_0/latch
             E       CK        0.3003    -     0.1169   -      -         i l
    khu_sensor_top/ads1292_filter/iir_hpf/add/clk_gate_sum_reg_0/latch
             E       CK          -     0.0151    -    0.0688   -         i l
    khu_sensor_top/ads1292_filter/iir_hpf/add/clk_gate_o_Z_reg_0/latch
             E       CK        0.4291    -     0.2502   -      -         i l
    khu_sensor_top/ads1292_filter/iir_hpf/add/clk_gate_o_Z_reg_0/latch
             E       CK          -     0.0601    -    0.0115   -         i l
    khu_sensor_top/ads1292_filter/iir_hpf/add/clk_gate_z_reg_0/latch
             E       CK        0.2795    -     0.1011   -      -         i l
    khu_sensor_top/ads1292_filter/iir_hpf/add/clk_gate_z_reg_0/latch
             E       CK          -     0.0307    -    0.0831   -         i l
    khu_sensor_top/ads1292_filter/iir_notch/mult_3/clk_gate_b_reg/latch
             E       CK        0.2991    -     0.1134   -      -         i l
    khu_sensor_top/ads1292_filter/iir_notch/mult_3/clk_gate_b_reg/latch
             E       CK          -     0.0182    -    0.0821   -         i l
    khu_sensor_top/ads1292_filter/iir_notch/mult_3/clk_gate_a_e_reg/latch
             E       CK        0.3316    -     0.1665   -      -         i l
    khu_sensor_top/ads1292_filter/iir_notch/mult_3/clk_gate_a_e_reg/latch
             E       CK          -     0.0220    -    0.0619   -         i l
    khu_sensor_top/ads1292_filter/iir_notch/mult_3/clk_gate_z_e_reg_0/latch
             E       CK        0.3415    -     0.1414   -      -         i l
    khu_sensor_top/ads1292_filter/iir_notch/mult_3/clk_gate_z_e_reg_0/latch
             E       CK          -     0.0159    -    0.0676   -         i l
    khu_sensor_top/ads1292_filter/iir_notch/mult_3/clk_gate_sticky_reg/latch
             E       CK        0.3148    -     0.1315   -      -         i l
    khu_sensor_top/ads1292_filter/iir_notch/mult_3/clk_gate_sticky_reg/latch
             E       CK          -     0.0288    -    0.0710   -         i l
    khu_sensor_top/ads1292_filter/iir_notch/mult_3/clk_gate_b_s_reg/latch
             E       CK        0.3235    -     0.1472   -      -         i l
    khu_sensor_top/ads1292_filter/iir_notch/mult_3/clk_gate_b_s_reg/latch
             E       CK          -     0.0197    -    0.0684   -         i l
    khu_sensor_top/ads1292_filter/iir_notch/mult_3/clk_gate_b_e_reg/latch
             E       CK        0.2788    -     0.1012   -      -         i l
    khu_sensor_top/ads1292_filter/iir_notch/mult_3/clk_gate_b_e_reg/latch
             E       CK          -     0.0292    -    0.0817   -         i l
    khu_sensor_top/ads1292_filter/iir_notch/mult_3/clk_gate_o_Z_reg_0/latch
             E       CK        0.3250    -     0.1482   -      -         i l
    khu_sensor_top/ads1292_filter/iir_notch/mult_3/clk_gate_o_Z_reg_0/latch
             E       CK          -     0.0087    -    0.0717   -         i l
    khu_sensor_top/ads1292_filter/iir_notch/mult_3/clk_gate_z_reg_0/latch
             E       CK        0.2929    -     0.1220   -      -         i l
    khu_sensor_top/ads1292_filter/iir_notch/mult_3/clk_gate_z_reg_0/latch
             E       CK          -     0.0278    -    0.0698   -         i l
    khu_sensor_top/ads1292_filter/iir_notch/mult_3/clk_gate_z_s_reg/latch
             E       CK        0.3682    -     0.1720   -      -         i l
    khu_sensor_top/ads1292_filter/iir_notch/mult_3/clk_gate_z_s_reg/latch
             E       CK          -     0.0153    -    0.0413   -         i l
    khu_sensor_top/ads1292_filter/iir_notch/mult_2/clk_gate_b_reg/latch
             E       CK        0.2967    -     0.1111   -      -         i l
    khu_sensor_top/ads1292_filter/iir_notch/mult_2/clk_gate_b_reg/latch
             E       CK          -     0.0179    -    0.0758   -         i l
    khu_sensor_top/ads1292_filter/iir_notch/mult_2/clk_gate_a_e_reg/latch
             E       CK        0.3143    -     0.1354   -      -         i l
    khu_sensor_top/ads1292_filter/iir_notch/mult_2/clk_gate_a_e_reg/latch
             E       CK          -     0.0265    -    0.0764   -         i l
    khu_sensor_top/ads1292_filter/iir_notch/mult_2/clk_gate_z_e_reg_0/latch
             E       CK        0.3425    -     0.1440   -      -         i l
    khu_sensor_top/ads1292_filter/iir_notch/mult_2/clk_gate_z_e_reg_0/latch
             E       CK          -     0.0147    -    0.0656   -         i l
    khu_sensor_top/ads1292_filter/iir_notch/mult_2/clk_gate_sticky_reg/latch
             E       CK        0.3161    -     0.1335   -      -         i l
    khu_sensor_top/ads1292_filter/iir_notch/mult_2/clk_gate_sticky_reg/latch
             E       CK          -     0.0283    -    0.0696   -         i l
    khu_sensor_top/ads1292_filter/iir_notch/mult_2/clk_gate_b_s_reg/latch
             E       CK        0.3159    -     0.1401   -      -         i l
    khu_sensor_top/ads1292_filter/iir_notch/mult_2/clk_gate_b_s_reg/latch
             E       CK          -     0.0194    -    0.0698   -         i l
    khu_sensor_top/ads1292_filter/iir_notch/mult_2/clk_gate_b_e_reg/latch
             E       CK        0.2759    -     0.0967   -      -         i l
    khu_sensor_top/ads1292_filter/iir_notch/mult_2/clk_gate_b_e_reg/latch
             E       CK          -     0.0314    -    0.0854   -         i l
    khu_sensor_top/ads1292_filter/iir_notch/mult_2/clk_gate_o_Z_reg_0/latch
             E       CK        0.3252    -     0.1510   -      -         i l
    khu_sensor_top/ads1292_filter/iir_notch/mult_2/clk_gate_o_Z_reg_0/latch
             E       CK          -     0.0108    -    0.0759   -         i l
    khu_sensor_top/ads1292_filter/iir_notch/mult_2/clk_gate_z_reg_0/latch
             E       CK        0.2937    -     0.1202   -      -         i l
    khu_sensor_top/ads1292_filter/iir_notch/mult_2/clk_gate_z_reg_0/latch
             E       CK          -     0.0285    -    0.0729   -         i l
    khu_sensor_top/ads1292_filter/iir_notch/mult_2/clk_gate_z_s_reg/latch
             E       CK        0.3380    -     0.1240   -      -         i l
    khu_sensor_top/ads1292_filter/iir_notch/mult_2/clk_gate_z_s_reg/latch
             E       CK          -     -0.0037   -    0.0746   -         i l
    khu_sensor_top/ads1292_filter/iir_notch/mult_1/clk_gate_b_reg/latch
             E       CK        0.2950    -     0.1051   -      -         i l
    khu_sensor_top/ads1292_filter/iir_notch/mult_1/clk_gate_b_reg/latch
             E       CK          -     0.0195    -    0.0790   -         i l
    khu_sensor_top/ads1292_filter/iir_notch/mult_1/clk_gate_a_e_reg/latch
             E       CK        0.3320    -     0.1599   -      -         i l
    khu_sensor_top/ads1292_filter/iir_notch/mult_1/clk_gate_a_e_reg/latch
             E       CK          -     0.0232    -    0.0650   -         i l
    khu_sensor_top/ads1292_filter/iir_notch/mult_1/clk_gate_z_e_reg_0/latch
             E       CK        0.3423    -     0.1441   -      -         i l
    khu_sensor_top/ads1292_filter/iir_notch/mult_1/clk_gate_z_e_reg_0/latch
             E       CK          -     0.0135    -    0.0628   -         i l
    khu_sensor_top/ads1292_filter/iir_notch/mult_1/clk_gate_sticky_reg/latch
             E       CK        0.3115    -     0.1245   -      -         i l
    khu_sensor_top/ads1292_filter/iir_notch/mult_1/clk_gate_sticky_reg/latch
             E       CK          -     0.0301    -    0.0764   -         i l
    khu_sensor_top/ads1292_filter/iir_notch/mult_1/clk_gate_b_s_reg/latch
             E       CK        0.3377    -     0.1627   -      -         i l
    khu_sensor_top/ads1292_filter/iir_notch/mult_1/clk_gate_b_s_reg/latch
             E       CK          -     0.0155    -    0.0609   -         i l
    khu_sensor_top/ads1292_filter/iir_notch/mult_1/clk_gate_b_e_reg/latch
             E       CK        0.2770    -     0.0986   -      -         i l
    khu_sensor_top/ads1292_filter/iir_notch/mult_1/clk_gate_b_e_reg/latch
             E       CK          -     0.0300    -    0.0832   -         i l
    khu_sensor_top/ads1292_filter/iir_notch/mult_1/clk_gate_o_Z_reg_0/latch
             E       CK        0.3233    -     0.1446   -      -         i l
    khu_sensor_top/ads1292_filter/iir_notch/mult_1/clk_gate_o_Z_reg_0/latch
             E       CK          -     0.0088    -    0.0726   -         i l
    khu_sensor_top/ads1292_filter/iir_notch/mult_1/clk_gate_z_reg_0/latch
             E       CK        0.2948    -     0.1257   -      -         i l
    khu_sensor_top/ads1292_filter/iir_notch/mult_1/clk_gate_z_reg_0/latch
             E       CK          -     0.0276    -    0.0672   -         i l
    khu_sensor_top/ads1292_filter/iir_notch/mult_1/clk_gate_z_s_reg/latch
             E       CK        0.3419    -     0.1300   -      -         i l
    khu_sensor_top/ads1292_filter/iir_notch/mult_1/clk_gate_z_s_reg/latch
             E       CK          -     -0.0041   -    0.0695   -         i l
    khu_sensor_top/ads1292_filter/iir_notch/add_2/clk_gate_b_reg/latch
             E       CK        0.3399    -     0.1567   -      -         i l
    khu_sensor_top/ads1292_filter/iir_notch/add_2/clk_gate_b_reg/latch
             E       CK          -     -0.0056   -    0.0515   -         i l
    khu_sensor_top/ads1292_filter/iir_notch/add_2/clk_gate_a_e_reg/latch
             E       CK        0.3060    -     0.1207   -      -         i l
    khu_sensor_top/ads1292_filter/iir_notch/add_2/clk_gate_a_e_reg/latch
             E       CK          -     0.0280    -    0.0790   -         i l
    khu_sensor_top/ads1292_filter/iir_notch/add_2/clk_gate_z_e_reg_0/latch
             E       CK        0.2815    -     0.1017   -      -         i l
    khu_sensor_top/ads1292_filter/iir_notch/add_2/clk_gate_z_e_reg_0/latch
             E       CK          -     0.0303    -    0.0810   -         i l
    khu_sensor_top/ads1292_filter/iir_notch/add_2/clk_gate_guard_reg/latch
             E       CK        0.2743    -     0.0958   -      -         i l
    khu_sensor_top/ads1292_filter/iir_notch/add_2/clk_gate_guard_reg/latch
             E       CK          -     0.0313    -    0.0843   -         i l
    khu_sensor_top/ads1292_filter/iir_notch/add_2/clk_gate_a_s_reg/latch
             E       CK        0.2988    -     0.1195   -      -         i l
    khu_sensor_top/ads1292_filter/iir_notch/add_2/clk_gate_a_s_reg/latch
             E       CK          -     0.0180    -    0.0686   -         i l
    khu_sensor_top/ads1292_filter/iir_notch/add_2/clk_gate_b_m_reg_0/latch
             E       CK        0.2993    -     0.1177   -      -         i l
    khu_sensor_top/ads1292_filter/iir_notch/add_2/clk_gate_b_m_reg_0/latch
             E       CK          -     0.0203    -    0.0721   -         i l
    khu_sensor_top/ads1292_filter/iir_notch/add_2/clk_gate_z_s_reg/latch
             E       CK        0.3049    -     0.1217   -      -         i l
    khu_sensor_top/ads1292_filter/iir_notch/add_2/clk_gate_z_s_reg/latch
             E       CK          -     0.0129    -    0.0653   -         i l
    khu_sensor_top/ads1292_filter/iir_notch/add_2/clk_gate_o_Z_reg_0/latch
             E       CK        0.3636    -     0.1540   -      -         i l
    khu_sensor_top/ads1292_filter/iir_notch/add_2/clk_gate_o_Z_reg_0/latch
             E       CK          -     0.0119    -    0.0468   -         i l
    khu_sensor_top/ads1292_filter/iir_notch/add_2/clk_gate_z_reg_0/latch
             E       CK        0.2821    -     0.1056   -      -         i l
    khu_sensor_top/ads1292_filter/iir_notch/add_2/clk_gate_z_reg_0/latch
             E       CK          -     0.0291    -    0.0807   -         i l
    khu_sensor_top/ads1292_filter/iir_notch/add_1/clk_gate_b_reg/latch
             E       CK        0.3343    -     0.1400   -      -         i l
    khu_sensor_top/ads1292_filter/iir_notch/add_1/clk_gate_b_reg/latch
             E       CK          -     -0.0043   -    0.0563   -         i l
    khu_sensor_top/ads1292_filter/iir_notch/add_1/clk_gate_a_e_reg/latch
             E       CK        0.3143    -     0.1298   -      -         i l
    khu_sensor_top/ads1292_filter/iir_notch/add_1/clk_gate_a_e_reg/latch
             E       CK          -     0.0250    -    0.0733   -         i l
    khu_sensor_top/ads1292_filter/iir_notch/add_1/clk_gate_z_e_reg_0/latch
             E       CK        0.2884    -     0.1073   -      -         i l
    khu_sensor_top/ads1292_filter/iir_notch/add_1/clk_gate_z_e_reg_0/latch
             E       CK          -     0.0292    -    0.0774   -         i l
    khu_sensor_top/ads1292_filter/iir_notch/add_1/clk_gate_guard_reg/latch
             E       CK        0.2756    -     0.0981   -      -         i l
    khu_sensor_top/ads1292_filter/iir_notch/add_1/clk_gate_guard_reg/latch
             E       CK          -     0.0301    -    0.0826   -         i l
    khu_sensor_top/ads1292_filter/iir_notch/add_1/clk_gate_a_s_reg/latch
             E       CK        0.2997    -     0.1192   -      -         i l
    khu_sensor_top/ads1292_filter/iir_notch/add_1/clk_gate_a_s_reg/latch
             E       CK          -     0.0166    -    0.0693   -         i l
    khu_sensor_top/ads1292_filter/iir_notch/add_1/clk_gate_b_m_reg_0/latch
             E       CK        0.3016    -     0.1215   -      -         i l
    khu_sensor_top/ads1292_filter/iir_notch/add_1/clk_gate_b_m_reg_0/latch
             E       CK          -     0.0165    -    0.0674   -         i l
    khu_sensor_top/ads1292_filter/iir_notch/add_1/clk_gate_z_s_reg/latch
             E       CK        0.3101    -     0.1294   -      -         i l
    khu_sensor_top/ads1292_filter/iir_notch/add_1/clk_gate_z_s_reg/latch
             E       CK          -     0.0103    -    0.0616   -         i l
    khu_sensor_top/ads1292_filter/iir_notch/add_1/clk_gate_o_Z_reg_0/latch
             E       CK        0.3191    -     0.1124   -      -         i l
    khu_sensor_top/ads1292_filter/iir_notch/add_1/clk_gate_o_Z_reg_0/latch
             E       CK          -     0.0090    -    0.0817   -         i l
    khu_sensor_top/ads1292_filter/iir_notch/add_1/clk_gate_z_reg_0/latch
             E       CK        0.2833    -     0.1044   -      -         i l
    khu_sensor_top/ads1292_filter/iir_notch/add_1/clk_gate_z_reg_0/latch
             E       CK          -     0.0300    -    0.0830   -         i l
    khu_sensor_top/ads1292_filter/iir_lpf/mult_2/clk_gate_b_reg/latch
             E       CK        0.2884    -     0.1010   -      -         i l
    khu_sensor_top/ads1292_filter/iir_lpf/mult_2/clk_gate_b_reg/latch
             E       CK          -     0.0219    -    0.0837   -         i l
    khu_sensor_top/ads1292_filter/iir_lpf/mult_2/clk_gate_a_e_reg/latch
             E       CK        0.3378    -     0.1762   -      -         i l
    khu_sensor_top/ads1292_filter/iir_lpf/mult_2/clk_gate_a_e_reg/latch
             E       CK          -     0.0196    -    0.0553   -         i l
    khu_sensor_top/ads1292_filter/iir_lpf/mult_2/clk_gate_z_e_reg_0/latch
             E       CK        0.3397    -     0.1358   -      -         i l
    khu_sensor_top/ads1292_filter/iir_lpf/mult_2/clk_gate_z_e_reg_0/latch
             E       CK          -     0.0176    -    0.0670   -         i l
    khu_sensor_top/ads1292_filter/iir_lpf/mult_2/clk_gate_sticky_reg/latch
             E       CK        0.3163    -     0.1323   -      -         i l
    khu_sensor_top/ads1292_filter/iir_lpf/mult_2/clk_gate_sticky_reg/latch
             E       CK          -     0.0287    -    0.0709   -         i l
    khu_sensor_top/ads1292_filter/iir_lpf/mult_2/clk_gate_b_s_reg/latch
             E       CK        0.3170    -     0.1397   -      -         i l
    khu_sensor_top/ads1292_filter/iir_lpf/mult_2/clk_gate_b_s_reg/latch
             E       CK          -     0.0191    -    0.0683   -         i l
    khu_sensor_top/ads1292_filter/iir_lpf/mult_2/clk_gate_b_e_reg/latch
             E       CK        0.2754    -     0.0958   -      -         i l
    khu_sensor_top/ads1292_filter/iir_lpf/mult_2/clk_gate_b_e_reg/latch
             E       CK          -     0.0320    -    0.0863   -         i l
    khu_sensor_top/ads1292_filter/iir_lpf/mult_2/clk_gate_o_Z_reg_0/latch
             E       CK        0.3310    -     0.1529   -      -         i l
    khu_sensor_top/ads1292_filter/iir_lpf/mult_2/clk_gate_o_Z_reg_0/latch
             E       CK          -     0.0050    -    0.0711   -         i l
    khu_sensor_top/ads1292_filter/iir_lpf/mult_2/clk_gate_z_reg_0/latch
             E       CK        0.2914    -     0.1159   -      -         i l
    khu_sensor_top/ads1292_filter/iir_lpf/mult_2/clk_gate_z_reg_0/latch
             E       CK          -     0.0288    -    0.0731   -         i l
    khu_sensor_top/ads1292_filter/iir_lpf/mult_2/clk_gate_z_s_reg/latch
             E       CK        0.3401    -     0.1309   -      -         i l
    khu_sensor_top/ads1292_filter/iir_lpf/mult_2/clk_gate_z_s_reg/latch
             E       CK          -     -0.0054   -    0.0731   -         i l
    khu_sensor_top/ads1292_filter/iir_lpf/mult_1/clk_gate_b_reg_0/latch
             E       CK        0.2863    -     0.0960   -      -         i l
    khu_sensor_top/ads1292_filter/iir_lpf/mult_1/clk_gate_b_reg_0/latch
             E       CK          -     0.0234    -    0.0853   -         i l
    khu_sensor_top/ads1292_filter/iir_lpf/mult_1/clk_gate_a_e_reg/latch
             E       CK        0.3089    -     0.1433   -      -         i l
    khu_sensor_top/ads1292_filter/iir_lpf/mult_1/clk_gate_a_e_reg/latch
             E       CK          -     0.0268    -    0.0759   -         i l
    khu_sensor_top/ads1292_filter/iir_lpf/mult_1/clk_gate_z_e_reg_0/latch
             E       CK        0.3307    -     0.1256   -      -         i l
    khu_sensor_top/ads1292_filter/iir_lpf/mult_1/clk_gate_z_e_reg_0/latch
             E       CK          -     0.0235    -    0.0762   -         i l
    khu_sensor_top/ads1292_filter/iir_lpf/mult_1/clk_gate_sticky_reg/latch
             E       CK        0.3110    -     0.1251   -      -         i l
    khu_sensor_top/ads1292_filter/iir_lpf/mult_1/clk_gate_sticky_reg/latch
             E       CK          -     0.0299    -    0.0754   -         i l
    khu_sensor_top/ads1292_filter/iir_lpf/mult_1/clk_gate_a_s_reg/latch
             E       CK        0.3216    -     0.1459   -      -         i l
    khu_sensor_top/ads1292_filter/iir_lpf/mult_1/clk_gate_a_s_reg/latch
             E       CK          -     0.0222    -    0.0722   -         i l
    khu_sensor_top/ads1292_filter/iir_lpf/mult_1/clk_gate_b_e_reg/latch
             E       CK        0.2758    -     0.0963   -      -         i l
    khu_sensor_top/ads1292_filter/iir_lpf/mult_1/clk_gate_b_e_reg/latch
             E       CK          -     0.0299    -    0.0840   -         i l
    khu_sensor_top/ads1292_filter/iir_lpf/mult_1/clk_gate_o_Z_reg_0/latch
             E       CK        0.3219    -     0.1246   -      -         i l
    khu_sensor_top/ads1292_filter/iir_lpf/mult_1/clk_gate_o_Z_reg_0/latch
             E       CK          -     0.0054    -    0.0794   -         i l
    khu_sensor_top/ads1292_filter/iir_lpf/mult_1/clk_gate_z_reg_0/latch
             E       CK        0.2954    -     0.1242   -      -         i l
    khu_sensor_top/ads1292_filter/iir_lpf/mult_1/clk_gate_z_reg_0/latch
             E       CK          -     0.0291    -    0.0727   -         i l
    khu_sensor_top/ads1292_filter/iir_lpf/mult_1/clk_gate_z_s_reg/latch
             E       CK        0.3628    -     0.1643   -      -         i l
    khu_sensor_top/ads1292_filter/iir_lpf/mult_1/clk_gate_z_s_reg/latch
             E       CK          -     0.0113    -    0.0472   -         i l
    khu_sensor_top/ads1292_filter/iir_lpf/add/clk_gate_b_reg/latch
             E       CK        0.3439    -     0.1677   -      -         i l
    khu_sensor_top/ads1292_filter/iir_lpf/add/clk_gate_b_reg/latch
             E       CK          -     -0.0026   -    0.0384   -         i l
    khu_sensor_top/ads1292_filter/iir_lpf/add/clk_gate_a_e_reg/latch
             E       CK        0.3123    -     0.1276   -      -         i l
    khu_sensor_top/ads1292_filter/iir_lpf/add/clk_gate_a_e_reg/latch
             E       CK          -     0.0258    -    0.0749   -         i l
    khu_sensor_top/ads1292_filter/iir_lpf/add/clk_gate_z_e_reg_0/latch
             E       CK        0.2790    -     0.1029   -      -         i l
    khu_sensor_top/ads1292_filter/iir_lpf/add/clk_gate_z_e_reg_0/latch
             E       CK          -     0.0301    -    0.0811   -         i l
    khu_sensor_top/ads1292_filter/iir_lpf/add/clk_gate_guard_reg/latch
             E       CK        0.2758    -     0.0984   -      -         i l
    khu_sensor_top/ads1292_filter/iir_lpf/add/clk_gate_guard_reg/latch
             E       CK          -     0.0301    -    0.0826   -         i l
    khu_sensor_top/ads1292_filter/iir_lpf/add/clk_gate_a_s_reg/latch
             E       CK        0.2936    -     0.1130   -      -         i l
    khu_sensor_top/ads1292_filter/iir_lpf/add/clk_gate_a_s_reg/latch
             E       CK          -     0.0208    -    0.0731   -         i l
    khu_sensor_top/ads1292_filter/iir_lpf/add/clk_gate_b_m_reg_0/latch
             E       CK        0.3006    -     0.1197   -      -         i l
    khu_sensor_top/ads1292_filter/iir_lpf/add/clk_gate_b_m_reg_0/latch
             E       CK          -     0.0183    -    0.0692   -         i l
    khu_sensor_top/ads1292_filter/iir_lpf/add/clk_gate_z_s_reg/latch
             E       CK        0.2997    -     0.1176   -      -         i l
    khu_sensor_top/ads1292_filter/iir_lpf/add/clk_gate_z_s_reg/latch
             E       CK          -     0.0148    -    0.0686   -         i l
    khu_sensor_top/ads1292_filter/iir_lpf/add/clk_gate_o_Z_reg_0/latch
             E       CK        0.3470    -     0.1329   -      -         i l
    khu_sensor_top/ads1292_filter/iir_lpf/add/clk_gate_o_Z_reg_0/latch
             E       CK          -     -0.0004   -    0.0667   -         i l
    khu_sensor_top/ads1292_filter/iir_lpf/add/clk_gate_z_reg_0/latch
             E       CK        0.2943    -     0.1291   -      -         i l
    khu_sensor_top/ads1292_filter/iir_lpf/add/clk_gate_z_reg_0/latch
             E       CK          -     0.0242    -    0.0646   -         i l
Disabled:
    None

Attr: 
i:auto inferred, p:power compiler inserted, l:library cell defined
1
 
****************************************
Report : clock_gating
        -structure
Design : khu_sensor_pad
Scenario(s): func1_wst
Version: N-2017.09
Date   : Thu Nov 19 19:28:22 2020
****************************************



                             Clock Gating Summary
          ------------------------------------------------------------
          |    Number of Clock gating elements    |        0         |
          |                                       |                  |
          |    Number of Gated registers          |     0 (0.00%)    |
          |                                       |                  |
          |    Number of Ungated registers        |  5229 (100.00%)  |
          |                                       |                  |
          |    Maximum number of stages           |        -         |
          |                                       |                  |
          |    Total number of registers          |     5229         |
          ------------------------------------------------------------



1
